{"/Users/wikiwoo/Desktop/AZSA-MFB/account-service/src/app.js": {"path":"/Users/wikiwoo/Desktop/AZSA-MFB/account-service/src/app.js","statementMap":{"0":{"start":{"line":1,"column":0},"end":{"line":1,"column":32}},"1":{"start":{"line":3,"column":16},"end":{"line":3,"column":34}},"2":{"start":{"line":5,"column":15},"end":{"line":5,"column":34}},"3":{"start":{"line":7,"column":22},"end":{"line":7,"column":71}},"4":{"start":{"line":8,"column":27},"end":{"line":8,"column":71}},"5":{"start":{"line":9,"column":21},"end":{"line":9,"column":69}},"6":{"start":{"line":11,"column":12},"end":{"line":11,"column":21}},"7":{"start":{"line":13,"column":0},"end":{"line":13,"column":28}},"8":{"start":{"line":15,"column":0},"end":{"line":15,"column":24}},"9":{"start":{"line":17,"column":0},"end":{"line":17,"column":48}},"10":{"start":{"line":22,"column":0},"end":{"line":22,"column":23}},"11":{"start":{"line":27,"column":0},"end":{"line":27,"column":16}},"12":{"start":{"line":32,"column":0},"end":{"line":32,"column":28}},"13":{"start":{"line":37,"column":0},"end":{"line":37,"column":22}},"14":{"start":{"line":39,"column":0},"end":{"line":39,"column":21}}},"fnMap":{},"branchMap":{},"s":{"0":0,"1":0,"2":0,"3":0,"4":0,"5":0,"6":0,"7":0,"8":0,"9":0,"10":0,"11":0,"12":0,"13":0,"14":0},"f":{},"b":{}}
,"/Users/wikiwoo/Desktop/AZSA-MFB/account-service/src/config/app.config.js": {"path":"/Users/wikiwoo/Desktop/AZSA-MFB/account-service/src/config/app.config.js","statementMap":{"0":{"start":{"line":1,"column":0},"end":{"line":1,"column":27}},"1":{"start":{"line":3,"column":17},"end":{"line":11,"column":1}},"2":{"start":{"line":13,"column":16},"end":{"line":15,"column":1}},"3":{"start":{"line":14,"column":13},"end":{"line":14,"column":30}},"4":{"start":{"line":17,"column":0},"end":{"line":32,"column":1}},"5":{"start":{"line":18,"column":4},"end":{"line":18,"column":22}},"6":{"start":{"line":20,"column":4},"end":{"line":20,"column":62}},"7":{"start":{"line":21,"column":4},"end":{"line":21,"column":41}},"8":{"start":{"line":22,"column":4},"end":{"line":22,"column":62}},"9":{"start":{"line":23,"column":4},"end":{"line":23,"column":22}},"10":{"start":{"line":25,"column":4},"end":{"line":27,"column":7}},"11":{"start":{"line":26,"column":8},"end":{"line":26,"column":63}},"12":{"start":{"line":29,"column":4},"end":{"line":29,"column":22}},"13":{"start":{"line":31,"column":4},"end":{"line":31,"column":20}},"14":{"start":{"line":34,"column":15},"end":{"line":61,"column":1}},"15":{"start":{"line":63,"column":0},"end":{"line":63,"column":24}}},"fnMap":{"0":{"name":"(anonymous_0)","decl":{"start":{"line":14,"column":4},"end":{"line":14,"column":5}},"loc":{"start":{"line":14,"column":13},"end":{"line":14,"column":30}},"line":14},"1":{"name":"(anonymous_1)","decl":{"start":{"line":25,"column":20},"end":{"line":25,"column":21}},"loc":{"start":{"line":25,"column":30},"end":{"line":27,"column":5}},"line":25}},"branchMap":{"0":{"loc":{"start":{"line":17,"column":0},"end":{"line":32,"column":1}},"type":"if","locations":[{"start":{"line":17,"column":0},"end":{"line":32,"column":1}},{"start":{},"end":{}}],"line":17},"1":{"loc":{"start":{"line":37,"column":13},"end":{"line":37,"column":51}},"type":"binary-expr","locations":[{"start":{"line":37,"column":13},"end":{"line":37,"column":40}},{"start":{"line":37,"column":44},"end":{"line":37,"column":51}}],"line":37},"2":{"loc":{"start":{"line":43,"column":15},"end":{"line":43,"column":50}},"type":"binary-expr","locations":[{"start":{"line":43,"column":15},"end":{"line":43,"column":37}},{"start":{"line":43,"column":41},"end":{"line":43,"column":50}}],"line":43},"3":{"loc":{"start":{"line":53,"column":14},"end":{"line":53,"column":64}},"type":"binary-expr","locations":[{"start":{"line":53,"column":14},"end":{"line":53,"column":42}},{"start":{"line":53,"column":46},"end":{"line":53,"column":64}}],"line":53}},"s":{"0":1,"1":1,"2":1,"3":7,"4":1,"5":0,"6":0,"7":0,"8":0,"9":0,"10":0,"11":0,"12":0,"13":0,"14":1,"15":1},"f":{"0":7,"1":0},"b":{"0":[0,1],"1":[1,0],"2":[1,0],"3":[1,0]},"_coverageSchema":"1a1c01bbd47fc00a2c39e90264f33305004495a9","hash":"c2a13270ead4ca9cb7a83e61e3fbf03838c78dcd"}
,"/Users/wikiwoo/Desktop/AZSA-MFB/account-service/src/config/database.config.js": {"path":"/Users/wikiwoo/Desktop/AZSA-MFB/account-service/src/config/database.config.js","statementMap":{"0":{"start":{"line":1,"column":17},"end":{"line":1,"column":36}},"1":{"start":{"line":3,"column":12},"end":{"line":3,"column":35}},"2":{"start":{"line":4,"column":15},"end":{"line":4,"column":41}},"3":{"start":{"line":6,"column":24},"end":{"line":17,"column":1}},"4":{"start":{"line":7,"column":4},"end":{"line":16,"column":5}},"5":{"start":{"line":8,"column":8},"end":{"line":10,"column":11}},"6":{"start":{"line":12,"column":8},"end":{"line":12,"column":61}},"7":{"start":{"line":14,"column":8},"end":{"line":14,"column":67}},"8":{"start":{"line":15,"column":8},"end":{"line":15,"column":24}},"9":{"start":{"line":19,"column":0},"end":{"line":21,"column":3}},"10":{"start":{"line":20,"column":4},"end":{"line":20,"column":51}},"11":{"start":{"line":23,"column":0},"end":{"line":25,"column":3}},"12":{"start":{"line":24,"column":4},"end":{"line":24,"column":41}},"13":{"start":{"line":27,"column":0},"end":{"line":29,"column":3}},"14":{"start":{"line":28,"column":4},"end":{"line":28,"column":53}},"15":{"start":{"line":31,"column":0},"end":{"line":33,"column":2}}},"fnMap":{"0":{"name":"(anonymous_0)","decl":{"start":{"line":6,"column":24},"end":{"line":6,"column":25}},"loc":{"start":{"line":6,"column":36},"end":{"line":17,"column":1}},"line":6},"1":{"name":"(anonymous_1)","decl":{"start":{"line":19,"column":36},"end":{"line":19,"column":37}},"loc":{"start":{"line":19,"column":42},"end":{"line":21,"column":1}},"line":19},"2":{"name":"(anonymous_2)","decl":{"start":{"line":23,"column":39},"end":{"line":23,"column":40}},"loc":{"start":{"line":23,"column":45},"end":{"line":25,"column":1}},"line":23},"3":{"name":"(anonymous_3)","decl":{"start":{"line":27,"column":32},"end":{"line":27,"column":33}},"loc":{"start":{"line":27,"column":43},"end":{"line":29,"column":1}},"line":27}},"branchMap":{},"s":{"0":0,"1":0,"2":0,"3":0,"4":0,"5":0,"6":0,"7":0,"8":0,"9":0,"10":0,"11":0,"12":0,"13":0,"14":0,"15":0},"f":{"0":0,"1":0,"2":0,"3":0},"b":{}}
,"/Users/wikiwoo/Desktop/AZSA-MFB/account-service/src/config/index.js": {"path":"/Users/wikiwoo/Desktop/AZSA-MFB/account-service/src/config/index.js","statementMap":{"0":{"start":{"line":1,"column":12},"end":{"line":1,"column":35}},"1":{"start":{"line":2,"column":15},"end":{"line":2,"column":41}},"2":{"start":{"line":3,"column":17},"end":{"line":3,"column":45}},"3":{"start":{"line":5,"column":0},"end":{"line":9,"column":2}}},"fnMap":{},"branchMap":{},"s":{"0":0,"1":0,"2":0,"3":0},"f":{},"b":{}}
,"/Users/wikiwoo/Desktop/AZSA-MFB/account-service/src/config/logger.config.js": {"path":"/Users/wikiwoo/Desktop/AZSA-MFB/account-service/src/config/logger.config.js","statementMap":{"0":{"start":{"line":1,"column":13},"end":{"line":1,"column":28}},"1":{"start":{"line":3,"column":15},"end":{"line":16,"column":2}},"2":{"start":{"line":18,"column":0},"end":{"line":18,"column":24}}},"fnMap":{},"branchMap":{"0":{"loc":{"start":{"line":4,"column":11},"end":{"line":4,"column":42}},"type":"binary-expr","locations":[{"start":{"line":4,"column":11},"end":{"line":4,"column":32}},{"start":{"line":4,"column":36},"end":{"line":4,"column":42}}],"line":4},"1":{"loc":{"start":{"line":6,"column":8},"end":{"line":15,"column":23}},"type":"cond-expr","locations":[{"start":{"line":7,"column":14},"end":{"line":14,"column":15}},{"start":{"line":15,"column":14},"end":{"line":15,"column":23}}],"line":6}},"s":{"0":0,"1":0,"2":0},"f":{},"b":{"0":[0,0],"1":[0,0]}}
,"/Users/wikiwoo/Desktop/AZSA-MFB/account-service/src/errors/api.error.js": {"path":"/Users/wikiwoo/Desktop/AZSA-MFB/account-service/src/errors/api.error.js","statementMap":{"0":{"start":{"line":15,"column":8},"end":{"line":15,"column":23}},"1":{"start":{"line":17,"column":8},"end":{"line":17,"column":42}},"2":{"start":{"line":19,"column":8},"end":{"line":19,"column":37}},"3":{"start":{"line":21,"column":8},"end":{"line":21,"column":35}},"4":{"start":{"line":23,"column":8},"end":{"line":23,"column":43}},"5":{"start":{"line":25,"column":8},"end":{"line":25,"column":31}},"6":{"start":{"line":27,"column":8},"end":{"line":27,"column":56}},"7":{"start":{"line":31,"column":0},"end":{"line":31,"column":26}}},"fnMap":{"0":{"name":"(anonymous_0)","decl":{"start":{"line":8,"column":4},"end":{"line":8,"column":5}},"loc":{"start":{"line":14,"column":7},"end":{"line":28,"column":5}},"line":14}},"branchMap":{"0":{"loc":{"start":{"line":9,"column":8},"end":{"line":9,"column":24}},"type":"default-arg","locations":[{"start":{"line":9,"column":21},"end":{"line":9,"column":24}}],"line":9},"1":{"loc":{"start":{"line":10,"column":8},"end":{"line":10,"column":42}},"type":"default-arg","locations":[{"start":{"line":10,"column":18},"end":{"line":10,"column":42}}],"line":10},"2":{"loc":{"start":{"line":11,"column":8},"end":{"line":11,"column":30}},"type":"default-arg","locations":[{"start":{"line":11,"column":20},"end":{"line":11,"column":30}}],"line":11},"3":{"loc":{"start":{"line":12,"column":8},"end":{"line":12,"column":28}},"type":"default-arg","locations":[{"start":{"line":12,"column":24},"end":{"line":12,"column":28}}],"line":12},"4":{"loc":{"start":{"line":13,"column":8},"end":{"line":13,"column":22}},"type":"default-arg","locations":[{"start":{"line":13,"column":18},"end":{"line":13,"column":22}}],"line":13}},"s":{"0":0,"1":0,"2":0,"3":0,"4":0,"5":0,"6":0,"7":0},"f":{"0":0},"b":{"0":[0],"1":[0],"2":[0],"3":[0],"4":[0]}}
,"/Users/wikiwoo/Desktop/AZSA-MFB/account-service/src/errors/index.js": {"path":"/Users/wikiwoo/Desktop/AZSA-MFB/account-service/src/errors/index.js","statementMap":{"0":{"start":{"line":1,"column":0},"end":{"line":15,"column":2}}},"fnMap":{},"branchMap":{},"s":{"0":0},"f":{},"b":{}}
,"/Users/wikiwoo/Desktop/AZSA-MFB/account-service/src/errors/classes/authentication.error.js": {"path":"/Users/wikiwoo/Desktop/AZSA-MFB/account-service/src/errors/classes/authentication.error.js","statementMap":{"0":{"start":{"line":1,"column":17},"end":{"line":1,"column":40}},"1":{"start":{"line":7,"column":8},"end":{"line":11,"column":11}},"2":{"start":{"line":15,"column":0},"end":{"line":15,"column":37}}},"fnMap":{"0":{"name":"(anonymous_0)","decl":{"start":{"line":4,"column":4},"end":{"line":4,"column":5}},"loc":{"start":{"line":6,"column":6},"end":{"line":12,"column":5}},"line":6}},"branchMap":{"0":{"loc":{"start":{"line":5,"column":8},"end":{"line":5,"column":42}},"type":"default-arg","locations":[{"start":{"line":5,"column":18},"end":{"line":5,"column":42}}],"line":5}},"s":{"0":0,"1":0,"2":0},"f":{"0":0},"b":{"0":[0]}}
,"/Users/wikiwoo/Desktop/AZSA-MFB/account-service/src/errors/classes/authorization.error.js": {"path":"/Users/wikiwoo/Desktop/AZSA-MFB/account-service/src/errors/classes/authorization.error.js","statementMap":{"0":{"start":{"line":1,"column":17},"end":{"line":1,"column":40}},"1":{"start":{"line":7,"column":8},"end":{"line":11,"column":11}},"2":{"start":{"line":15,"column":0},"end":{"line":15,"column":36}}},"fnMap":{"0":{"name":"(anonymous_0)","decl":{"start":{"line":4,"column":4},"end":{"line":4,"column":5}},"loc":{"start":{"line":6,"column":6},"end":{"line":12,"column":5}},"line":6}},"branchMap":{"0":{"loc":{"start":{"line":5,"column":8},"end":{"line":5,"column":34}},"type":"default-arg","locations":[{"start":{"line":5,"column":18},"end":{"line":5,"column":34}}],"line":5}},"s":{"0":0,"1":0,"2":0},"f":{"0":0},"b":{"0":[0]}}
,"/Users/wikiwoo/Desktop/AZSA-MFB/account-service/src/errors/classes/business-rule.error.js": {"path":"/Users/wikiwoo/Desktop/AZSA-MFB/account-service/src/errors/classes/business-rule.error.js","statementMap":{"0":{"start":{"line":1,"column":17},"end":{"line":1,"column":40}},"1":{"start":{"line":7,"column":8},"end":{"line":11,"column":11}},"2":{"start":{"line":15,"column":0},"end":{"line":15,"column":35}}},"fnMap":{"0":{"name":"(anonymous_0)","decl":{"start":{"line":4,"column":4},"end":{"line":4,"column":5}},"loc":{"start":{"line":6,"column":6},"end":{"line":12,"column":5}},"line":6}},"branchMap":{"0":{"loc":{"start":{"line":5,"column":8},"end":{"line":5,"column":43}},"type":"default-arg","locations":[{"start":{"line":5,"column":18},"end":{"line":5,"column":43}}],"line":5}},"s":{"0":0,"1":0,"2":0},"f":{"0":0},"b":{"0":[0]}}
,"/Users/wikiwoo/Desktop/AZSA-MFB/account-service/src/errors/classes/conflict.error.js": {"path":"/Users/wikiwoo/Desktop/AZSA-MFB/account-service/src/errors/classes/conflict.error.js","statementMap":{"0":{"start":{"line":1,"column":17},"end":{"line":1,"column":40}},"1":{"start":{"line":7,"column":8},"end":{"line":11,"column":11}},"2":{"start":{"line":15,"column":0},"end":{"line":15,"column":31}}},"fnMap":{"0":{"name":"(anonymous_0)","decl":{"start":{"line":4,"column":4},"end":{"line":4,"column":5}},"loc":{"start":{"line":6,"column":6},"end":{"line":12,"column":5}},"line":6}},"branchMap":{"0":{"loc":{"start":{"line":5,"column":8},"end":{"line":5,"column":44}},"type":"default-arg","locations":[{"start":{"line":5,"column":18},"end":{"line":5,"column":44}}],"line":5}},"s":{"0":0,"1":0,"2":0},"f":{"0":0},"b":{"0":[0]}}
,"/Users/wikiwoo/Desktop/AZSA-MFB/account-service/src/errors/classes/not-found.error.js": {"path":"/Users/wikiwoo/Desktop/AZSA-MFB/account-service/src/errors/classes/not-found.error.js","statementMap":{"0":{"start":{"line":1,"column":17},"end":{"line":1,"column":40}},"1":{"start":{"line":7,"column":8},"end":{"line":11,"column":11}},"2":{"start":{"line":15,"column":0},"end":{"line":15,"column":31}}},"fnMap":{"0":{"name":"(anonymous_0)","decl":{"start":{"line":4,"column":4},"end":{"line":4,"column":5}},"loc":{"start":{"line":6,"column":6},"end":{"line":12,"column":5}},"line":6}},"branchMap":{"0":{"loc":{"start":{"line":5,"column":8},"end":{"line":5,"column":39}},"type":"default-arg","locations":[{"start":{"line":5,"column":18},"end":{"line":5,"column":39}}],"line":5}},"s":{"0":0,"1":0,"2":0},"f":{"0":0},"b":{"0":[0]}}
,"/Users/wikiwoo/Desktop/AZSA-MFB/account-service/src/errors/classes/validation.error.js": {"path":"/Users/wikiwoo/Desktop/AZSA-MFB/account-service/src/errors/classes/validation.error.js","statementMap":{"0":{"start":{"line":1,"column":17},"end":{"line":1,"column":40}},"1":{"start":{"line":8,"column":8},"end":{"line":13,"column":11}},"2":{"start":{"line":17,"column":0},"end":{"line":17,"column":33}}},"fnMap":{"0":{"name":"(anonymous_0)","decl":{"start":{"line":4,"column":4},"end":{"line":4,"column":5}},"loc":{"start":{"line":7,"column":6},"end":{"line":14,"column":5}},"line":7}},"branchMap":{"0":{"loc":{"start":{"line":5,"column":8},"end":{"line":5,"column":38}},"type":"default-arg","locations":[{"start":{"line":5,"column":18},"end":{"line":5,"column":38}}],"line":5},"1":{"loc":{"start":{"line":6,"column":8},"end":{"line":6,"column":22}},"type":"default-arg","locations":[{"start":{"line":6,"column":18},"end":{"line":6,"column":22}}],"line":6}},"s":{"0":0,"1":0,"2":0},"f":{"0":0},"b":{"0":[0],"1":[0]}}
,"/Users/wikiwoo/Desktop/AZSA-MFB/account-service/src/integrations/fineract/accounts.api.js": {"path":"/Users/wikiwoo/Desktop/AZSA-MFB/account-service/src/integrations/fineract/accounts.api.js","statementMap":{"0":{"start":{"line":1,"column":15},"end":{"line":1,"column":43}},"1":{"start":{"line":11,"column":12},"end":{"line":11,"column":61}},"2":{"start":{"line":13,"column":8},"end":{"line":13,"column":29}},"3":{"start":{"line":22,"column":12},"end":{"line":22,"column":52}},"4":{"start":{"line":24,"column":8},"end":{"line":24,"column":29}},"5":{"start":{"line":29,"column":0},"end":{"line":29,"column":35}}},"fnMap":{"0":{"name":"(anonymous_0)","decl":{"start":{"line":8,"column":4},"end":{"line":8,"column":5}},"loc":{"start":{"line":8,"column":39},"end":{"line":14,"column":5}},"line":8},"1":{"name":"(anonymous_1)","decl":{"start":{"line":19,"column":4},"end":{"line":19,"column":5}},"loc":{"start":{"line":19,"column":30},"end":{"line":25,"column":5}},"line":19}},"branchMap":{},"s":{"0":0,"1":0,"2":0,"3":0,"4":0,"5":0},"f":{"0":0,"1":0},"b":{}}
,"/Users/wikiwoo/Desktop/AZSA-MFB/account-service/src/integrations/fineract/fineract.adapter.js": {"path":"/Users/wikiwoo/Desktop/AZSA-MFB/account-service/src/integrations/fineract/fineract.adapter.js","statementMap":{"0":{"start":{"line":1,"column":15},"end":{"line":1,"column":43}},"1":{"start":{"line":12,"column":12},"end":{"line":12,"column":53}},"2":{"start":{"line":15,"column":12},"end":{"line":15,"column":52}},"3":{"start":{"line":17,"column":8},"end":{"line":56,"column":10}},"4":{"start":{"line":62,"column":0},"end":{"line":62,"column":39}}},"fnMap":{"0":{"name":"(anonymous_0)","decl":{"start":{"line":9,"column":4},"end":{"line":9,"column":5}},"loc":{"start":{"line":9,"column":32},"end":{"line":58,"column":5}},"line":9}},"branchMap":{"0":{"loc":{"start":{"line":27,"column":17},"end":{"line":27,"column":56}},"type":"binary-expr","locations":[{"start":{"line":27,"column":17},"end":{"line":27,"column":43}},{"start":{"line":27,"column":47},"end":{"line":27,"column":56}}],"line":27},"1":{"loc":{"start":{"line":31,"column":16},"end":{"line":31,"column":47}},"type":"binary-expr","locations":[{"start":{"line":31,"column":16},"end":{"line":31,"column":38}},{"start":{"line":31,"column":42},"end":{"line":31,"column":47}}],"line":31},"2":{"loc":{"start":{"line":34,"column":16},"end":{"line":36,"column":32}},"type":"cond-expr","locations":[{"start":{"line":35,"column":22},"end":{"line":35,"column":30}},{"start":{"line":36,"column":22},"end":{"line":36,"column":32}}],"line":34},"3":{"loc":{"start":{"line":42,"column":16},"end":{"line":42,"column":43}},"type":"binary-expr","locations":[{"start":{"line":42,"column":16},"end":{"line":42,"column":35}},{"start":{"line":42,"column":39},"end":{"line":42,"column":43}}],"line":42}},"s":{"0":0,"1":0,"2":0,"3":0,"4":0},"f":{"0":0},"b":{"0":[0,0],"1":[0,0],"2":[0,0],"3":[0,0]}}
,"/Users/wikiwoo/Desktop/AZSA-MFB/account-service/src/integrations/fineract/fineract.client.js": {"path":"/Users/wikiwoo/Desktop/AZSA-MFB/account-service/src/integrations/fineract/fineract.client.js","statementMap":{"0":{"start":{"line":1,"column":14},"end":{"line":1,"column":30}},"1":{"start":{"line":3,"column":12},"end":{"line":3,"column":46}},"2":{"start":{"line":5,"column":15},"end":{"line":13,"column":2}},"3":{"start":{"line":21,"column":25},"end":{"line":23,"column":9}},"4":{"start":{"line":25,"column":8},"end":{"line":25,"column":20}},"5":{"start":{"line":32,"column":25},"end":{"line":34,"column":9}},"6":{"start":{"line":36,"column":8},"end":{"line":36,"column":20}},"7":{"start":{"line":40,"column":0},"end":{"line":40,"column":38}}},"fnMap":{"0":{"name":"(anonymous_0)","decl":{"start":{"line":20,"column":4},"end":{"line":20,"column":5}},"loc":{"start":{"line":20,"column":39},"end":{"line":26,"column":5}},"line":20},"1":{"name":"(anonymous_1)","decl":{"start":{"line":31,"column":4},"end":{"line":31,"column":5}},"loc":{"start":{"line":31,"column":30},"end":{"line":37,"column":5}},"line":31}},"branchMap":{},"s":{"0":0,"1":0,"2":0,"3":0,"4":0,"5":0,"6":0,"7":0},"f":{"0":0,"1":0},"b":{}}
,"/Users/wikiwoo/Desktop/AZSA-MFB/account-service/src/integrations/fineract/index.js": {"path":"/Users/wikiwoo/Desktop/AZSA-MFB/account-service/src/integrations/fineract/index.js","statementMap":{"0":{"start":{"line":1,"column":0},"end":{"line":4,"column":2}}},"fnMap":{},"branchMap":{},"s":{"0":0},"f":{},"b":{}}
,"/Users/wikiwoo/Desktop/AZSA-MFB/account-service/src/middleware/error-handler.middleware.js": {"path":"/Users/wikiwoo/Desktop/AZSA-MFB/account-service/src/middleware/error-handler.middleware.js","statementMap":{"0":{"start":{"line":1,"column":21},"end":{"line":1,"column":41}},"1":{"start":{"line":2,"column":24},"end":{"line":2,"column":44}},"2":{"start":{"line":4,"column":21},"end":{"line":43,"column":1}},"3":{"start":{"line":5,"column":16},"end":{"line":5,"column":19}},"4":{"start":{"line":7,"column":4},"end":{"line":24,"column":5}},"5":{"start":{"line":8,"column":8},"end":{"line":16,"column":10}},"6":{"start":{"line":18,"column":8},"end":{"line":23,"column":11}},"7":{"start":{"line":26,"column":21},"end":{"line":36,"column":5}},"8":{"start":{"line":38,"column":4},"end":{"line":40,"column":5}},"9":{"start":{"line":39,"column":8},"end":{"line":39,"column":41}},"10":{"start":{"line":42,"column":4},"end":{"line":42,"column":55}},"11":{"start":{"line":45,"column":0},"end":{"line":45,"column":30}}},"fnMap":{"0":{"name":"(anonymous_0)","decl":{"start":{"line":4,"column":21},"end":{"line":4,"column":22}},"loc":{"start":{"line":4,"column":46},"end":{"line":43,"column":1}},"line":4}},"branchMap":{"0":{"loc":{"start":{"line":7,"column":4},"end":{"line":24,"column":5}},"type":"if","locations":[{"start":{"line":7,"column":4},"end":{"line":24,"column":5}},{"start":{},"end":{}}],"line":7},"1":{"loc":{"start":{"line":38,"column":4},"end":{"line":40,"column":5}},"type":"if","locations":[{"start":{"line":38,"column":4},"end":{"line":40,"column":5}},{"start":{},"end":{}}],"line":38}},"s":{"0":0,"1":0,"2":0,"3":0,"4":0,"5":0,"6":0,"7":0,"8":0,"9":0,"10":0,"11":0},"f":{"0":0},"b":{"0":[0,0],"1":[0,0]}}
,"/Users/wikiwoo/Desktop/AZSA-MFB/account-service/src/middleware/not-found.middleware.js": {"path":"/Users/wikiwoo/Desktop/AZSA-MFB/account-service/src/middleware/not-found.middleware.js","statementMap":{"0":{"start":{"line":1,"column":26},"end":{"line":1,"column":46}},"1":{"start":{"line":3,"column":27},"end":{"line":9,"column":1}},"2":{"start":{"line":4,"column":4},"end":{"line":8,"column":6}},"3":{"start":{"line":11,"column":0},"end":{"line":11,"column":36}}},"fnMap":{"0":{"name":"(anonymous_0)","decl":{"start":{"line":3,"column":27},"end":{"line":3,"column":28}},"loc":{"start":{"line":3,"column":47},"end":{"line":9,"column":1}},"line":3}},"branchMap":{},"s":{"0":0,"1":0,"2":0,"3":0},"f":{"0":0},"b":{}}
,"/Users/wikiwoo/Desktop/AZSA-MFB/account-service/src/middleware/request-logger.middleware.js": {"path":"/Users/wikiwoo/Desktop/AZSA-MFB/account-service/src/middleware/request-logger.middleware.js","statementMap":{"0":{"start":{"line":1,"column":19},"end":{"line":1,"column":39}},"1":{"start":{"line":3,"column":22},"end":{"line":23,"column":1}},"2":{"start":{"line":4,"column":18},"end":{"line":4,"column":28}},"3":{"start":{"line":6,"column":4},"end":{"line":20,"column":7}},"4":{"start":{"line":7,"column":25},"end":{"line":7,"column":43}},"5":{"start":{"line":9,"column":8},"end":{"line":19,"column":10}},"6":{"start":{"line":22,"column":4},"end":{"line":22,"column":11}},"7":{"start":{"line":25,"column":0},"end":{"line":25,"column":31}}},"fnMap":{"0":{"name":"(anonymous_0)","decl":{"start":{"line":3,"column":22},"end":{"line":3,"column":23}},"loc":{"start":{"line":3,"column":42},"end":{"line":23,"column":1}},"line":3},"1":{"name":"(anonymous_1)","decl":{"start":{"line":6,"column":21},"end":{"line":6,"column":22}},"loc":{"start":{"line":6,"column":27},"end":{"line":20,"column":5}},"line":6}},"branchMap":{},"s":{"0":0,"1":0,"2":0,"3":0,"4":0,"5":0,"6":0,"7":0},"f":{"0":0,"1":0},"b":{}}
,"/Users/wikiwoo/Desktop/AZSA-MFB/account-service/src/middleware/validation.middleware.js": {"path":"/Users/wikiwoo/Desktop/AZSA-MFB/account-service/src/middleware/validation.middleware.js","statementMap":{"0":{"start":{"line":1,"column":29},"end":{"line":1,"column":57}},"1":{"start":{"line":3,"column":28},"end":{"line":3,"column":48}},"2":{"start":{"line":5,"column":17},"end":{"line":24,"column":1}},"3":{"start":{"line":6,"column":19},"end":{"line":6,"column":40}},"4":{"start":{"line":8,"column":4},"end":{"line":10,"column":5}},"5":{"start":{"line":9,"column":8},"end":{"line":9,"column":22}},"6":{"start":{"line":12,"column":28},"end":{"line":16,"column":7}},"7":{"start":{"line":12,"column":59},"end":{"line":16,"column":5}},"8":{"start":{"line":18,"column":4},"end":{"line":23,"column":6}},"9":{"start":{"line":26,"column":0},"end":{"line":26,"column":26}}},"fnMap":{"0":{"name":"(anonymous_0)","decl":{"start":{"line":5,"column":17},"end":{"line":5,"column":18}},"loc":{"start":{"line":5,"column":37},"end":{"line":24,"column":1}},"line":5},"1":{"name":"(anonymous_1)","decl":{"start":{"line":12,"column":47},"end":{"line":12,"column":48}},"loc":{"start":{"line":12,"column":59},"end":{"line":16,"column":5}},"line":12}},"branchMap":{"0":{"loc":{"start":{"line":8,"column":4},"end":{"line":10,"column":5}},"type":"if","locations":[{"start":{"line":8,"column":4},"end":{"line":10,"column":5}},{"start":{},"end":{}}],"line":8},"1":{"loc":{"start":{"line":13,"column":15},"end":{"line":13,"column":40}},"type":"binary-expr","locations":[{"start":{"line":13,"column":15},"end":{"line":13,"column":25}},{"start":{"line":13,"column":29},"end":{"line":13,"column":40}}],"line":13}},"s":{"0":0,"1":0,"2":0,"3":0,"4":0,"5":0,"6":0,"7":0,"8":0,"9":0},"f":{"0":0,"1":0},"b":{"0":[0,0],"1":[0,0]}}
,"/Users/wikiwoo/Desktop/AZSA-MFB/account-service/src/modules/accounts/account.controller.js": {"path":"/Users/wikiwoo/Desktop/AZSA-MFB/account-service/src/modules/accounts/account.controller.js","statementMap":{"0":{"start":{"line":1,"column":23},"end":{"line":1,"column":51}},"1":{"start":{"line":3,"column":20},"end":{"line":3,"column":59}},"2":{"start":{"line":8,"column":22},"end":{"line":18,"column":1}},"3":{"start":{"line":11,"column":8},"end":{"line":11,"column":52}},"4":{"start":{"line":13,"column":4},"end":{"line":16,"column":7}},"5":{"start":{"line":23,"column":24},"end":{"line":33,"column":1}},"6":{"start":{"line":26,"column":8},"end":{"line":26,"column":56}},"7":{"start":{"line":28,"column":4},"end":{"line":31,"column":7}},"8":{"start":{"line":38,"column":20},"end":{"line":50,"column":1}},"9":{"start":{"line":41,"column":8},"end":{"line":43,"column":9}},"10":{"start":{"line":45,"column":4},"end":{"line":48,"column":7}},"11":{"start":{"line":55,"column":27},"end":{"line":67,"column":1}},"12":{"start":{"line":58,"column":8},"end":{"line":60,"column":9}},"13":{"start":{"line":62,"column":4},"end":{"line":65,"column":7}},"14":{"start":{"line":72,"column":22},"end":{"line":84,"column":1}},"15":{"start":{"line":75,"column":8},"end":{"line":77,"column":9}},"16":{"start":{"line":79,"column":4},"end":{"line":82,"column":7}},"17":{"start":{"line":89,"column":31},"end":{"line":101,"column":1}},"18":{"start":{"line":92,"column":8},"end":{"line":94,"column":9}},"19":{"start":{"line":96,"column":4},"end":{"line":99,"column":7}},"20":{"start":{"line":105,"column":20},"end":{"line":117,"column":1}},"21":{"start":{"line":108,"column":8},"end":{"line":110,"column":9}},"22":{"start":{"line":112,"column":4},"end":{"line":115,"column":7}},"23":{"start":{"line":119,"column":0},"end":{"line":135,"column":2}}},"fnMap":{"0":{"name":"(anonymous_0)","decl":{"start":{"line":8,"column":22},"end":{"line":8,"column":23}},"loc":{"start":{"line":8,"column":42},"end":{"line":18,"column":1}},"line":8},"1":{"name":"(anonymous_1)","decl":{"start":{"line":23,"column":24},"end":{"line":23,"column":25}},"loc":{"start":{"line":23,"column":44},"end":{"line":33,"column":1}},"line":23},"2":{"name":"(anonymous_2)","decl":{"start":{"line":38,"column":20},"end":{"line":38,"column":21}},"loc":{"start":{"line":38,"column":40},"end":{"line":50,"column":1}},"line":38},"3":{"name":"(anonymous_3)","decl":{"start":{"line":55,"column":27},"end":{"line":55,"column":28}},"loc":{"start":{"line":55,"column":47},"end":{"line":67,"column":1}},"line":55},"4":{"name":"(anonymous_4)","decl":{"start":{"line":72,"column":22},"end":{"line":72,"column":23}},"loc":{"start":{"line":72,"column":42},"end":{"line":84,"column":1}},"line":72},"5":{"name":"(anonymous_5)","decl":{"start":{"line":89,"column":31},"end":{"line":89,"column":32}},"loc":{"start":{"line":89,"column":51},"end":{"line":101,"column":1}},"line":89},"6":{"name":"(anonymous_6)","decl":{"start":{"line":105,"column":20},"end":{"line":105,"column":21}},"loc":{"start":{"line":105,"column":40},"end":{"line":117,"column":1}},"line":105}},"branchMap":{},"s":{"0":0,"1":0,"2":0,"3":0,"4":0,"5":0,"6":0,"7":0,"8":0,"9":0,"10":0,"11":0,"12":0,"13":0,"14":0,"15":0,"16":0,"17":0,"18":0,"19":0,"20":0,"21":0,"22":0,"23":0},"f":{"0":0,"1":0,"2":0,"3":0,"4":0,"5":0,"6":0},"b":{}}
,"/Users/wikiwoo/Desktop/AZSA-MFB/account-service/src/modules/accounts/account.model.js": {"path":"/Users/wikiwoo/Desktop/AZSA-MFB/account-service/src/modules/accounts/account.model.js","statementMap":{"0":{"start":{"line":1,"column":17},"end":{"line":1,"column":36}},"1":{"start":{"line":3,"column":29},"end":{"line":121,"column":1}},"2":{"start":{"line":123,"column":0},"end":{"line":125,"column":59}}},"fnMap":{},"branchMap":{"0":{"loc":{"start":{"line":124,"column":4},"end":{"line":125,"column":58}},"type":"binary-expr","locations":[{"start":{"line":124,"column":4},"end":{"line":124,"column":34}},{"start":{"line":125,"column":4},"end":{"line":125,"column":58}}],"line":124}},"s":{"0":1,"1":1,"2":1},"f":{},"b":{"0":[1,1]},"_coverageSchema":"1a1c01bbd47fc00a2c39e90264f33305004495a9","hash":"2dea51c8dc3d885f8c79e548f441e5c64a30d2d4"}
,"/Users/wikiwoo/Desktop/AZSA-MFB/account-service/src/modules/accounts/account.repository.js": {"path":"/Users/wikiwoo/Desktop/AZSA-MFB/account-service/src/modules/accounts/account.repository.js","statementMap":{"0":{"start":{"line":1,"column":23},"end":{"line":1,"column":49}},"1":{"start":{"line":9,"column":8},"end":{"line":9,"column":43}},"2":{"start":{"line":16,"column":8},"end":{"line":18,"column":11}},"3":{"start":{"line":25,"column":8},"end":{"line":27,"column":11}},"4":{"start":{"line":34,"column":8},"end":{"line":36,"column":11}},"5":{"start":{"line":43,"column":8},"end":{"line":45,"column":11}},"6":{"start":{"line":52,"column":8},"end":{"line":54,"column":11}},"7":{"start":{"line":61,"column":8},"end":{"line":68,"column":10}},"8":{"start":{"line":78,"column":8},"end":{"line":87,"column":10}},"9":{"start":{"line":94,"column":8},"end":{"line":94,"column":52}},"10":{"start":{"line":101,"column":8},"end":{"line":103,"column":11}},"11":{"start":{"line":110,"column":8},"end":{"line":112,"column":11}},"12":{"start":{"line":119,"column":8},"end":{"line":121,"column":11}},"13":{"start":{"line":128,"column":8},"end":{"line":130,"column":11}},"14":{"start":{"line":134,"column":0},"end":{"line":134,"column":41}}},"fnMap":{"0":{"name":"(anonymous_0)","decl":{"start":{"line":8,"column":4},"end":{"line":8,"column":5}},"loc":{"start":{"line":8,"column":23},"end":{"line":10,"column":5}},"line":8},"1":{"name":"(anonymous_1)","decl":{"start":{"line":15,"column":4},"end":{"line":15,"column":5}},"loc":{"start":{"line":15,"column":45},"end":{"line":19,"column":5}},"line":15},"2":{"name":"(anonymous_2)","decl":{"start":{"line":24,"column":4},"end":{"line":24,"column":5}},"loc":{"start":{"line":24,"column":53},"end":{"line":28,"column":5}},"line":24},"3":{"name":"(anonymous_3)","decl":{"start":{"line":33,"column":4},"end":{"line":33,"column":5}},"loc":{"start":{"line":33,"column":35},"end":{"line":37,"column":5}},"line":33},"4":{"name":"(anonymous_4)","decl":{"start":{"line":42,"column":4},"end":{"line":42,"column":5}},"loc":{"start":{"line":42,"column":29},"end":{"line":46,"column":5}},"line":42},"5":{"name":"(anonymous_5)","decl":{"start":{"line":51,"column":4},"end":{"line":51,"column":5}},"loc":{"start":{"line":51,"column":41},"end":{"line":55,"column":5}},"line":51},"6":{"name":"(anonymous_6)","decl":{"start":{"line":60,"column":4},"end":{"line":60,"column":5}},"loc":{"start":{"line":60,"column":33},"end":{"line":69,"column":5}},"line":60},"7":{"name":"(anonymous_7)","decl":{"start":{"line":74,"column":4},"end":{"line":74,"column":5}},"loc":{"start":{"line":77,"column":6},"end":{"line":88,"column":5}},"line":77},"8":{"name":"(anonymous_8)","decl":{"start":{"line":93,"column":4},"end":{"line":93,"column":5}},"loc":{"start":{"line":93,"column":21},"end":{"line":95,"column":5}},"line":93},"9":{"name":"(anonymous_9)","decl":{"start":{"line":100,"column":4},"end":{"line":100,"column":5}},"loc":{"start":{"line":100,"column":47},"end":{"line":104,"column":5}},"line":100},"10":{"name":"(anonymous_10)","decl":{"start":{"line":109,"column":4},"end":{"line":109,"column":5}},"loc":{"start":{"line":109,"column":55},"end":{"line":113,"column":5}},"line":109},"11":{"name":"(anonymous_11)","decl":{"start":{"line":118,"column":4},"end":{"line":118,"column":5}},"loc":{"start":{"line":118,"column":31},"end":{"line":122,"column":5}},"line":118},"12":{"name":"(anonymous_12)","decl":{"start":{"line":127,"column":4},"end":{"line":127,"column":5}},"loc":{"start":{"line":127,"column":43},"end":{"line":131,"column":5}},"line":127}},"branchMap":{},"s":{"0":1,"1":0,"2":0,"3":0,"4":0,"5":0,"6":0,"7":0,"8":0,"9":0,"10":0,"11":0,"12":0,"13":0,"14":1},"f":{"0":0,"1":0,"2":0,"3":0,"4":0,"5":0,"6":0,"7":0,"8":0,"9":0,"10":0,"11":0,"12":0},"b":{},"_coverageSchema":"1a1c01bbd47fc00a2c39e90264f33305004495a9","hash":"a3f274ee8ad6bb241d438a09f9899b1b200ffc75"}
,"/Users/wikiwoo/Desktop/AZSA-MFB/account-service/src/modules/accounts/account.routes.js": {"path":"/Users/wikiwoo/Desktop/AZSA-MFB/account-service/src/modules/accounts/account.routes.js","statementMap":{"0":{"start":{"line":1,"column":16},"end":{"line":1,"column":34}},"1":{"start":{"line":3,"column":19},"end":{"line":3,"column":50}},"2":{"start":{"line":5,"column":17},"end":{"line":5,"column":66}},"3":{"start":{"line":12,"column":4},"end":{"line":12,"column":27}},"4":{"start":{"line":14,"column":15},"end":{"line":14,"column":31}},"5":{"start":{"line":25,"column":0},"end":{"line":30,"column":2}},"6":{"start":{"line":35,"column":0},"end":{"line":40,"column":2}},"7":{"start":{"line":51,"column":0},"end":{"line":56,"column":2}},"8":{"start":{"line":61,"column":0},"end":{"line":64,"column":2}},"9":{"start":{"line":69,"column":0},"end":{"line":72,"column":2}},"10":{"start":{"line":77,"column":0},"end":{"line":80,"column":2}},"11":{"start":{"line":85,"column":0},"end":{"line":90,"column":2}},"12":{"start":{"line":92,"column":0},"end":{"line":92,"column":24}}},"fnMap":{},"branchMap":{},"s":{"0":0,"1":0,"2":0,"3":0,"4":0,"5":0,"6":0,"7":0,"8":0,"9":0,"10":0,"11":0,"12":0},"f":{},"b":{}}
,"/Users/wikiwoo/Desktop/AZSA-MFB/account-service/src/modules/accounts/account.service.js": {"path":"/Users/wikiwoo/Desktop/AZSA-MFB/account-service/src/modules/accounts/account.service.js","statementMap":{"0":{"start":{"line":1,"column":26},"end":{"line":1,"column":57}},"1":{"start":{"line":6,"column":4},"end":{"line":6,"column":27}},"2":{"start":{"line":10,"column":4},"end":{"line":10,"column":42}},"3":{"start":{"line":20,"column":12},"end":{"line":22,"column":13}},"4":{"start":{"line":24,"column":8},"end":{"line":28,"column":9}},"5":{"start":{"line":25,"column":12},"end":{"line":27,"column":14}},"6":{"start":{"line":31,"column":12},"end":{"line":33,"column":13}},"7":{"start":{"line":35,"column":8},"end":{"line":39,"column":9}},"8":{"start":{"line":36,"column":12},"end":{"line":38,"column":14}},"9":{"start":{"line":41,"column":8},"end":{"line":41,"column":46}},"10":{"start":{"line":50,"column":12},"end":{"line":52,"column":13}},"11":{"start":{"line":54,"column":8},"end":{"line":58,"column":9}},"12":{"start":{"line":55,"column":12},"end":{"line":57,"column":14}},"13":{"start":{"line":60,"column":8},"end":{"line":60,"column":23}},"14":{"start":{"line":67,"column":8},"end":{"line":67,"column":58}},"15":{"start":{"line":78,"column":12},"end":{"line":80,"column":13}},"16":{"start":{"line":82,"column":8},"end":{"line":86,"column":9}},"17":{"start":{"line":83,"column":12},"end":{"line":85,"column":14}},"18":{"start":{"line":88,"column":8},"end":{"line":88,"column":23}},"19":{"start":{"line":97,"column":12},"end":{"line":99,"column":13}},"20":{"start":{"line":101,"column":8},"end":{"line":105,"column":9}},"21":{"start":{"line":102,"column":12},"end":{"line":104,"column":14}},"22":{"start":{"line":107,"column":8},"end":{"line":111,"column":10}},"23":{"start":{"line":119,"column":8},"end":{"line":121,"column":9}},"24":{"start":{"line":124,"column":8},"end":{"line":126,"column":9}},"25":{"start":{"line":128,"column":4},"end":{"line":132,"column":5}},"26":{"start":{"line":130,"column":8},"end":{"line":130,"column":49}},"27":{"start":{"line":134,"column":4},"end":{"line":137,"column":6}},"28":{"start":{"line":150,"column":12},"end":{"line":152,"column":13}},"29":{"start":{"line":154,"column":8},"end":{"line":158,"column":9}},"30":{"start":{"line":155,"column":12},"end":{"line":157,"column":14}},"31":{"start":{"line":161,"column":12},"end":{"line":162,"column":31}},"32":{"start":{"line":165,"column":12},"end":{"line":165,"column":47}},"33":{"start":{"line":167,"column":8},"end":{"line":169,"column":10}},"34":{"start":{"line":173,"column":0},"end":{"line":173,"column":38}}},"fnMap":{"0":{"name":"(anonymous_0)","decl":{"start":{"line":17,"column":4},"end":{"line":17,"column":5}},"loc":{"start":{"line":17,"column":30},"end":{"line":42,"column":5}},"line":17},"1":{"name":"(anonymous_1)","decl":{"start":{"line":47,"column":4},"end":{"line":47,"column":5}},"loc":{"start":{"line":47,"column":44},"end":{"line":61,"column":5}},"line":47},"2":{"name":"(anonymous_2)","decl":{"start":{"line":66,"column":4},"end":{"line":66,"column":5}},"loc":{"start":{"line":66,"column":34},"end":{"line":68,"column":5}},"line":66},"3":{"name":"(anonymous_3)","decl":{"start":{"line":73,"column":4},"end":{"line":73,"column":5}},"loc":{"start":{"line":75,"column":6},"end":{"line":89,"column":5}},"line":75},"4":{"name":"(anonymous_4)","decl":{"start":{"line":94,"column":4},"end":{"line":94,"column":5}},"loc":{"start":{"line":94,"column":37},"end":{"line":112,"column":5}},"line":94},"5":{"name":"(anonymous_5)","decl":{"start":{"line":116,"column":0},"end":{"line":116,"column":1}},"loc":{"start":{"line":116,"column":37},"end":{"line":139,"column":1}},"line":116},"6":{"name":"(anonymous_6)","decl":{"start":{"line":143,"column":4},"end":{"line":143,"column":5}},"loc":{"start":{"line":147,"column":7},"end":{"line":170,"column":5}},"line":147}},"branchMap":{"0":{"loc":{"start":{"line":24,"column":8},"end":{"line":28,"column":9}},"type":"if","locations":[{"start":{"line":24,"column":8},"end":{"line":28,"column":9}},{"start":{},"end":{}}],"line":24},"1":{"loc":{"start":{"line":35,"column":8},"end":{"line":39,"column":9}},"type":"if","locations":[{"start":{"line":35,"column":8},"end":{"line":39,"column":9}},{"start":{},"end":{}}],"line":35},"2":{"loc":{"start":{"line":54,"column":8},"end":{"line":58,"column":9}},"type":"if","locations":[{"start":{"line":54,"column":8},"end":{"line":58,"column":9}},{"start":{},"end":{}}],"line":54},"3":{"loc":{"start":{"line":82,"column":8},"end":{"line":86,"column":9}},"type":"if","locations":[{"start":{"line":82,"column":8},"end":{"line":86,"column":9}},{"start":{},"end":{}}],"line":82},"4":{"loc":{"start":{"line":101,"column":8},"end":{"line":105,"column":9}},"type":"if","locations":[{"start":{"line":101,"column":8},"end":{"line":105,"column":9}},{"start":{},"end":{}}],"line":101},"5":{"loc":{"start":{"line":128,"column":4},"end":{"line":132,"column":5}},"type":"if","locations":[{"start":{"line":128,"column":4},"end":{"line":132,"column":5}},{"start":{},"end":{}}],"line":128},"6":{"loc":{"start":{"line":154,"column":8},"end":{"line":158,"column":9}},"type":"if","locations":[{"start":{"line":154,"column":8},"end":{"line":158,"column":9}},{"start":{},"end":{}}],"line":154},"7":{"loc":{"start":{"line":168,"column":21},"end":{"line":168,"column":49}},"type":"binary-expr","locations":[{"start":{"line":168,"column":21},"end":{"line":168,"column":33}},{"start":{"line":168,"column":37},"end":{"line":168,"column":49}}],"line":168}},"s":{"0":0,"1":0,"2":0,"3":0,"4":0,"5":0,"6":0,"7":0,"8":0,"9":0,"10":0,"11":0,"12":0,"13":0,"14":0,"15":0,"16":0,"17":0,"18":0,"19":0,"20":0,"21":0,"22":0,"23":0,"24":0,"25":0,"26":0,"27":0,"28":0,"29":0,"30":0,"31":0,"32":0,"33":0,"34":0},"f":{"0":0,"1":0,"2":0,"3":0,"4":0,"5":0,"6":0},"b":{"0":[0,0],"1":[0,0],"2":[0,0],"3":[0,0],"4":[0,0],"5":[0,0],"6":[0,0],"7":[0,0]}}
,"/Users/wikiwoo/Desktop/AZSA-MFB/account-service/src/modules/accounts/index.js": {"path":"/Users/wikiwoo/Desktop/AZSA-MFB/account-service/src/modules/accounts/index.js","statementMap":{"0":{"start":{"line":1,"column":0},"end":{"line":1,"column":45}}},"fnMap":{},"branchMap":{},"s":{"0":0},"f":{},"b":{}}
,"/Users/wikiwoo/Desktop/AZSA-MFB/account-service/src/modules/accounts/validators/create-mapping.validator.js": {"path":"/Users/wikiwoo/Desktop/AZSA-MFB/account-service/src/modules/accounts/validators/create-mapping.validator.js","statementMap":{"0":{"start":{"line":5,"column":4},"end":{"line":5,"column":34}},"1":{"start":{"line":7,"column":0},"end":{"line":11,"column":2}}},"fnMap":{},"branchMap":{},"s":{"0":0,"1":0},"f":{},"b":{}}
,"/Users/wikiwoo/Desktop/AZSA-MFB/account-service/src/modules/accounts/validators/index.js": {"path":"/Users/wikiwoo/Desktop/AZSA-MFB/account-service/src/modules/accounts/validators/index.js","statementMap":{"0":{"start":{"line":1,"column":0},"end":{"line":15,"column":2}}},"fnMap":{},"branchMap":{},"s":{"0":0},"f":{},"b":{}}
,"/Users/wikiwoo/Desktop/AZSA-MFB/account-service/src/modules/accounts/validators/name-enquiry.validator.js": {"path":"/Users/wikiwoo/Desktop/AZSA-MFB/account-service/src/modules/accounts/validators/name-enquiry.validator.js","statementMap":{"0":{"start":{"line":1,"column":18},"end":{"line":1,"column":46}},"1":{"start":{"line":3,"column":0},"end":{"line":13,"column":2}}},"fnMap":{},"branchMap":{},"s":{"0":0,"1":0},"f":{},"b":{}}
,"/Users/wikiwoo/Desktop/AZSA-MFB/account-service/src/modules/accounts/validators/sync-account.validator.js": {"path":"/Users/wikiwoo/Desktop/AZSA-MFB/account-service/src/modules/accounts/validators/sync-account.validator.js","statementMap":{"0":{"start":{"line":3,"column":4},"end":{"line":3,"column":34}},"1":{"start":{"line":5,"column":0},"end":{"line":14,"column":2}}},"fnMap":{},"branchMap":{},"s":{"0":0,"1":0},"f":{},"b":{}}
,"/Users/wikiwoo/Desktop/AZSA-MFB/account-service/src/modules/accounts/validators/validate-account.validator.js": {"path":"/Users/wikiwoo/Desktop/AZSA-MFB/account-service/src/modules/accounts/validators/validate-account.validator.js","statementMap":{"0":{"start":{"line":5,"column":4},"end":{"line":5,"column":34}},"1":{"start":{"line":7,"column":0},"end":{"line":11,"column":2}}},"fnMap":{},"branchMap":{},"s":{"0":0,"1":0},"f":{},"b":{}}
,"/Users/wikiwoo/Desktop/AZSA-MFB/account-service/src/modules/health/health.controller.js": {"path":"/Users/wikiwoo/Desktop/AZSA-MFB/account-service/src/modules/health/health.controller.js","statementMap":{"0":{"start":{"line":1,"column":16},"end":{"line":1,"column":39}},"1":{"start":{"line":2,"column":20},"end":{"line":2,"column":59}},"2":{"start":{"line":4,"column":15},"end":{"line":13,"column":1}},"3":{"start":{"line":5,"column":4},"end":{"line":12,"column":7}},"4":{"start":{"line":15,"column":0},"end":{"line":17,"column":2}}},"fnMap":{"0":{"name":"(anonymous_0)","decl":{"start":{"line":4,"column":15},"end":{"line":4,"column":16}},"loc":{"start":{"line":4,"column":35},"end":{"line":13,"column":1}},"line":4}},"branchMap":{},"s":{"0":0,"1":0,"2":0,"3":0,"4":0},"f":{"0":0},"b":{}}
,"/Users/wikiwoo/Desktop/AZSA-MFB/account-service/src/modules/health/health.routes.js": {"path":"/Users/wikiwoo/Desktop/AZSA-MFB/account-service/src/modules/health/health.routes.js","statementMap":{"0":{"start":{"line":1,"column":16},"end":{"line":1,"column":34}},"1":{"start":{"line":3,"column":19},"end":{"line":3,"column":49}},"2":{"start":{"line":5,"column":15},"end":{"line":5,"column":31}},"3":{"start":{"line":7,"column":0},"end":{"line":7,"column":41}},"4":{"start":{"line":9,"column":0},"end":{"line":9,"column":24}}},"fnMap":{},"branchMap":{},"s":{"0":0,"1":0,"2":0,"3":0,"4":0},"f":{},"b":{}}
,"/Users/wikiwoo/Desktop/AZSA-MFB/account-service/src/modules/health/index.js": {"path":"/Users/wikiwoo/Desktop/AZSA-MFB/account-service/src/modules/health/index.js","statementMap":{"0":{"start":{"line":1,"column":15},"end":{"line":1,"column":41}},"1":{"start":{"line":3,"column":0},"end":{"line":3,"column":24}}},"fnMap":{},"branchMap":{},"s":{"0":0,"1":0},"f":{},"b":{}}
,"/Users/wikiwoo/Desktop/AZSA-MFB/account-service/src/responses/api.response.js": {"path":"/Users/wikiwoo/Desktop/AZSA-MFB/account-service/src/responses/api.response.js","statementMap":{"0":{"start":{"line":7,"column":16},"end":{"line":25,"column":1}},"1":{"start":{"line":16,"column":4},"end":{"line":24,"column":7}},"2":{"start":{"line":27,"column":16},"end":{"line":41,"column":1}},"3":{"start":{"line":35,"column":4},"end":{"line":40,"column":7}},"4":{"start":{"line":43,"column":18},"end":{"line":45,"column":1}},"5":{"start":{"line":44,"column":4},"end":{"line":44,"column":34}},"6":{"start":{"line":47,"column":0},"end":{"line":51,"column":2}}},"fnMap":{"0":{"name":"(anonymous_0)","decl":{"start":{"line":7,"column":16},"end":{"line":7,"column":17}},"loc":{"start":{"line":15,"column":5},"end":{"line":25,"column":1}},"line":15},"1":{"name":"(anonymous_1)","decl":{"start":{"line":27,"column":16},"end":{"line":27,"column":17}},"loc":{"start":{"line":34,"column":5},"end":{"line":41,"column":1}},"line":34},"2":{"name":"(anonymous_2)","decl":{"start":{"line":43,"column":18},"end":{"line":43,"column":19}},"loc":{"start":{"line":43,"column":27},"end":{"line":45,"column":1}},"line":43}},"branchMap":{"0":{"loc":{"start":{"line":9,"column":4},"end":{"line":14,"column":10}},"type":"default-arg","locations":[{"start":{"line":14,"column":8},"end":{"line":14,"column":10}}],"line":9},"1":{"loc":{"start":{"line":10,"column":8},"end":{"line":10,"column":24}},"type":"default-arg","locations":[{"start":{"line":10,"column":21},"end":{"line":10,"column":24}}],"line":10},"2":{"loc":{"start":{"line":11,"column":8},"end":{"line":11,"column":53}},"type":"default-arg","locations":[{"start":{"line":11,"column":18},"end":{"line":11,"column":53}}],"line":11},"3":{"loc":{"start":{"line":12,"column":8},"end":{"line":12,"column":19}},"type":"default-arg","locations":[{"start":{"line":12,"column":15},"end":{"line":12,"column":19}}],"line":12},"4":{"loc":{"start":{"line":13,"column":8},"end":{"line":13,"column":17}},"type":"default-arg","locations":[{"start":{"line":13,"column":15},"end":{"line":13,"column":17}}],"line":13},"5":{"loc":{"start":{"line":29,"column":4},"end":{"line":33,"column":10}},"type":"default-arg","locations":[{"start":{"line":33,"column":8},"end":{"line":33,"column":10}}],"line":29},"6":{"loc":{"start":{"line":30,"column":8},"end":{"line":30,"column":50}},"type":"default-arg","locations":[{"start":{"line":30,"column":18},"end":{"line":30,"column":50}}],"line":30},"7":{"loc":{"start":{"line":31,"column":8},"end":{"line":31,"column":19}},"type":"default-arg","locations":[{"start":{"line":31,"column":15},"end":{"line":31,"column":19}}],"line":31},"8":{"loc":{"start":{"line":32,"column":8},"end":{"line":32,"column":17}},"type":"default-arg","locations":[{"start":{"line":32,"column":15},"end":{"line":32,"column":17}}],"line":32}},"s":{"0":0,"1":0,"2":0,"3":0,"4":0,"5":0,"6":0},"f":{"0":0,"1":0,"2":0},"b":{"0":[0],"1":[0],"2":[0],"3":[0],"4":[0],"5":[0],"6":[0],"7":[0],"8":[0]}}
,"/Users/wikiwoo/Desktop/AZSA-MFB/account-service/src/validators/common.validators.js": {"path":"/Users/wikiwoo/Desktop/AZSA-MFB/account-service/src/validators/common.validators.js","statementMap":{"0":{"start":{"line":1,"column":31},"end":{"line":1,"column":59}},"1":{"start":{"line":7,"column":22},"end":{"line":15,"column":64}},"2":{"start":{"line":8,"column":4},"end":{"line":15,"column":64}},"3":{"start":{"line":17,"column":14},"end":{"line":24,"column":25}},"4":{"start":{"line":18,"column":4},"end":{"line":24,"column":25}},"5":{"start":{"line":26,"column":20},"end":{"line":32,"column":45}},"6":{"start":{"line":27,"column":4},"end":{"line":32,"column":45}},"7":{"start":{"line":34,"column":23},"end":{"line":38,"column":45}},"8":{"start":{"line":35,"column":4},"end":{"line":38,"column":45}},"9":{"start":{"line":40,"column":0},"end":{"line":48,"column":2}}},"fnMap":{"0":{"name":"(anonymous_0)","decl":{"start":{"line":7,"column":22},"end":{"line":7,"column":23}},"loc":{"start":{"line":8,"column":4},"end":{"line":15,"column":64}},"line":8},"1":{"name":"(anonymous_1)","decl":{"start":{"line":17,"column":14},"end":{"line":17,"column":15}},"loc":{"start":{"line":18,"column":4},"end":{"line":24,"column":25}},"line":18},"2":{"name":"(anonymous_2)","decl":{"start":{"line":26,"column":20},"end":{"line":26,"column":21}},"loc":{"start":{"line":27,"column":4},"end":{"line":32,"column":45}},"line":27},"3":{"name":"(anonymous_3)","decl":{"start":{"line":34,"column":23},"end":{"line":34,"column":24}},"loc":{"start":{"line":35,"column":4},"end":{"line":38,"column":45}},"line":35}},"branchMap":{"0":{"loc":{"start":{"line":7,"column":23},"end":{"line":7,"column":46}},"type":"default-arg","locations":[{"start":{"line":7,"column":31},"end":{"line":7,"column":46}}],"line":7},"1":{"loc":{"start":{"line":17,"column":15},"end":{"line":17,"column":30}},"type":"default-arg","locations":[{"start":{"line":17,"column":23},"end":{"line":17,"column":30}}],"line":17},"2":{"loc":{"start":{"line":26,"column":21},"end":{"line":26,"column":42}},"type":"default-arg","locations":[{"start":{"line":26,"column":29},"end":{"line":26,"column":42}}],"line":26}},"s":{"0":0,"1":0,"2":0,"3":0,"4":0,"5":0,"6":0,"7":0,"8":0,"9":0},"f":{"0":0,"1":0,"2":0,"3":0},"b":{"0":[0],"1":[0],"2":[0]}}
,"/Users/wikiwoo/Desktop/AZSA-MFB/account-service/src/validators/index.js": {"path":"/Users/wikiwoo/Desktop/AZSA-MFB/account-service/src/validators/index.js","statementMap":{"0":{"start":{"line":1,"column":0},"end":{"line":1,"column":48}}},"fnMap":{},"branchMap":{},"s":{"0":0},"f":{},"b":{}}
}
