{"/Users/wikiwoo/Desktop/AZSA-MFB/Internet-Banking-Platform/account-service/src/app.js": {"path":"/Users/wikiwoo/Desktop/AZSA-MFB/Internet-Banking-Platform/account-service/src/app.js","statementMap":{"0":{"start":{"line":1,"column":0},"end":{"line":1,"column":32}},"1":{"start":{"line":3,"column":16},"end":{"line":3,"column":34}},"2":{"start":{"line":5,"column":15},"end":{"line":5,"column":34}},"3":{"start":{"line":7,"column":22},"end":{"line":7,"column":71}},"4":{"start":{"line":8,"column":27},"end":{"line":8,"column":71}},"5":{"start":{"line":9,"column":21},"end":{"line":9,"column":69}},"6":{"start":{"line":11,"column":12},"end":{"line":11,"column":21}},"7":{"start":{"line":13,"column":0},"end":{"line":13,"column":28}},"8":{"start":{"line":15,"column":0},"end":{"line":15,"column":24}},"9":{"start":{"line":17,"column":0},"end":{"line":17,"column":48}},"10":{"start":{"line":22,"column":0},"end":{"line":22,"column":23}},"11":{"start":{"line":27,"column":0},"end":{"line":27,"column":16}},"12":{"start":{"line":32,"column":0},"end":{"line":32,"column":28}},"13":{"start":{"line":37,"column":0},"end":{"line":37,"column":22}},"14":{"start":{"line":39,"column":0},"end":{"line":39,"column":21}}},"fnMap":{},"branchMap":{},"s":{"0":0,"1":0,"2":0,"3":0,"4":0,"5":0,"6":0,"7":0,"8":0,"9":0,"10":0,"11":0,"12":0,"13":0,"14":0},"f":{},"b":{}}
,"/Users/wikiwoo/Desktop/AZSA-MFB/Internet-Banking-Platform/account-service/src/config/app.config.js": {"path":"/Users/wikiwoo/Desktop/AZSA-MFB/Internet-Banking-Platform/account-service/src/config/app.config.js","statementMap":{"0":{"start":{"line":1,"column":0},"end":{"line":1,"column":27}},"1":{"start":{"line":3,"column":17},"end":{"line":12,"column":1}},"2":{"start":{"line":14,"column":16},"end":{"line":16,"column":1}},"3":{"start":{"line":15,"column":13},"end":{"line":15,"column":30}},"4":{"start":{"line":18,"column":0},"end":{"line":38,"column":1}},"5":{"start":{"line":20,"column":4},"end":{"line":20,"column":22}},"6":{"start":{"line":22,"column":4},"end":{"line":22,"column":62}},"7":{"start":{"line":23,"column":4},"end":{"line":23,"column":41}},"8":{"start":{"line":24,"column":4},"end":{"line":24,"column":62}},"9":{"start":{"line":26,"column":4},"end":{"line":26,"column":22}},"10":{"start":{"line":28,"column":4},"end":{"line":32,"column":7}},"11":{"start":{"line":30,"column":8},"end":{"line":30,"column":63}},"12":{"start":{"line":34,"column":4},"end":{"line":34,"column":22}},"13":{"start":{"line":36,"column":4},"end":{"line":36,"column":20}},"14":{"start":{"line":40,"column":15},"end":{"line":79,"column":1}},"15":{"start":{"line":81,"column":0},"end":{"line":81,"column":24}}},"fnMap":{"0":{"name":"(anonymous_0)","decl":{"start":{"line":15,"column":4},"end":{"line":15,"column":5}},"loc":{"start":{"line":15,"column":13},"end":{"line":15,"column":30}},"line":15},"1":{"name":"(anonymous_1)","decl":{"start":{"line":28,"column":20},"end":{"line":28,"column":21}},"loc":{"start":{"line":28,"column":30},"end":{"line":32,"column":5}},"line":28}},"branchMap":{"0":{"loc":{"start":{"line":18,"column":0},"end":{"line":38,"column":1}},"type":"if","locations":[{"start":{"line":18,"column":0},"end":{"line":38,"column":1}},{"start":{},"end":{}}],"line":18},"1":{"loc":{"start":{"line":44,"column":13},"end":{"line":44,"column":51}},"type":"binary-expr","locations":[{"start":{"line":44,"column":13},"end":{"line":44,"column":40}},{"start":{"line":44,"column":44},"end":{"line":44,"column":51}}],"line":44},"2":{"loc":{"start":{"line":50,"column":15},"end":{"line":50,"column":50}},"type":"binary-expr","locations":[{"start":{"line":50,"column":15},"end":{"line":50,"column":37}},{"start":{"line":50,"column":41},"end":{"line":50,"column":50}}],"line":50}},"s":{"0":1,"1":1,"2":1,"3":8,"4":1,"5":0,"6":0,"7":0,"8":0,"9":0,"10":0,"11":0,"12":0,"13":0,"14":1,"15":1},"f":{"0":8,"1":0},"b":{"0":[0,1],"1":[1,0],"2":[1,0]},"_coverageSchema":"1a1c01bbd47fc00a2c39e90264f33305004495a9","hash":"7c103eeb9fc122c34814827292dbab67deb2b676"}
,"/Users/wikiwoo/Desktop/AZSA-MFB/Internet-Banking-Platform/account-service/src/config/database.config.js": {"path":"/Users/wikiwoo/Desktop/AZSA-MFB/Internet-Banking-Platform/account-service/src/config/database.config.js","statementMap":{"0":{"start":{"line":1,"column":17},"end":{"line":1,"column":36}},"1":{"start":{"line":3,"column":12},"end":{"line":3,"column":35}},"2":{"start":{"line":4,"column":15},"end":{"line":4,"column":41}},"3":{"start":{"line":6,"column":24},"end":{"line":17,"column":1}},"4":{"start":{"line":7,"column":4},"end":{"line":16,"column":5}},"5":{"start":{"line":8,"column":8},"end":{"line":10,"column":11}},"6":{"start":{"line":12,"column":8},"end":{"line":12,"column":61}},"7":{"start":{"line":14,"column":8},"end":{"line":14,"column":67}},"8":{"start":{"line":15,"column":8},"end":{"line":15,"column":24}},"9":{"start":{"line":19,"column":0},"end":{"line":21,"column":3}},"10":{"start":{"line":20,"column":4},"end":{"line":20,"column":51}},"11":{"start":{"line":23,"column":0},"end":{"line":25,"column":3}},"12":{"start":{"line":24,"column":4},"end":{"line":24,"column":41}},"13":{"start":{"line":27,"column":0},"end":{"line":29,"column":3}},"14":{"start":{"line":28,"column":4},"end":{"line":28,"column":53}},"15":{"start":{"line":31,"column":0},"end":{"line":33,"column":2}}},"fnMap":{"0":{"name":"(anonymous_0)","decl":{"start":{"line":6,"column":24},"end":{"line":6,"column":25}},"loc":{"start":{"line":6,"column":36},"end":{"line":17,"column":1}},"line":6},"1":{"name":"(anonymous_1)","decl":{"start":{"line":19,"column":36},"end":{"line":19,"column":37}},"loc":{"start":{"line":19,"column":42},"end":{"line":21,"column":1}},"line":19},"2":{"name":"(anonymous_2)","decl":{"start":{"line":23,"column":39},"end":{"line":23,"column":40}},"loc":{"start":{"line":23,"column":45},"end":{"line":25,"column":1}},"line":23},"3":{"name":"(anonymous_3)","decl":{"start":{"line":27,"column":32},"end":{"line":27,"column":33}},"loc":{"start":{"line":27,"column":43},"end":{"line":29,"column":1}},"line":27}},"branchMap":{},"s":{"0":0,"1":0,"2":0,"3":0,"4":0,"5":0,"6":0,"7":0,"8":0,"9":0,"10":0,"11":0,"12":0,"13":0,"14":0,"15":0},"f":{"0":0,"1":0,"2":0,"3":0},"b":{}}
,"/Users/wikiwoo/Desktop/AZSA-MFB/Internet-Banking-Platform/account-service/src/config/index.js": {"path":"/Users/wikiwoo/Desktop/AZSA-MFB/Internet-Banking-Platform/account-service/src/config/index.js","statementMap":{"0":{"start":{"line":1,"column":12},"end":{"line":1,"column":35}},"1":{"start":{"line":2,"column":15},"end":{"line":2,"column":41}},"2":{"start":{"line":3,"column":17},"end":{"line":3,"column":45}},"3":{"start":{"line":5,"column":0},"end":{"line":9,"column":2}}},"fnMap":{},"branchMap":{},"s":{"0":0,"1":0,"2":0,"3":0},"f":{},"b":{}}
,"/Users/wikiwoo/Desktop/AZSA-MFB/Internet-Banking-Platform/account-service/src/config/logger.config.js": {"path":"/Users/wikiwoo/Desktop/AZSA-MFB/Internet-Banking-Platform/account-service/src/config/logger.config.js","statementMap":{"0":{"start":{"line":1,"column":13},"end":{"line":1,"column":28}},"1":{"start":{"line":3,"column":15},"end":{"line":16,"column":2}},"2":{"start":{"line":18,"column":0},"end":{"line":18,"column":24}}},"fnMap":{},"branchMap":{"0":{"loc":{"start":{"line":4,"column":11},"end":{"line":4,"column":42}},"type":"binary-expr","locations":[{"start":{"line":4,"column":11},"end":{"line":4,"column":32}},{"start":{"line":4,"column":36},"end":{"line":4,"column":42}}],"line":4},"1":{"loc":{"start":{"line":6,"column":8},"end":{"line":15,"column":23}},"type":"cond-expr","locations":[{"start":{"line":7,"column":14},"end":{"line":14,"column":15}},{"start":{"line":15,"column":14},"end":{"line":15,"column":23}}],"line":6}},"s":{"0":0,"1":0,"2":0},"f":{},"b":{"0":[0,0],"1":[0,0]}}
,"/Users/wikiwoo/Desktop/AZSA-MFB/Internet-Banking-Platform/account-service/src/errors/api.error.js": {"path":"/Users/wikiwoo/Desktop/AZSA-MFB/Internet-Banking-Platform/account-service/src/errors/api.error.js","statementMap":{"0":{"start":{"line":15,"column":8},"end":{"line":15,"column":23}},"1":{"start":{"line":17,"column":8},"end":{"line":17,"column":42}},"2":{"start":{"line":19,"column":8},"end":{"line":19,"column":37}},"3":{"start":{"line":21,"column":8},"end":{"line":21,"column":35}},"4":{"start":{"line":23,"column":8},"end":{"line":23,"column":43}},"5":{"start":{"line":25,"column":8},"end":{"line":25,"column":31}},"6":{"start":{"line":27,"column":8},"end":{"line":27,"column":56}},"7":{"start":{"line":31,"column":0},"end":{"line":31,"column":26}}},"fnMap":{"0":{"name":"(anonymous_0)","decl":{"start":{"line":8,"column":4},"end":{"line":8,"column":5}},"loc":{"start":{"line":14,"column":7},"end":{"line":28,"column":5}},"line":14}},"branchMap":{"0":{"loc":{"start":{"line":9,"column":8},"end":{"line":9,"column":24}},"type":"default-arg","locations":[{"start":{"line":9,"column":21},"end":{"line":9,"column":24}}],"line":9},"1":{"loc":{"start":{"line":10,"column":8},"end":{"line":10,"column":42}},"type":"default-arg","locations":[{"start":{"line":10,"column":18},"end":{"line":10,"column":42}}],"line":10},"2":{"loc":{"start":{"line":11,"column":8},"end":{"line":11,"column":30}},"type":"default-arg","locations":[{"start":{"line":11,"column":20},"end":{"line":11,"column":30}}],"line":11},"3":{"loc":{"start":{"line":12,"column":8},"end":{"line":12,"column":28}},"type":"default-arg","locations":[{"start":{"line":12,"column":24},"end":{"line":12,"column":28}}],"line":12},"4":{"loc":{"start":{"line":13,"column":8},"end":{"line":13,"column":22}},"type":"default-arg","locations":[{"start":{"line":13,"column":18},"end":{"line":13,"column":22}}],"line":13}},"s":{"0":0,"1":0,"2":0,"3":0,"4":0,"5":0,"6":0,"7":0},"f":{"0":0},"b":{"0":[0],"1":[0],"2":[0],"3":[0],"4":[0]}}
,"/Users/wikiwoo/Desktop/AZSA-MFB/Internet-Banking-Platform/account-service/src/errors/index.js": {"path":"/Users/wikiwoo/Desktop/AZSA-MFB/Internet-Banking-Platform/account-service/src/errors/index.js","statementMap":{"0":{"start":{"line":1,"column":0},"end":{"line":15,"column":2}}},"fnMap":{},"branchMap":{},"s":{"0":0},"f":{},"b":{}}
,"/Users/wikiwoo/Desktop/AZSA-MFB/Internet-Banking-Platform/account-service/src/errors/classes/authentication.error.js": {"path":"/Users/wikiwoo/Desktop/AZSA-MFB/Internet-Banking-Platform/account-service/src/errors/classes/authentication.error.js","statementMap":{"0":{"start":{"line":1,"column":17},"end":{"line":1,"column":40}},"1":{"start":{"line":7,"column":8},"end":{"line":11,"column":11}},"2":{"start":{"line":15,"column":0},"end":{"line":15,"column":37}}},"fnMap":{"0":{"name":"(anonymous_0)","decl":{"start":{"line":4,"column":4},"end":{"line":4,"column":5}},"loc":{"start":{"line":6,"column":6},"end":{"line":12,"column":5}},"line":6}},"branchMap":{"0":{"loc":{"start":{"line":5,"column":8},"end":{"line":5,"column":42}},"type":"default-arg","locations":[{"start":{"line":5,"column":18},"end":{"line":5,"column":42}}],"line":5}},"s":{"0":0,"1":0,"2":0},"f":{"0":0},"b":{"0":[0]}}
,"/Users/wikiwoo/Desktop/AZSA-MFB/Internet-Banking-Platform/account-service/src/errors/classes/authorization.error.js": {"path":"/Users/wikiwoo/Desktop/AZSA-MFB/Internet-Banking-Platform/account-service/src/errors/classes/authorization.error.js","statementMap":{"0":{"start":{"line":1,"column":17},"end":{"line":1,"column":40}},"1":{"start":{"line":7,"column":8},"end":{"line":11,"column":11}},"2":{"start":{"line":15,"column":0},"end":{"line":15,"column":36}}},"fnMap":{"0":{"name":"(anonymous_0)","decl":{"start":{"line":4,"column":4},"end":{"line":4,"column":5}},"loc":{"start":{"line":6,"column":6},"end":{"line":12,"column":5}},"line":6}},"branchMap":{"0":{"loc":{"start":{"line":5,"column":8},"end":{"line":5,"column":34}},"type":"default-arg","locations":[{"start":{"line":5,"column":18},"end":{"line":5,"column":34}}],"line":5}},"s":{"0":0,"1":0,"2":0},"f":{"0":0},"b":{"0":[0]}}
,"/Users/wikiwoo/Desktop/AZSA-MFB/Internet-Banking-Platform/account-service/src/errors/classes/business-rule.error.js": {"path":"/Users/wikiwoo/Desktop/AZSA-MFB/Internet-Banking-Platform/account-service/src/errors/classes/business-rule.error.js","statementMap":{"0":{"start":{"line":1,"column":17},"end":{"line":1,"column":40}},"1":{"start":{"line":7,"column":8},"end":{"line":11,"column":11}},"2":{"start":{"line":15,"column":0},"end":{"line":15,"column":35}}},"fnMap":{"0":{"name":"(anonymous_0)","decl":{"start":{"line":4,"column":4},"end":{"line":4,"column":5}},"loc":{"start":{"line":6,"column":6},"end":{"line":12,"column":5}},"line":6}},"branchMap":{"0":{"loc":{"start":{"line":5,"column":8},"end":{"line":5,"column":43}},"type":"default-arg","locations":[{"start":{"line":5,"column":18},"end":{"line":5,"column":43}}],"line":5}},"s":{"0":0,"1":0,"2":0},"f":{"0":0},"b":{"0":[0]}}
,"/Users/wikiwoo/Desktop/AZSA-MFB/Internet-Banking-Platform/account-service/src/errors/classes/conflict.error.js": {"path":"/Users/wikiwoo/Desktop/AZSA-MFB/Internet-Banking-Platform/account-service/src/errors/classes/conflict.error.js","statementMap":{"0":{"start":{"line":1,"column":17},"end":{"line":1,"column":40}},"1":{"start":{"line":7,"column":8},"end":{"line":11,"column":11}},"2":{"start":{"line":15,"column":0},"end":{"line":15,"column":31}}},"fnMap":{"0":{"name":"(anonymous_0)","decl":{"start":{"line":4,"column":4},"end":{"line":4,"column":5}},"loc":{"start":{"line":6,"column":6},"end":{"line":12,"column":5}},"line":6}},"branchMap":{"0":{"loc":{"start":{"line":5,"column":8},"end":{"line":5,"column":44}},"type":"default-arg","locations":[{"start":{"line":5,"column":18},"end":{"line":5,"column":44}}],"line":5}},"s":{"0":0,"1":0,"2":0},"f":{"0":0},"b":{"0":[0]}}
,"/Users/wikiwoo/Desktop/AZSA-MFB/Internet-Banking-Platform/account-service/src/errors/classes/not-found.error.js": {"path":"/Users/wikiwoo/Desktop/AZSA-MFB/Internet-Banking-Platform/account-service/src/errors/classes/not-found.error.js","statementMap":{"0":{"start":{"line":1,"column":17},"end":{"line":1,"column":40}},"1":{"start":{"line":7,"column":8},"end":{"line":11,"column":11}},"2":{"start":{"line":15,"column":0},"end":{"line":15,"column":31}}},"fnMap":{"0":{"name":"(anonymous_0)","decl":{"start":{"line":4,"column":4},"end":{"line":4,"column":5}},"loc":{"start":{"line":6,"column":6},"end":{"line":12,"column":5}},"line":6}},"branchMap":{"0":{"loc":{"start":{"line":5,"column":8},"end":{"line":5,"column":39}},"type":"default-arg","locations":[{"start":{"line":5,"column":18},"end":{"line":5,"column":39}}],"line":5}},"s":{"0":0,"1":0,"2":0},"f":{"0":0},"b":{"0":[0]}}
,"/Users/wikiwoo/Desktop/AZSA-MFB/Internet-Banking-Platform/account-service/src/errors/classes/validation.error.js": {"path":"/Users/wikiwoo/Desktop/AZSA-MFB/Internet-Banking-Platform/account-service/src/errors/classes/validation.error.js","statementMap":{"0":{"start":{"line":1,"column":17},"end":{"line":1,"column":40}},"1":{"start":{"line":8,"column":8},"end":{"line":13,"column":11}},"2":{"start":{"line":17,"column":0},"end":{"line":17,"column":33}}},"fnMap":{"0":{"name":"(anonymous_0)","decl":{"start":{"line":4,"column":4},"end":{"line":4,"column":5}},"loc":{"start":{"line":7,"column":6},"end":{"line":14,"column":5}},"line":7}},"branchMap":{"0":{"loc":{"start":{"line":5,"column":8},"end":{"line":5,"column":38}},"type":"default-arg","locations":[{"start":{"line":5,"column":18},"end":{"line":5,"column":38}}],"line":5},"1":{"loc":{"start":{"line":6,"column":8},"end":{"line":6,"column":22}},"type":"default-arg","locations":[{"start":{"line":6,"column":18},"end":{"line":6,"column":22}}],"line":6}},"s":{"0":0,"1":0,"2":0},"f":{"0":0},"b":{"0":[0],"1":[0]}}
,"/Users/wikiwoo/Desktop/AZSA-MFB/Internet-Banking-Platform/account-service/src/integrations/account/index.js": {"path":"/Users/wikiwoo/Desktop/AZSA-MFB/Internet-Banking-Platform/account-service/src/integrations/account/index.js","statementMap":{"0":{"start":{"line":1,"column":0},"end":{"line":6,"column":2}}},"fnMap":{},"branchMap":{},"s":{"0":0},"f":{},"b":{}}
,"/Users/wikiwoo/Desktop/AZSA-MFB/Internet-Banking-Platform/account-service/src/integrations/fineract/accounts.api.js": {"path":"/Users/wikiwoo/Desktop/AZSA-MFB/Internet-Banking-Platform/account-service/src/integrations/fineract/accounts.api.js","statementMap":{"0":{"start":{"line":1,"column":15},"end":{"line":1,"column":43}},"1":{"start":{"line":11,"column":12},"end":{"line":11,"column":61}},"2":{"start":{"line":13,"column":8},"end":{"line":13,"column":29}},"3":{"start":{"line":22,"column":12},"end":{"line":22,"column":52}},"4":{"start":{"line":24,"column":8},"end":{"line":24,"column":29}},"5":{"start":{"line":29,"column":0},"end":{"line":29,"column":35}}},"fnMap":{"0":{"name":"(anonymous_0)","decl":{"start":{"line":8,"column":4},"end":{"line":8,"column":5}},"loc":{"start":{"line":8,"column":39},"end":{"line":14,"column":5}},"line":8},"1":{"name":"(anonymous_1)","decl":{"start":{"line":19,"column":4},"end":{"line":19,"column":5}},"loc":{"start":{"line":19,"column":30},"end":{"line":25,"column":5}},"line":19}},"branchMap":{},"s":{"0":0,"1":0,"2":0,"3":0,"4":0,"5":0},"f":{"0":0,"1":0},"b":{}}
,"/Users/wikiwoo/Desktop/AZSA-MFB/Internet-Banking-Platform/account-service/src/integrations/fineract/fineract.adapter.js": {"path":"/Users/wikiwoo/Desktop/AZSA-MFB/Internet-Banking-Platform/account-service/src/integrations/fineract/fineract.adapter.js","statementMap":{"0":{"start":{"line":1,"column":15},"end":{"line":1,"column":43}},"1":{"start":{"line":16,"column":12},"end":{"line":18,"column":13}},"2":{"start":{"line":21,"column":12},"end":{"line":23,"column":13}},"3":{"start":{"line":25,"column":8},"end":{"line":60,"column":10}},"4":{"start":{"line":66,"column":0},"end":{"line":66,"column":39}}},"fnMap":{"0":{"name":"(anonymous_0)","decl":{"start":{"line":13,"column":4},"end":{"line":13,"column":5}},"loc":{"start":{"line":13,"column":40},"end":{"line":62,"column":5}},"line":13}},"branchMap":{"0":{"loc":{"start":{"line":46,"column":16},"end":{"line":46,"column":43}},"type":"binary-expr","locations":[{"start":{"line":46,"column":16},"end":{"line":46,"column":35}},{"start":{"line":46,"column":39},"end":{"line":46,"column":43}}],"line":46},"1":{"loc":{"start":{"line":52,"column":16},"end":{"line":52,"column":41}},"type":"binary-expr","locations":[{"start":{"line":52,"column":16},"end":{"line":52,"column":33}},{"start":{"line":52,"column":37},"end":{"line":52,"column":41}}],"line":52},"2":{"loc":{"start":{"line":55,"column":16},"end":{"line":55,"column":45}},"type":"binary-expr","locations":[{"start":{"line":55,"column":16},"end":{"line":55,"column":37}},{"start":{"line":55,"column":41},"end":{"line":55,"column":45}}],"line":55}},"s":{"0":0,"1":0,"2":0,"3":0,"4":0},"f":{"0":0},"b":{"0":[0,0],"1":[0,0],"2":[0,0]}}
,"/Users/wikiwoo/Desktop/AZSA-MFB/Internet-Banking-Platform/account-service/src/integrations/fineract/fineract.client.js": {"path":"/Users/wikiwoo/Desktop/AZSA-MFB/Internet-Banking-Platform/account-service/src/integrations/fineract/fineract.client.js","statementMap":{"0":{"start":{"line":1,"column":14},"end":{"line":1,"column":30}},"1":{"start":{"line":2,"column":14},"end":{"line":2,"column":30}},"2":{"start":{"line":4,"column":12},"end":{"line":4,"column":46}},"3":{"start":{"line":9,"column":15},"end":{"line":36,"column":2}},"4":{"start":{"line":41,"column":0},"end":{"line":52,"column":3}},"5":{"start":{"line":43,"column":4},"end":{"line":43,"column":20}},"6":{"start":{"line":44,"column":4},"end":{"line":44,"column":60}},"7":{"start":{"line":45,"column":4},"end":{"line":45,"column":36}},"8":{"start":{"line":46,"column":4},"end":{"line":46,"column":60}},"9":{"start":{"line":47,"column":4},"end":{"line":47,"column":81}},"10":{"start":{"line":48,"column":4},"end":{"line":48,"column":20}},"11":{"start":{"line":50,"column":4},"end":{"line":50,"column":18}},"12":{"start":{"line":57,"column":0},"end":{"line":104,"column":2}},"13":{"start":{"line":61,"column":8},"end":{"line":61,"column":24}},"14":{"start":{"line":62,"column":8},"end":{"line":62,"column":64}},"15":{"start":{"line":63,"column":8},"end":{"line":63,"column":41}},"16":{"start":{"line":64,"column":8},"end":{"line":64,"column":64}},"17":{"start":{"line":65,"column":8},"end":{"line":65,"column":49}},"18":{"start":{"line":66,"column":8},"end":{"line":66,"column":24}},"19":{"start":{"line":68,"column":8},"end":{"line":68,"column":24}},"20":{"start":{"line":74,"column":8},"end":{"line":74,"column":24}},"21":{"start":{"line":75,"column":8},"end":{"line":75,"column":64}},"22":{"start":{"line":76,"column":8},"end":{"line":76,"column":38}},"23":{"start":{"line":77,"column":8},"end":{"line":77,"column":64}},"24":{"start":{"line":79,"column":8},"end":{"line":96,"column":9}},"25":{"start":{"line":81,"column":12},"end":{"line":81,"column":59}},"26":{"start":{"line":82,"column":12},"end":{"line":82,"column":34}},"27":{"start":{"line":83,"column":12},"end":{"line":83,"column":70}},"28":{"start":{"line":87,"column":12},"end":{"line":87,"column":52}},"29":{"start":{"line":88,"column":12},"end":{"line":88,"column":46}},"30":{"start":{"line":90,"column":12},"end":{"line":94,"column":13}},"31":{"start":{"line":92,"column":16},"end":{"line":92,"column":52}},"32":{"start":{"line":98,"column":8},"end":{"line":98,"column":24}},"33":{"start":{"line":100,"column":8},"end":{"line":100,"column":37}},"34":{"start":{"line":113,"column":21},"end":{"line":115,"column":5}},"35":{"start":{"line":117,"column":4},"end":{"line":117,"column":16}},"36":{"start":{"line":123,"column":21},"end":{"line":125,"column":5}},"37":{"start":{"line":127,"column":4},"end":{"line":127,"column":16}},"38":{"start":{"line":139,"column":21},"end":{"line":141,"column":5}},"39":{"start":{"line":143,"column":4},"end":{"line":143,"column":16}},"40":{"start":{"line":157,"column":21},"end":{"line":159,"column":5}},"41":{"start":{"line":161,"column":4},"end":{"line":161,"column":35}},"42":{"start":{"line":167,"column":0},"end":{"line":167,"column":38}}},"fnMap":{"0":{"name":"(anonymous_0)","decl":{"start":{"line":41,"column":32},"end":{"line":41,"column":33}},"loc":{"start":{"line":41,"column":44},"end":{"line":52,"column":1}},"line":41},"1":{"name":"(anonymous_1)","decl":{"start":{"line":59,"column":4},"end":{"line":59,"column":5}},"loc":{"start":{"line":59,"column":18},"end":{"line":70,"column":5}},"line":59},"2":{"name":"(anonymous_2)","decl":{"start":{"line":72,"column":4},"end":{"line":72,"column":5}},"loc":{"start":{"line":72,"column":15},"end":{"line":102,"column":5}},"line":72},"3":{"name":"(anonymous_3)","decl":{"start":{"line":111,"column":3},"end":{"line":111,"column":4}},"loc":{"start":{"line":111,"column":38},"end":{"line":119,"column":1}},"line":111},"4":{"name":"(anonymous_4)","decl":{"start":{"line":121,"column":0},"end":{"line":121,"column":1}},"loc":{"start":{"line":121,"column":26},"end":{"line":129,"column":1}},"line":121},"5":{"name":"(anonymous_5)","decl":{"start":{"line":137,"column":0},"end":{"line":137,"column":1}},"loc":{"start":{"line":137,"column":34},"end":{"line":145,"column":1}},"line":137},"6":{"name":"(anonymous_6)","decl":{"start":{"line":155,"column":0},"end":{"line":155,"column":1}},"loc":{"start":{"line":155,"column":40},"end":{"line":163,"column":1}},"line":155}},"branchMap":{"0":{"loc":{"start":{"line":79,"column":8},"end":{"line":96,"column":9}},"type":"if","locations":[{"start":{"line":79,"column":8},"end":{"line":96,"column":9}},{"start":{"line":85,"column":15},"end":{"line":96,"column":9}}],"line":79},"1":{"loc":{"start":{"line":90,"column":12},"end":{"line":94,"column":13}},"type":"if","locations":[{"start":{"line":90,"column":12},"end":{"line":94,"column":13}},{"start":{},"end":{}}],"line":90},"2":{"loc":{"start":{"line":161,"column":11},"end":{"line":161,"column":34}},"type":"binary-expr","locations":[{"start":{"line":161,"column":11},"end":{"line":161,"column":28}},{"start":{"line":161,"column":32},"end":{"line":161,"column":34}}],"line":161}},"s":{"0":0,"1":0,"2":0,"3":0,"4":0,"5":0,"6":0,"7":0,"8":0,"9":0,"10":0,"11":0,"12":0,"13":0,"14":0,"15":0,"16":0,"17":0,"18":0,"19":0,"20":0,"21":0,"22":0,"23":0,"24":0,"25":0,"26":0,"27":0,"28":0,"29":0,"30":0,"31":0,"32":0,"33":0,"34":0,"35":0,"36":0,"37":0,"38":0,"39":0,"40":0,"41":0,"42":0},"f":{"0":0,"1":0,"2":0,"3":0,"4":0,"5":0,"6":0},"b":{"0":[0,0],"1":[0,0],"2":[0,0]}}
,"/Users/wikiwoo/Desktop/AZSA-MFB/Internet-Banking-Platform/account-service/src/integrations/fineract/index.js": {"path":"/Users/wikiwoo/Desktop/AZSA-MFB/Internet-Banking-Platform/account-service/src/integrations/fineract/index.js","statementMap":{"0":{"start":{"line":1,"column":0},"end":{"line":4,"column":2}}},"fnMap":{},"branchMap":{},"s":{"0":0},"f":{},"b":{}}
,"/Users/wikiwoo/Desktop/AZSA-MFB/Internet-Banking-Platform/account-service/src/middleware/error-handler.middleware.js": {"path":"/Users/wikiwoo/Desktop/AZSA-MFB/Internet-Banking-Platform/account-service/src/middleware/error-handler.middleware.js","statementMap":{"0":{"start":{"line":1,"column":21},"end":{"line":1,"column":41}},"1":{"start":{"line":2,"column":24},"end":{"line":2,"column":44}},"2":{"start":{"line":4,"column":21},"end":{"line":43,"column":1}},"3":{"start":{"line":5,"column":16},"end":{"line":5,"column":19}},"4":{"start":{"line":7,"column":4},"end":{"line":24,"column":5}},"5":{"start":{"line":8,"column":8},"end":{"line":16,"column":10}},"6":{"start":{"line":18,"column":8},"end":{"line":23,"column":11}},"7":{"start":{"line":26,"column":21},"end":{"line":36,"column":5}},"8":{"start":{"line":38,"column":4},"end":{"line":40,"column":5}},"9":{"start":{"line":39,"column":8},"end":{"line":39,"column":41}},"10":{"start":{"line":42,"column":4},"end":{"line":42,"column":55}},"11":{"start":{"line":45,"column":0},"end":{"line":45,"column":30}}},"fnMap":{"0":{"name":"(anonymous_0)","decl":{"start":{"line":4,"column":21},"end":{"line":4,"column":22}},"loc":{"start":{"line":4,"column":46},"end":{"line":43,"column":1}},"line":4}},"branchMap":{"0":{"loc":{"start":{"line":7,"column":4},"end":{"line":24,"column":5}},"type":"if","locations":[{"start":{"line":7,"column":4},"end":{"line":24,"column":5}},{"start":{},"end":{}}],"line":7},"1":{"loc":{"start":{"line":38,"column":4},"end":{"line":40,"column":5}},"type":"if","locations":[{"start":{"line":38,"column":4},"end":{"line":40,"column":5}},{"start":{},"end":{}}],"line":38}},"s":{"0":0,"1":0,"2":0,"3":0,"4":0,"5":0,"6":0,"7":0,"8":0,"9":0,"10":0,"11":0},"f":{"0":0},"b":{"0":[0,0],"1":[0,0]}}
,"/Users/wikiwoo/Desktop/AZSA-MFB/Internet-Banking-Platform/account-service/src/middleware/not-found.middleware.js": {"path":"/Users/wikiwoo/Desktop/AZSA-MFB/Internet-Banking-Platform/account-service/src/middleware/not-found.middleware.js","statementMap":{"0":{"start":{"line":1,"column":26},"end":{"line":1,"column":46}},"1":{"start":{"line":3,"column":27},"end":{"line":9,"column":1}},"2":{"start":{"line":4,"column":4},"end":{"line":8,"column":6}},"3":{"start":{"line":11,"column":0},"end":{"line":11,"column":36}}},"fnMap":{"0":{"name":"(anonymous_0)","decl":{"start":{"line":3,"column":27},"end":{"line":3,"column":28}},"loc":{"start":{"line":3,"column":47},"end":{"line":9,"column":1}},"line":3}},"branchMap":{},"s":{"0":0,"1":0,"2":0,"3":0},"f":{"0":0},"b":{}}
,"/Users/wikiwoo/Desktop/AZSA-MFB/Internet-Banking-Platform/account-service/src/middleware/request-logger.middleware.js": {"path":"/Users/wikiwoo/Desktop/AZSA-MFB/Internet-Banking-Platform/account-service/src/middleware/request-logger.middleware.js","statementMap":{"0":{"start":{"line":1,"column":19},"end":{"line":1,"column":39}},"1":{"start":{"line":3,"column":22},"end":{"line":23,"column":1}},"2":{"start":{"line":4,"column":18},"end":{"line":4,"column":28}},"3":{"start":{"line":6,"column":4},"end":{"line":20,"column":7}},"4":{"start":{"line":7,"column":25},"end":{"line":7,"column":43}},"5":{"start":{"line":9,"column":8},"end":{"line":19,"column":10}},"6":{"start":{"line":22,"column":4},"end":{"line":22,"column":11}},"7":{"start":{"line":25,"column":0},"end":{"line":25,"column":31}}},"fnMap":{"0":{"name":"(anonymous_0)","decl":{"start":{"line":3,"column":22},"end":{"line":3,"column":23}},"loc":{"start":{"line":3,"column":42},"end":{"line":23,"column":1}},"line":3},"1":{"name":"(anonymous_1)","decl":{"start":{"line":6,"column":21},"end":{"line":6,"column":22}},"loc":{"start":{"line":6,"column":27},"end":{"line":20,"column":5}},"line":6}},"branchMap":{},"s":{"0":0,"1":0,"2":0,"3":0,"4":0,"5":0,"6":0,"7":0},"f":{"0":0,"1":0},"b":{}}
,"/Users/wikiwoo/Desktop/AZSA-MFB/Internet-Banking-Platform/account-service/src/middleware/validation.middleware.js": {"path":"/Users/wikiwoo/Desktop/AZSA-MFB/Internet-Banking-Platform/account-service/src/middleware/validation.middleware.js","statementMap":{"0":{"start":{"line":1,"column":29},"end":{"line":1,"column":57}},"1":{"start":{"line":3,"column":28},"end":{"line":3,"column":48}},"2":{"start":{"line":5,"column":17},"end":{"line":24,"column":1}},"3":{"start":{"line":6,"column":19},"end":{"line":6,"column":40}},"4":{"start":{"line":8,"column":4},"end":{"line":10,"column":5}},"5":{"start":{"line":9,"column":8},"end":{"line":9,"column":22}},"6":{"start":{"line":12,"column":28},"end":{"line":16,"column":7}},"7":{"start":{"line":12,"column":59},"end":{"line":16,"column":5}},"8":{"start":{"line":18,"column":4},"end":{"line":23,"column":6}},"9":{"start":{"line":26,"column":0},"end":{"line":26,"column":26}}},"fnMap":{"0":{"name":"(anonymous_0)","decl":{"start":{"line":5,"column":17},"end":{"line":5,"column":18}},"loc":{"start":{"line":5,"column":37},"end":{"line":24,"column":1}},"line":5},"1":{"name":"(anonymous_1)","decl":{"start":{"line":12,"column":47},"end":{"line":12,"column":48}},"loc":{"start":{"line":12,"column":59},"end":{"line":16,"column":5}},"line":12}},"branchMap":{"0":{"loc":{"start":{"line":8,"column":4},"end":{"line":10,"column":5}},"type":"if","locations":[{"start":{"line":8,"column":4},"end":{"line":10,"column":5}},{"start":{},"end":{}}],"line":8},"1":{"loc":{"start":{"line":13,"column":15},"end":{"line":13,"column":40}},"type":"binary-expr","locations":[{"start":{"line":13,"column":15},"end":{"line":13,"column":25}},{"start":{"line":13,"column":29},"end":{"line":13,"column":40}}],"line":13}},"s":{"0":0,"1":0,"2":0,"3":0,"4":0,"5":0,"6":0,"7":0,"8":0,"9":0},"f":{"0":0,"1":0},"b":{"0":[0,0],"1":[0,0]}}
,"/Users/wikiwoo/Desktop/AZSA-MFB/Internet-Banking-Platform/account-service/src/modules/accounts/account-number.generator.js": {"path":"/Users/wikiwoo/Desktop/AZSA-MFB/Internet-Banking-Platform/account-service/src/modules/accounts/account-number.generator.js","statementMap":{"0":{"start":{"line":1,"column":19},"end":{"line":1,"column":50}},"1":{"start":{"line":17,"column":8},"end":{"line":34,"column":9}},"2":{"start":{"line":20,"column":16},"end":{"line":23,"column":17}},"3":{"start":{"line":26,"column":16},"end":{"line":28,"column":17}},"4":{"start":{"line":30,"column":12},"end":{"line":32,"column":13}},"5":{"start":{"line":31,"column":16},"end":{"line":31,"column":37}},"6":{"start":{"line":40,"column":0},"end":{"line":40,"column":46}}},"fnMap":{"0":{"name":"(anonymous_0)","decl":{"start":{"line":15,"column":4},"end":{"line":15,"column":5}},"loc":{"start":{"line":15,"column":21},"end":{"line":36,"column":5}},"line":15}},"branchMap":{"0":{"loc":{"start":{"line":30,"column":12},"end":{"line":32,"column":13}},"type":"if","locations":[{"start":{"line":30,"column":12},"end":{"line":32,"column":13}},{"start":{},"end":{}}],"line":30}},"s":{"0":0,"1":0,"2":0,"3":0,"4":0,"5":0,"6":0},"f":{"0":0},"b":{"0":[0,0]}}
,"/Users/wikiwoo/Desktop/AZSA-MFB/Internet-Banking-Platform/account-service/src/modules/accounts/account.controller.js": {"path":"/Users/wikiwoo/Desktop/AZSA-MFB/Internet-Banking-Platform/account-service/src/modules/accounts/account.controller.js","statementMap":{"0":{"start":{"line":1,"column":23},"end":{"line":1,"column":51}},"1":{"start":{"line":3,"column":20},"end":{"line":3,"column":59}},"2":{"start":{"line":8,"column":22},"end":{"line":18,"column":1}},"3":{"start":{"line":11,"column":8},"end":{"line":11,"column":52}},"4":{"start":{"line":13,"column":4},"end":{"line":16,"column":7}},"5":{"start":{"line":23,"column":24},"end":{"line":33,"column":1}},"6":{"start":{"line":26,"column":8},"end":{"line":26,"column":56}},"7":{"start":{"line":28,"column":4},"end":{"line":31,"column":7}},"8":{"start":{"line":38,"column":20},"end":{"line":50,"column":1}},"9":{"start":{"line":41,"column":8},"end":{"line":43,"column":9}},"10":{"start":{"line":45,"column":4},"end":{"line":48,"column":7}},"11":{"start":{"line":55,"column":27},"end":{"line":67,"column":1}},"12":{"start":{"line":58,"column":8},"end":{"line":60,"column":9}},"13":{"start":{"line":62,"column":4},"end":{"line":65,"column":7}},"14":{"start":{"line":72,"column":22},"end":{"line":84,"column":1}},"15":{"start":{"line":75,"column":8},"end":{"line":77,"column":9}},"16":{"start":{"line":79,"column":4},"end":{"line":82,"column":7}},"17":{"start":{"line":89,"column":31},"end":{"line":101,"column":1}},"18":{"start":{"line":92,"column":8},"end":{"line":94,"column":9}},"19":{"start":{"line":96,"column":4},"end":{"line":99,"column":7}},"20":{"start":{"line":105,"column":20},"end":{"line":117,"column":1}},"21":{"start":{"line":108,"column":8},"end":{"line":110,"column":9}},"22":{"start":{"line":112,"column":4},"end":{"line":115,"column":7}},"23":{"start":{"line":119,"column":0},"end":{"line":135,"column":2}}},"fnMap":{"0":{"name":"(anonymous_0)","decl":{"start":{"line":8,"column":22},"end":{"line":8,"column":23}},"loc":{"start":{"line":8,"column":42},"end":{"line":18,"column":1}},"line":8},"1":{"name":"(anonymous_1)","decl":{"start":{"line":23,"column":24},"end":{"line":23,"column":25}},"loc":{"start":{"line":23,"column":44},"end":{"line":33,"column":1}},"line":23},"2":{"name":"(anonymous_2)","decl":{"start":{"line":38,"column":20},"end":{"line":38,"column":21}},"loc":{"start":{"line":38,"column":40},"end":{"line":50,"column":1}},"line":38},"3":{"name":"(anonymous_3)","decl":{"start":{"line":55,"column":27},"end":{"line":55,"column":28}},"loc":{"start":{"line":55,"column":47},"end":{"line":67,"column":1}},"line":55},"4":{"name":"(anonymous_4)","decl":{"start":{"line":72,"column":22},"end":{"line":72,"column":23}},"loc":{"start":{"line":72,"column":42},"end":{"line":84,"column":1}},"line":72},"5":{"name":"(anonymous_5)","decl":{"start":{"line":89,"column":31},"end":{"line":89,"column":32}},"loc":{"start":{"line":89,"column":51},"end":{"line":101,"column":1}},"line":89},"6":{"name":"(anonymous_6)","decl":{"start":{"line":105,"column":20},"end":{"line":105,"column":21}},"loc":{"start":{"line":105,"column":40},"end":{"line":117,"column":1}},"line":105}},"branchMap":{},"s":{"0":0,"1":0,"2":0,"3":0,"4":0,"5":0,"6":0,"7":0,"8":0,"9":0,"10":0,"11":0,"12":0,"13":0,"14":0,"15":0,"16":0,"17":0,"18":0,"19":0,"20":0,"21":0,"22":0,"23":0},"f":{"0":0,"1":0,"2":0,"3":0,"4":0,"5":0,"6":0},"b":{}}
,"/Users/wikiwoo/Desktop/AZSA-MFB/Internet-Banking-Platform/account-service/src/modules/accounts/account.model.js": {"path":"/Users/wikiwoo/Desktop/AZSA-MFB/Internet-Banking-Platform/account-service/src/modules/accounts/account.model.js","statementMap":{"0":{"start":{"line":1,"column":17},"end":{"line":1,"column":36}},"1":{"start":{"line":3,"column":22},"end":{"line":100,"column":1}},"2":{"start":{"line":102,"column":0},"end":{"line":106,"column":6}}},"fnMap":{},"branchMap":{},"s":{"0":1,"1":1,"2":1},"f":{},"b":{},"_coverageSchema":"1a1c01bbd47fc00a2c39e90264f33305004495a9","hash":"2d01fc028a690b8102e79417a7a9b26f2c3e9ee3"}
,"/Users/wikiwoo/Desktop/AZSA-MFB/Internet-Banking-Platform/account-service/src/modules/accounts/account.repository.js": {"path":"/Users/wikiwoo/Desktop/AZSA-MFB/Internet-Banking-Platform/account-service/src/modules/accounts/account.repository.js","statementMap":{"0":{"start":{"line":1,"column":23},"end":{"line":1,"column":49}},"1":{"start":{"line":10,"column":8},"end":{"line":10,"column":43}},"2":{"start":{"line":19,"column":8},"end":{"line":21,"column":11}},"3":{"start":{"line":30,"column":8},"end":{"line":32,"column":11}},"4":{"start":{"line":41,"column":8},"end":{"line":43,"column":11}},"5":{"start":{"line":52,"column":8},"end":{"line":54,"column":11}},"6":{"start":{"line":63,"column":8},"end":{"line":65,"column":11}},"7":{"start":{"line":74,"column":8},"end":{"line":76,"column":11}},"8":{"start":{"line":85,"column":8},"end":{"line":88,"column":15}},"9":{"start":{"line":97,"column":8},"end":{"line":108,"column":10}},"10":{"start":{"line":120,"column":8},"end":{"line":133,"column":10}},"11":{"start":{"line":142,"column":8},"end":{"line":142,"column":52}},"12":{"start":{"line":153,"column":8},"end":{"line":157,"column":11}},"13":{"start":{"line":166,"column":8},"end":{"line":170,"column":11}},"14":{"start":{"line":181,"column":8},"end":{"line":185,"column":11}},"15":{"start":{"line":196,"column":8},"end":{"line":200,"column":11}},"16":{"start":{"line":209,"column":8},"end":{"line":213,"column":11}},"17":{"start":{"line":222,"column":8},"end":{"line":226,"column":11}},"18":{"start":{"line":235,"column":8},"end":{"line":235,"column":47}},"19":{"start":{"line":241,"column":0},"end":{"line":241,"column":41}}},"fnMap":{"0":{"name":"(anonymous_0)","decl":{"start":{"line":8,"column":4},"end":{"line":8,"column":5}},"loc":{"start":{"line":8,"column":23},"end":{"line":12,"column":5}},"line":8},"1":{"name":"(anonymous_1)","decl":{"start":{"line":17,"column":4},"end":{"line":17,"column":5}},"loc":{"start":{"line":17,"column":45},"end":{"line":23,"column":5}},"line":17},"2":{"name":"(anonymous_2)","decl":{"start":{"line":28,"column":4},"end":{"line":28,"column":5}},"loc":{"start":{"line":28,"column":53},"end":{"line":34,"column":5}},"line":28},"3":{"name":"(anonymous_3)","decl":{"start":{"line":39,"column":4},"end":{"line":39,"column":5}},"loc":{"start":{"line":39,"column":61},"end":{"line":45,"column":5}},"line":39},"4":{"name":"(anonymous_4)","decl":{"start":{"line":50,"column":4},"end":{"line":50,"column":5}},"loc":{"start":{"line":50,"column":35},"end":{"line":56,"column":5}},"line":50},"5":{"name":"(anonymous_5)","decl":{"start":{"line":61,"column":4},"end":{"line":61,"column":5}},"loc":{"start":{"line":61,"column":29},"end":{"line":67,"column":5}},"line":61},"6":{"name":"(anonymous_6)","decl":{"start":{"line":72,"column":4},"end":{"line":72,"column":5}},"loc":{"start":{"line":72,"column":41},"end":{"line":78,"column":5}},"line":72},"7":{"name":"(anonymous_7)","decl":{"start":{"line":83,"column":4},"end":{"line":83,"column":5}},"loc":{"start":{"line":83,"column":20},"end":{"line":90,"column":5}},"line":83},"8":{"name":"(anonymous_8)","decl":{"start":{"line":95,"column":4},"end":{"line":95,"column":5}},"loc":{"start":{"line":95,"column":33},"end":{"line":110,"column":5}},"line":95},"9":{"name":"(anonymous_9)","decl":{"start":{"line":115,"column":4},"end":{"line":115,"column":5}},"loc":{"start":{"line":118,"column":6},"end":{"line":135,"column":5}},"line":118},"10":{"name":"(anonymous_10)","decl":{"start":{"line":140,"column":4},"end":{"line":140,"column":5}},"loc":{"start":{"line":140,"column":21},"end":{"line":144,"column":5}},"line":140},"11":{"name":"(anonymous_11)","decl":{"start":{"line":149,"column":4},"end":{"line":149,"column":5}},"loc":{"start":{"line":151,"column":6},"end":{"line":159,"column":5}},"line":151},"12":{"name":"(anonymous_12)","decl":{"start":{"line":164,"column":4},"end":{"line":164,"column":5}},"loc":{"start":{"line":164,"column":47},"end":{"line":172,"column":5}},"line":164},"13":{"name":"(anonymous_13)","decl":{"start":{"line":177,"column":4},"end":{"line":177,"column":5}},"loc":{"start":{"line":179,"column":6},"end":{"line":187,"column":5}},"line":179},"14":{"name":"(anonymous_14)","decl":{"start":{"line":192,"column":4},"end":{"line":192,"column":5}},"loc":{"start":{"line":194,"column":6},"end":{"line":202,"column":5}},"line":194},"15":{"name":"(anonymous_15)","decl":{"start":{"line":207,"column":4},"end":{"line":207,"column":5}},"loc":{"start":{"line":207,"column":31},"end":{"line":215,"column":5}},"line":207},"16":{"name":"(anonymous_16)","decl":{"start":{"line":220,"column":4},"end":{"line":220,"column":5}},"loc":{"start":{"line":220,"column":43},"end":{"line":228,"column":5}},"line":220},"17":{"name":"(anonymous_17)","decl":{"start":{"line":233,"column":4},"end":{"line":233,"column":5}},"loc":{"start":{"line":233,"column":18},"end":{"line":237,"column":5}},"line":233}},"branchMap":{},"s":{"0":1,"1":0,"2":0,"3":0,"4":0,"5":0,"6":0,"7":0,"8":0,"9":0,"10":0,"11":0,"12":0,"13":0,"14":0,"15":0,"16":0,"17":0,"18":0,"19":1},"f":{"0":0,"1":0,"2":0,"3":0,"4":0,"5":0,"6":0,"7":0,"8":0,"9":0,"10":0,"11":0,"12":0,"13":0,"14":0,"15":0,"16":0,"17":0},"b":{},"_coverageSchema":"1a1c01bbd47fc00a2c39e90264f33305004495a9","hash":"9e5242a8476b6968a7bc3b1fc3e27531fe199ee5"}
,"/Users/wikiwoo/Desktop/AZSA-MFB/Internet-Banking-Platform/account-service/src/modules/accounts/account.routes.js": {"path":"/Users/wikiwoo/Desktop/AZSA-MFB/Internet-Banking-Platform/account-service/src/modules/accounts/account.routes.js","statementMap":{"0":{"start":{"line":1,"column":16},"end":{"line":1,"column":34}},"1":{"start":{"line":3,"column":19},"end":{"line":3,"column":50}},"2":{"start":{"line":5,"column":17},"end":{"line":5,"column":66}},"3":{"start":{"line":12,"column":4},"end":{"line":12,"column":27}},"4":{"start":{"line":14,"column":15},"end":{"line":14,"column":31}},"5":{"start":{"line":25,"column":0},"end":{"line":30,"column":2}},"6":{"start":{"line":35,"column":0},"end":{"line":40,"column":2}},"7":{"start":{"line":51,"column":0},"end":{"line":56,"column":2}},"8":{"start":{"line":61,"column":0},"end":{"line":64,"column":2}},"9":{"start":{"line":69,"column":0},"end":{"line":72,"column":2}},"10":{"start":{"line":77,"column":0},"end":{"line":80,"column":2}},"11":{"start":{"line":85,"column":0},"end":{"line":90,"column":2}},"12":{"start":{"line":92,"column":0},"end":{"line":92,"column":24}}},"fnMap":{},"branchMap":{},"s":{"0":0,"1":0,"2":0,"3":0,"4":0,"5":0,"6":0,"7":0,"8":0,"9":0,"10":0,"11":0,"12":0},"f":{},"b":{}}
,"/Users/wikiwoo/Desktop/AZSA-MFB/Internet-Banking-Platform/account-service/src/modules/accounts/account.service.js": {"path":"/Users/wikiwoo/Desktop/AZSA-MFB/Internet-Banking-Platform/account-service/src/modules/accounts/account.service.js","statementMap":{"0":{"start":{"line":1,"column":26},"end":{"line":1,"column":57}},"1":{"start":{"line":2,"column":18},"end":{"line":2,"column":55}},"2":{"start":{"line":7,"column":4},"end":{"line":7,"column":27}},"3":{"start":{"line":11,"column":4},"end":{"line":11,"column":42}},"4":{"start":{"line":21,"column":12},"end":{"line":23,"column":13}},"5":{"start":{"line":25,"column":8},"end":{"line":29,"column":9}},"6":{"start":{"line":26,"column":12},"end":{"line":28,"column":14}},"7":{"start":{"line":32,"column":12},"end":{"line":34,"column":13}},"8":{"start":{"line":36,"column":8},"end":{"line":40,"column":9}},"9":{"start":{"line":37,"column":12},"end":{"line":39,"column":14}},"10":{"start":{"line":42,"column":8},"end":{"line":42,"column":46}},"11":{"start":{"line":52,"column":12},"end":{"line":54,"column":13}},"12":{"start":{"line":56,"column":8},"end":{"line":60,"column":9}},"13":{"start":{"line":57,"column":12},"end":{"line":59,"column":14}},"14":{"start":{"line":62,"column":8},"end":{"line":62,"column":23}},"15":{"start":{"line":71,"column":8},"end":{"line":73,"column":10}},"16":{"start":{"line":85,"column":12},"end":{"line":87,"column":13}},"17":{"start":{"line":89,"column":8},"end":{"line":95,"column":9}},"18":{"start":{"line":91,"column":12},"end":{"line":93,"column":14}},"19":{"start":{"line":97,"column":8},"end":{"line":97,"column":23}},"20":{"start":{"line":107,"column":12},"end":{"line":109,"column":13}},"21":{"start":{"line":111,"column":8},"end":{"line":117,"column":9}},"22":{"start":{"line":113,"column":12},"end":{"line":115,"column":14}},"23":{"start":{"line":119,"column":8},"end":{"line":130,"column":10}},"24":{"start":{"line":143,"column":12},"end":{"line":145,"column":13}},"25":{"start":{"line":151,"column":12},"end":{"line":153,"column":13}},"26":{"start":{"line":161,"column":8},"end":{"line":175,"column":9}},"27":{"start":{"line":163,"column":12},"end":{"line":164,"column":39}},"28":{"start":{"line":165,"column":12},"end":{"line":165,"column":34}},"29":{"start":{"line":169,"column":12},"end":{"line":170,"column":43}},"30":{"start":{"line":172,"column":13},"end":{"line":172,"column":34}},"31":{"start":{"line":177,"column":24},"end":{"line":215,"column":9}},"32":{"start":{"line":217,"column":8},"end":{"line":227,"column":9}},"33":{"start":{"line":219,"column":12},"end":{"line":225,"column":14}},"34":{"start":{"line":229,"column":8},"end":{"line":231,"column":10}},"35":{"start":{"line":249,"column":12},"end":{"line":251,"column":13}},"36":{"start":{"line":253,"column":8},"end":{"line":259,"column":9}},"37":{"start":{"line":255,"column":12},"end":{"line":257,"column":14}},"38":{"start":{"line":261,"column":8},"end":{"line":278,"column":10}},"39":{"start":{"line":284,"column":0},"end":{"line":284,"column":38}}},"fnMap":{"0":{"name":"(anonymous_0)","decl":{"start":{"line":18,"column":4},"end":{"line":18,"column":5}},"loc":{"start":{"line":18,"column":30},"end":{"line":44,"column":5}},"line":18},"1":{"name":"(anonymous_1)","decl":{"start":{"line":49,"column":4},"end":{"line":49,"column":5}},"loc":{"start":{"line":49,"column":44},"end":{"line":64,"column":5}},"line":49},"2":{"name":"(anonymous_2)","decl":{"start":{"line":69,"column":4},"end":{"line":69,"column":5}},"loc":{"start":{"line":69,"column":34},"end":{"line":75,"column":5}},"line":69},"3":{"name":"(anonymous_3)","decl":{"start":{"line":80,"column":4},"end":{"line":80,"column":5}},"loc":{"start":{"line":82,"column":6},"end":{"line":99,"column":5}},"line":82},"4":{"name":"(anonymous_4)","decl":{"start":{"line":104,"column":4},"end":{"line":104,"column":5}},"loc":{"start":{"line":104,"column":37},"end":{"line":132,"column":5}},"line":104},"5":{"name":"(anonymous_5)","decl":{"start":{"line":137,"column":4},"end":{"line":137,"column":5}},"loc":{"start":{"line":137,"column":41},"end":{"line":233,"column":5}},"line":137},"6":{"name":"(anonymous_6)","decl":{"start":{"line":238,"column":4},"end":{"line":238,"column":5}},"loc":{"start":{"line":246,"column":7},"end":{"line":280,"column":5}},"line":246}},"branchMap":{"0":{"loc":{"start":{"line":25,"column":8},"end":{"line":29,"column":9}},"type":"if","locations":[{"start":{"line":25,"column":8},"end":{"line":29,"column":9}},{"start":{},"end":{}}],"line":25},"1":{"loc":{"start":{"line":36,"column":8},"end":{"line":40,"column":9}},"type":"if","locations":[{"start":{"line":36,"column":8},"end":{"line":40,"column":9}},{"start":{},"end":{}}],"line":36},"2":{"loc":{"start":{"line":56,"column":8},"end":{"line":60,"column":9}},"type":"if","locations":[{"start":{"line":56,"column":8},"end":{"line":60,"column":9}},{"start":{},"end":{}}],"line":56},"3":{"loc":{"start":{"line":89,"column":8},"end":{"line":95,"column":9}},"type":"if","locations":[{"start":{"line":89,"column":8},"end":{"line":95,"column":9}},{"start":{},"end":{}}],"line":89},"4":{"loc":{"start":{"line":111,"column":8},"end":{"line":117,"column":9}},"type":"if","locations":[{"start":{"line":111,"column":8},"end":{"line":117,"column":9}},{"start":{},"end":{}}],"line":111},"5":{"loc":{"start":{"line":161,"column":8},"end":{"line":175,"column":9}},"type":"if","locations":[{"start":{"line":161,"column":8},"end":{"line":175,"column":9}},{"start":{"line":167,"column":15},"end":{"line":175,"column":9}}],"line":161},"6":{"loc":{"start":{"line":211,"column":16},"end":{"line":213,"column":32}},"type":"cond-expr","locations":[{"start":{"line":212,"column":22},"end":{"line":212,"column":30}},{"start":{"line":213,"column":22},"end":{"line":213,"column":32}}],"line":211},"7":{"loc":{"start":{"line":217,"column":8},"end":{"line":227,"column":9}},"type":"if","locations":[{"start":{"line":217,"column":8},"end":{"line":227,"column":9}},{"start":{},"end":{}}],"line":217},"8":{"loc":{"start":{"line":253,"column":8},"end":{"line":259,"column":9}},"type":"if","locations":[{"start":{"line":253,"column":8},"end":{"line":259,"column":9}},{"start":{},"end":{}}],"line":253},"9":{"loc":{"start":{"line":265,"column":16},"end":{"line":276,"column":28}},"type":"binary-expr","locations":[{"start":{"line":265,"column":16},"end":{"line":266,"column":39}},{"start":{"line":270,"column":16},"end":{"line":271,"column":31}},{"start":{"line":275,"column":16},"end":{"line":276,"column":28}}],"line":265}},"s":{"0":0,"1":0,"2":0,"3":0,"4":0,"5":0,"6":0,"7":0,"8":0,"9":0,"10":0,"11":0,"12":0,"13":0,"14":0,"15":0,"16":0,"17":0,"18":0,"19":0,"20":0,"21":0,"22":0,"23":0,"24":0,"25":0,"26":0,"27":0,"28":0,"29":0,"30":0,"31":0,"32":0,"33":0,"34":0,"35":0,"36":0,"37":0,"38":0,"39":0},"f":{"0":0,"1":0,"2":0,"3":0,"4":0,"5":0,"6":0},"b":{"0":[0,0],"1":[0,0],"2":[0,0],"3":[0,0],"4":[0,0],"5":[0,0],"6":[0,0],"7":[0,0],"8":[0,0],"9":[0,0,0]}}
,"/Users/wikiwoo/Desktop/AZSA-MFB/Internet-Banking-Platform/account-service/src/modules/accounts/account.service1.js": {"path":"/Users/wikiwoo/Desktop/AZSA-MFB/Internet-Banking-Platform/account-service/src/modules/accounts/account.service1.js","statementMap":{"0":{"start":{"line":1,"column":26},"end":{"line":1,"column":57}},"1":{"start":{"line":2,"column":18},"end":{"line":2,"column":55}},"2":{"start":{"line":7,"column":4},"end":{"line":7,"column":27}},"3":{"start":{"line":11,"column":4},"end":{"line":11,"column":42}},"4":{"start":{"line":21,"column":12},"end":{"line":23,"column":13}},"5":{"start":{"line":25,"column":8},"end":{"line":29,"column":9}},"6":{"start":{"line":26,"column":12},"end":{"line":28,"column":14}},"7":{"start":{"line":32,"column":12},"end":{"line":34,"column":13}},"8":{"start":{"line":36,"column":8},"end":{"line":40,"column":9}},"9":{"start":{"line":37,"column":12},"end":{"line":39,"column":14}},"10":{"start":{"line":42,"column":8},"end":{"line":42,"column":46}},"11":{"start":{"line":52,"column":12},"end":{"line":54,"column":13}},"12":{"start":{"line":56,"column":8},"end":{"line":60,"column":9}},"13":{"start":{"line":57,"column":12},"end":{"line":59,"column":14}},"14":{"start":{"line":62,"column":8},"end":{"line":62,"column":23}},"15":{"start":{"line":71,"column":8},"end":{"line":73,"column":10}},"16":{"start":{"line":85,"column":12},"end":{"line":87,"column":13}},"17":{"start":{"line":89,"column":8},"end":{"line":95,"column":9}},"18":{"start":{"line":91,"column":12},"end":{"line":93,"column":14}},"19":{"start":{"line":97,"column":8},"end":{"line":97,"column":23}},"20":{"start":{"line":107,"column":12},"end":{"line":109,"column":13}},"21":{"start":{"line":111,"column":8},"end":{"line":117,"column":9}},"22":{"start":{"line":113,"column":12},"end":{"line":115,"column":14}},"23":{"start":{"line":119,"column":8},"end":{"line":130,"column":10}},"24":{"start":{"line":143,"column":12},"end":{"line":145,"column":13}},"25":{"start":{"line":151,"column":12},"end":{"line":153,"column":13}},"26":{"start":{"line":160,"column":8},"end":{"line":170,"column":9}},"27":{"start":{"line":162,"column":12},"end":{"line":163,"column":39}},"28":{"start":{"line":167,"column":12},"end":{"line":168,"column":43}},"29":{"start":{"line":172,"column":24},"end":{"line":208,"column":9}},"30":{"start":{"line":210,"column":8},"end":{"line":220,"column":9}},"31":{"start":{"line":212,"column":12},"end":{"line":218,"column":14}},"32":{"start":{"line":222,"column":8},"end":{"line":224,"column":10}},"33":{"start":{"line":242,"column":12},"end":{"line":244,"column":13}},"34":{"start":{"line":246,"column":8},"end":{"line":252,"column":9}},"35":{"start":{"line":248,"column":12},"end":{"line":250,"column":14}},"36":{"start":{"line":254,"column":8},"end":{"line":266,"column":10}},"37":{"start":{"line":272,"column":0},"end":{"line":272,"column":38}}},"fnMap":{"0":{"name":"(anonymous_0)","decl":{"start":{"line":18,"column":4},"end":{"line":18,"column":5}},"loc":{"start":{"line":18,"column":30},"end":{"line":44,"column":5}},"line":18},"1":{"name":"(anonymous_1)","decl":{"start":{"line":49,"column":4},"end":{"line":49,"column":5}},"loc":{"start":{"line":49,"column":44},"end":{"line":64,"column":5}},"line":49},"2":{"name":"(anonymous_2)","decl":{"start":{"line":69,"column":4},"end":{"line":69,"column":5}},"loc":{"start":{"line":69,"column":34},"end":{"line":75,"column":5}},"line":69},"3":{"name":"(anonymous_3)","decl":{"start":{"line":80,"column":4},"end":{"line":80,"column":5}},"loc":{"start":{"line":82,"column":6},"end":{"line":99,"column":5}},"line":82},"4":{"name":"(anonymous_4)","decl":{"start":{"line":104,"column":4},"end":{"line":104,"column":5}},"loc":{"start":{"line":104,"column":37},"end":{"line":132,"column":5}},"line":104},"5":{"name":"(anonymous_5)","decl":{"start":{"line":137,"column":4},"end":{"line":137,"column":5}},"loc":{"start":{"line":137,"column":41},"end":{"line":226,"column":5}},"line":137},"6":{"name":"(anonymous_6)","decl":{"start":{"line":231,"column":4},"end":{"line":231,"column":5}},"loc":{"start":{"line":239,"column":7},"end":{"line":268,"column":5}},"line":239}},"branchMap":{"0":{"loc":{"start":{"line":25,"column":8},"end":{"line":29,"column":9}},"type":"if","locations":[{"start":{"line":25,"column":8},"end":{"line":29,"column":9}},{"start":{},"end":{}}],"line":25},"1":{"loc":{"start":{"line":36,"column":8},"end":{"line":40,"column":9}},"type":"if","locations":[{"start":{"line":36,"column":8},"end":{"line":40,"column":9}},{"start":{},"end":{}}],"line":36},"2":{"loc":{"start":{"line":56,"column":8},"end":{"line":60,"column":9}},"type":"if","locations":[{"start":{"line":56,"column":8},"end":{"line":60,"column":9}},{"start":{},"end":{}}],"line":56},"3":{"loc":{"start":{"line":89,"column":8},"end":{"line":95,"column":9}},"type":"if","locations":[{"start":{"line":89,"column":8},"end":{"line":95,"column":9}},{"start":{},"end":{}}],"line":89},"4":{"loc":{"start":{"line":111,"column":8},"end":{"line":117,"column":9}},"type":"if","locations":[{"start":{"line":111,"column":8},"end":{"line":117,"column":9}},{"start":{},"end":{}}],"line":111},"5":{"loc":{"start":{"line":160,"column":8},"end":{"line":170,"column":9}},"type":"if","locations":[{"start":{"line":160,"column":8},"end":{"line":170,"column":9}},{"start":{"line":165,"column":15},"end":{"line":170,"column":9}}],"line":160},"6":{"loc":{"start":{"line":204,"column":16},"end":{"line":206,"column":32}},"type":"cond-expr","locations":[{"start":{"line":205,"column":22},"end":{"line":205,"column":30}},{"start":{"line":206,"column":22},"end":{"line":206,"column":32}}],"line":204},"7":{"loc":{"start":{"line":210,"column":8},"end":{"line":220,"column":9}},"type":"if","locations":[{"start":{"line":210,"column":8},"end":{"line":220,"column":9}},{"start":{},"end":{}}],"line":210},"8":{"loc":{"start":{"line":246,"column":8},"end":{"line":252,"column":9}},"type":"if","locations":[{"start":{"line":246,"column":8},"end":{"line":252,"column":9}},{"start":{},"end":{}}],"line":246},"9":{"loc":{"start":{"line":258,"column":16},"end":{"line":264,"column":31}},"type":"binary-expr","locations":[{"start":{"line":258,"column":16},"end":{"line":259,"column":39}},{"start":{"line":263,"column":16},"end":{"line":264,"column":31}}],"line":258}},"s":{"0":0,"1":0,"2":0,"3":0,"4":0,"5":0,"6":0,"7":0,"8":0,"9":0,"10":0,"11":0,"12":0,"13":0,"14":0,"15":0,"16":0,"17":0,"18":0,"19":0,"20":0,"21":0,"22":0,"23":0,"24":0,"25":0,"26":0,"27":0,"28":0,"29":0,"30":0,"31":0,"32":0,"33":0,"34":0,"35":0,"36":0,"37":0},"f":{"0":0,"1":0,"2":0,"3":0,"4":0,"5":0,"6":0},"b":{"0":[0,0],"1":[0,0],"2":[0,0],"3":[0,0],"4":[0,0],"5":[0,0],"6":[0,0],"7":[0,0],"8":[0,0],"9":[0,0]}}
,"/Users/wikiwoo/Desktop/AZSA-MFB/Internet-Banking-Platform/account-service/src/modules/accounts/index.js": {"path":"/Users/wikiwoo/Desktop/AZSA-MFB/Internet-Banking-Platform/account-service/src/modules/accounts/index.js","statementMap":{"0":{"start":{"line":1,"column":0},"end":{"line":1,"column":45}}},"fnMap":{},"branchMap":{},"s":{"0":0},"f":{},"b":{}}
,"/Users/wikiwoo/Desktop/AZSA-MFB/Internet-Banking-Platform/account-service/src/modules/accounts/validators/create-mapping.validator.js": {"path":"/Users/wikiwoo/Desktop/AZSA-MFB/Internet-Banking-Platform/account-service/src/modules/accounts/validators/create-mapping.validator.js","statementMap":{"0":{"start":{"line":5,"column":4},"end":{"line":5,"column":34}},"1":{"start":{"line":7,"column":0},"end":{"line":11,"column":2}}},"fnMap":{},"branchMap":{},"s":{"0":0,"1":0},"f":{},"b":{}}
,"/Users/wikiwoo/Desktop/AZSA-MFB/Internet-Banking-Platform/account-service/src/modules/accounts/validators/index.js": {"path":"/Users/wikiwoo/Desktop/AZSA-MFB/Internet-Banking-Platform/account-service/src/modules/accounts/validators/index.js","statementMap":{"0":{"start":{"line":1,"column":0},"end":{"line":15,"column":2}}},"fnMap":{},"branchMap":{},"s":{"0":0},"f":{},"b":{}}
,"/Users/wikiwoo/Desktop/AZSA-MFB/Internet-Banking-Platform/account-service/src/modules/accounts/validators/name-enquiry.validator.js": {"path":"/Users/wikiwoo/Desktop/AZSA-MFB/Internet-Banking-Platform/account-service/src/modules/accounts/validators/name-enquiry.validator.js","statementMap":{"0":{"start":{"line":1,"column":18},"end":{"line":1,"column":46}},"1":{"start":{"line":3,"column":0},"end":{"line":13,"column":2}}},"fnMap":{},"branchMap":{},"s":{"0":0,"1":0},"f":{},"b":{}}
,"/Users/wikiwoo/Desktop/AZSA-MFB/Internet-Banking-Platform/account-service/src/modules/accounts/validators/sync-account.validator.js": {"path":"/Users/wikiwoo/Desktop/AZSA-MFB/Internet-Banking-Platform/account-service/src/modules/accounts/validators/sync-account.validator.js","statementMap":{"0":{"start":{"line":3,"column":4},"end":{"line":3,"column":34}},"1":{"start":{"line":5,"column":0},"end":{"line":14,"column":2}}},"fnMap":{},"branchMap":{},"s":{"0":0,"1":0},"f":{},"b":{}}
,"/Users/wikiwoo/Desktop/AZSA-MFB/Internet-Banking-Platform/account-service/src/modules/accounts/validators/validate-account.validator.js": {"path":"/Users/wikiwoo/Desktop/AZSA-MFB/Internet-Banking-Platform/account-service/src/modules/accounts/validators/validate-account.validator.js","statementMap":{"0":{"start":{"line":5,"column":4},"end":{"line":5,"column":34}},"1":{"start":{"line":7,"column":0},"end":{"line":11,"column":2}}},"fnMap":{},"branchMap":{},"s":{"0":0,"1":0},"f":{},"b":{}}
,"/Users/wikiwoo/Desktop/AZSA-MFB/Internet-Banking-Platform/account-service/src/modules/auth/auth.model.js": {"path":"/Users/wikiwoo/Desktop/AZSA-MFB/Internet-Banking-Platform/account-service/src/modules/auth/auth.model.js","statementMap":{"0":{"start":{"line":1,"column":17},"end":{"line":1,"column":36}},"1":{"start":{"line":15,"column":23},"end":{"line":148,"column":1}},"2":{"start":{"line":156,"column":0},"end":{"line":158,"column":3}},"3":{"start":{"line":160,"column":0},"end":{"line":162,"column":3}},"4":{"start":{"line":164,"column":0},"end":{"line":166,"column":3}},"5":{"start":{"line":168,"column":0},"end":{"line":170,"column":3}},"6":{"start":{"line":172,"column":0},"end":{"line":174,"column":3}},"7":{"start":{"line":176,"column":0},"end":{"line":179,"column":2}}},"fnMap":{},"branchMap":{},"s":{"0":0,"1":0,"2":0,"3":0,"4":0,"5":0,"6":0,"7":0},"f":{},"b":{}}
,"/Users/wikiwoo/Desktop/AZSA-MFB/Internet-Banking-Platform/account-service/src/modules/auth/auth.repository.js": {"path":"/Users/wikiwoo/Desktop/AZSA-MFB/Internet-Banking-Platform/account-service/src/modules/auth/auth.repository.js","statementMap":{"0":{"start":{"line":1,"column":17},"end":{"line":1,"column":40}},"1":{"start":{"line":9,"column":8},"end":{"line":9,"column":37}},"2":{"start":{"line":16,"column":8},"end":{"line":16,"column":37}},"3":{"start":{"line":23,"column":8},"end":{"line":25,"column":11}},"4":{"start":{"line":32,"column":8},"end":{"line":34,"column":11}},"5":{"start":{"line":41,"column":8},"end":{"line":43,"column":11}},"6":{"start":{"line":50,"column":8},"end":{"line":52,"column":11}},"7":{"start":{"line":59,"column":8},"end":{"line":61,"column":11}},"8":{"start":{"line":73,"column":8},"end":{"line":88,"column":11}},"9":{"start":{"line":97,"column":8},"end":{"line":104,"column":10}},"10":{"start":{"line":116,"column":8},"end":{"line":125,"column":10}},"11":{"start":{"line":133,"column":8},"end":{"line":133,"column":46}},"12":{"start":{"line":141,"column":8},"end":{"line":144,"column":11}},"13":{"start":{"line":153,"column":8},"end":{"line":155,"column":11}},"14":{"start":{"line":164,"column":8},"end":{"line":167,"column":11}},"15":{"start":{"line":176,"column":8},"end":{"line":178,"column":11}},"16":{"start":{"line":187,"column":8},"end":{"line":197,"column":10}},"17":{"start":{"line":206,"column":8},"end":{"line":216,"column":10}},"18":{"start":{"line":228,"column":8},"end":{"line":237,"column":10}},"19":{"start":{"line":246,"column":8},"end":{"line":256,"column":10}},"20":{"start":{"line":262,"column":0},"end":{"line":262,"column":38}}},"fnMap":{"0":{"name":"(anonymous_0)","decl":{"start":{"line":8,"column":4},"end":{"line":8,"column":5}},"loc":{"start":{"line":8,"column":23},"end":{"line":10,"column":5}},"line":8},"1":{"name":"(anonymous_1)","decl":{"start":{"line":15,"column":4},"end":{"line":15,"column":5}},"loc":{"start":{"line":15,"column":23},"end":{"line":17,"column":5}},"line":15},"2":{"name":"(anonymous_2)","decl":{"start":{"line":22,"column":4},"end":{"line":22,"column":5}},"loc":{"start":{"line":22,"column":45},"end":{"line":26,"column":5}},"line":22},"3":{"name":"(anonymous_3)","decl":{"start":{"line":31,"column":4},"end":{"line":31,"column":5}},"loc":{"start":{"line":31,"column":35},"end":{"line":35,"column":5}},"line":31},"4":{"name":"(anonymous_4)","decl":{"start":{"line":40,"column":4},"end":{"line":40,"column":5}},"loc":{"start":{"line":40,"column":35},"end":{"line":44,"column":5}},"line":40},"5":{"name":"(anonymous_5)","decl":{"start":{"line":49,"column":4},"end":{"line":49,"column":5}},"loc":{"start":{"line":49,"column":29},"end":{"line":53,"column":5}},"line":49},"6":{"name":"(anonymous_6)","decl":{"start":{"line":58,"column":4},"end":{"line":58,"column":5}},"loc":{"start":{"line":58,"column":41},"end":{"line":62,"column":5}},"line":58},"7":{"name":"(anonymous_7)","decl":{"start":{"line":71,"column":4},"end":{"line":71,"column":5}},"loc":{"start":{"line":71,"column":39},"end":{"line":90,"column":5}},"line":71},"8":{"name":"(anonymous_8)","decl":{"start":{"line":95,"column":4},"end":{"line":95,"column":5}},"loc":{"start":{"line":95,"column":33},"end":{"line":106,"column":5}},"line":95},"9":{"name":"(anonymous_9)","decl":{"start":{"line":111,"column":4},"end":{"line":111,"column":5}},"loc":{"start":{"line":114,"column":6},"end":{"line":127,"column":5}},"line":114},"10":{"name":"(anonymous_10)","decl":{"start":{"line":132,"column":4},"end":{"line":132,"column":5}},"loc":{"start":{"line":132,"column":21},"end":{"line":134,"column":5}},"line":132},"11":{"name":"(anonymous_11)","decl":{"start":{"line":139,"column":4},"end":{"line":139,"column":5}},"loc":{"start":{"line":139,"column":37},"end":{"line":146,"column":5}},"line":139},"12":{"name":"(anonymous_12)","decl":{"start":{"line":151,"column":4},"end":{"line":151,"column":5}},"loc":{"start":{"line":151,"column":47},"end":{"line":157,"column":5}},"line":151},"13":{"name":"(anonymous_13)","decl":{"start":{"line":162,"column":4},"end":{"line":162,"column":5}},"loc":{"start":{"line":162,"column":31},"end":{"line":169,"column":5}},"line":162},"14":{"name":"(anonymous_14)","decl":{"start":{"line":174,"column":4},"end":{"line":174,"column":5}},"loc":{"start":{"line":174,"column":43},"end":{"line":180,"column":5}},"line":174},"15":{"name":"(anonymous_15)","decl":{"start":{"line":185,"column":4},"end":{"line":185,"column":5}},"loc":{"start":{"line":185,"column":30},"end":{"line":199,"column":5}},"line":185},"16":{"name":"(anonymous_16)","decl":{"start":{"line":204,"column":4},"end":{"line":204,"column":5}},"loc":{"start":{"line":204,"column":38},"end":{"line":218,"column":5}},"line":204},"17":{"name":"(anonymous_17)","decl":{"start":{"line":223,"column":4},"end":{"line":223,"column":5}},"loc":{"start":{"line":226,"column":6},"end":{"line":239,"column":5}},"line":226},"18":{"name":"(anonymous_18)","decl":{"start":{"line":244,"column":4},"end":{"line":244,"column":5}},"loc":{"start":{"line":244,"column":28},"end":{"line":258,"column":5}},"line":244}},"branchMap":{},"s":{"0":0,"1":0,"2":0,"3":0,"4":0,"5":0,"6":0,"7":0,"8":0,"9":0,"10":0,"11":0,"12":0,"13":0,"14":0,"15":0,"16":0,"17":0,"18":0,"19":0,"20":0},"f":{"0":0,"1":0,"2":0,"3":0,"4":0,"5":0,"6":0,"7":0,"8":0,"9":0,"10":0,"11":0,"12":0,"13":0,"14":0,"15":0,"16":0,"17":0,"18":0},"b":{}}
,"/Users/wikiwoo/Desktop/AZSA-MFB/Internet-Banking-Platform/account-service/src/modules/auth/jwt.service.js": {"path":"/Users/wikiwoo/Desktop/AZSA-MFB/Internet-Banking-Platform/account-service/src/modules/auth/jwt.service.js","statementMap":{"0":{"start":{"line":1,"column":12},"end":{"line":1,"column":35}},"1":{"start":{"line":3,"column":15},"end":{"line":3,"column":49}},"2":{"start":{"line":12,"column":8},"end":{"line":23,"column":10}},"3":{"start":{"line":32,"column":8},"end":{"line":41,"column":10}},"4":{"start":{"line":50,"column":8},"end":{"line":58,"column":10}},"5":{"start":{"line":67,"column":8},"end":{"line":70,"column":10}},"6":{"start":{"line":79,"column":8},"end":{"line":79,"column":33}},"7":{"start":{"line":88,"column":8},"end":{"line":90,"column":9}},"8":{"start":{"line":89,"column":12},"end":{"line":89,"column":24}},"9":{"start":{"line":92,"column":8},"end":{"line":94,"column":9}},"10":{"start":{"line":93,"column":12},"end":{"line":93,"column":24}},"11":{"start":{"line":96,"column":8},"end":{"line":99,"column":10}},"12":{"start":{"line":105,"column":0},"end":{"line":105,"column":34}}},"fnMap":{"0":{"name":"(anonymous_0)","decl":{"start":{"line":10,"column":4},"end":{"line":10,"column":5}},"loc":{"start":{"line":10,"column":30},"end":{"line":25,"column":5}},"line":10},"1":{"name":"(anonymous_1)","decl":{"start":{"line":30,"column":4},"end":{"line":30,"column":5}},"loc":{"start":{"line":30,"column":31},"end":{"line":43,"column":5}},"line":30},"2":{"name":"(anonymous_2)","decl":{"start":{"line":48,"column":4},"end":{"line":48,"column":5}},"loc":{"start":{"line":48,"column":28},"end":{"line":60,"column":5}},"line":48},"3":{"name":"(anonymous_3)","decl":{"start":{"line":65,"column":4},"end":{"line":65,"column":5}},"loc":{"start":{"line":65,"column":18},"end":{"line":72,"column":5}},"line":65},"4":{"name":"(anonymous_4)","decl":{"start":{"line":77,"column":4},"end":{"line":77,"column":5}},"loc":{"start":{"line":77,"column":18},"end":{"line":81,"column":5}},"line":77},"5":{"name":"(anonymous_5)","decl":{"start":{"line":86,"column":4},"end":{"line":86,"column":5}},"loc":{"start":{"line":86,"column":25},"end":{"line":101,"column":5}},"line":86}},"branchMap":{"0":{"loc":{"start":{"line":88,"column":8},"end":{"line":90,"column":9}},"type":"if","locations":[{"start":{"line":88,"column":8},"end":{"line":90,"column":9}},{"start":{},"end":{}}],"line":88},"1":{"loc":{"start":{"line":92,"column":8},"end":{"line":94,"column":9}},"type":"if","locations":[{"start":{"line":92,"column":8},"end":{"line":94,"column":9}},{"start":{},"end":{}}],"line":92}},"s":{"0":0,"1":0,"2":0,"3":0,"4":0,"5":0,"6":0,"7":0,"8":0,"9":0,"10":0,"11":0,"12":0},"f":{"0":0,"1":0,"2":0,"3":0,"4":0,"5":0},"b":{"0":[0,0],"1":[0,0]}}
,"/Users/wikiwoo/Desktop/AZSA-MFB/Internet-Banking-Platform/account-service/src/modules/auth/otp.model.js": {"path":"/Users/wikiwoo/Desktop/AZSA-MFB/Internet-Banking-Platform/account-service/src/modules/auth/otp.model.js","statementMap":{"0":{"start":{"line":1,"column":17},"end":{"line":1,"column":36}},"1":{"start":{"line":10,"column":4},"end":{"line":42,"column":5}},"2":{"start":{"line":44,"column":0},"end":{"line":51,"column":2}},"3":{"start":{"line":53,"column":0},"end":{"line":57,"column":6}}},"fnMap":{},"branchMap":{},"s":{"0":0,"1":0,"2":0,"3":0},"f":{},"b":{}}
,"/Users/wikiwoo/Desktop/AZSA-MFB/Internet-Banking-Platform/account-service/src/modules/auth/otp.service.js": {"path":"/Users/wikiwoo/Desktop/AZSA-MFB/Internet-Banking-Platform/account-service/src/modules/auth/otp.service.js","statementMap":{"0":{"start":{"line":1,"column":15},"end":{"line":1,"column":32}},"1":{"start":{"line":3,"column":15},"end":{"line":3,"column":49}},"2":{"start":{"line":13,"column":12},"end":{"line":13,"column":47}},"3":{"start":{"line":16,"column":12},"end":{"line":16,"column":36}},"4":{"start":{"line":19,"column":12},"end":{"line":19,"column":36}},"5":{"start":{"line":22,"column":12},"end":{"line":25,"column":13}},"6":{"start":{"line":27,"column":8},"end":{"line":27,"column":30}},"7":{"start":{"line":37,"column":12},"end":{"line":39,"column":13}},"8":{"start":{"line":41,"column":8},"end":{"line":44,"column":10}},"9":{"start":{"line":53,"column":8},"end":{"line":64,"column":10}},"10":{"start":{"line":73,"column":8},"end":{"line":73,"column":38}},"11":{"start":{"line":82,"column":8},"end":{"line":82,"column":37}},"12":{"start":{"line":94,"column":8},"end":{"line":101,"column":9}},"13":{"start":{"line":96,"column":12},"end":{"line":99,"column":14}},"14":{"start":{"line":103,"column":8},"end":{"line":111,"column":9}},"15":{"start":{"line":105,"column":12},"end":{"line":109,"column":14}},"16":{"start":{"line":113,"column":8},"end":{"line":125,"column":9}},"17":{"start":{"line":119,"column":12},"end":{"line":123,"column":14}},"18":{"start":{"line":128,"column":12},"end":{"line":130,"column":13}},"19":{"start":{"line":132,"column":8},"end":{"line":143,"column":9}},"20":{"start":{"line":137,"column":12},"end":{"line":141,"column":14}},"21":{"start":{"line":145,"column":8},"end":{"line":155,"column":9}},"22":{"start":{"line":149,"column":12},"end":{"line":153,"column":14}},"23":{"start":{"line":157,"column":8},"end":{"line":164,"column":10}},"24":{"start":{"line":170,"column":0},"end":{"line":170,"column":34}}},"fnMap":{"0":{"name":"(anonymous_0)","decl":{"start":{"line":10,"column":4},"end":{"line":10,"column":5}},"loc":{"start":{"line":10,"column":15},"end":{"line":29,"column":5}},"line":10},"1":{"name":"(anonymous_1)","decl":{"start":{"line":34,"column":4},"end":{"line":34,"column":5}},"loc":{"start":{"line":34,"column":20},"end":{"line":46,"column":5}},"line":34},"2":{"name":"(anonymous_2)","decl":{"start":{"line":51,"column":4},"end":{"line":51,"column":5}},"loc":{"start":{"line":51,"column":13},"end":{"line":66,"column":5}},"line":51},"3":{"name":"(anonymous_3)","decl":{"start":{"line":71,"column":4},"end":{"line":71,"column":5}},"loc":{"start":{"line":71,"column":25},"end":{"line":75,"column":5}},"line":71},"4":{"name":"(anonymous_4)","decl":{"start":{"line":80,"column":4},"end":{"line":80,"column":5}},"loc":{"start":{"line":80,"column":20},"end":{"line":84,"column":5}},"line":80},"5":{"name":"(anonymous_5)","decl":{"start":{"line":89,"column":4},"end":{"line":89,"column":5}},"loc":{"start":{"line":92,"column":6},"end":{"line":166,"column":5}},"line":92}},"branchMap":{"0":{"loc":{"start":{"line":13,"column":19},"end":{"line":13,"column":46}},"type":"binary-expr","locations":[{"start":{"line":13,"column":19},"end":{"line":13,"column":41}},{"start":{"line":13,"column":45},"end":{"line":13,"column":46}}],"line":13},"1":{"loc":{"start":{"line":38,"column":16},"end":{"line":38,"column":51}},"type":"binary-expr","locations":[{"start":{"line":38,"column":16},"end":{"line":38,"column":46}},{"start":{"line":38,"column":50},"end":{"line":38,"column":51}}],"line":38},"2":{"loc":{"start":{"line":94,"column":8},"end":{"line":101,"column":9}},"type":"if","locations":[{"start":{"line":94,"column":8},"end":{"line":101,"column":9}},{"start":{},"end":{}}],"line":94},"3":{"loc":{"start":{"line":103,"column":8},"end":{"line":111,"column":9}},"type":"if","locations":[{"start":{"line":103,"column":8},"end":{"line":111,"column":9}},{"start":{},"end":{}}],"line":103},"4":{"loc":{"start":{"line":113,"column":8},"end":{"line":125,"column":9}},"type":"if","locations":[{"start":{"line":113,"column":8},"end":{"line":125,"column":9}},{"start":{},"end":{}}],"line":113},"5":{"loc":{"start":{"line":129,"column":16},"end":{"line":129,"column":49}},"type":"binary-expr","locations":[{"start":{"line":129,"column":16},"end":{"line":129,"column":44}},{"start":{"line":129,"column":48},"end":{"line":129,"column":49}}],"line":129},"6":{"loc":{"start":{"line":132,"column":8},"end":{"line":143,"column":9}},"type":"if","locations":[{"start":{"line":132,"column":8},"end":{"line":143,"column":9}},{"start":{},"end":{}}],"line":132},"7":{"loc":{"start":{"line":145,"column":8},"end":{"line":155,"column":9}},"type":"if","locations":[{"start":{"line":145,"column":8},"end":{"line":155,"column":9}},{"start":{},"end":{}}],"line":145}},"s":{"0":0,"1":0,"2":0,"3":0,"4":0,"5":0,"6":0,"7":0,"8":0,"9":0,"10":0,"11":0,"12":0,"13":0,"14":0,"15":0,"16":0,"17":0,"18":0,"19":0,"20":0,"21":0,"22":0,"23":0,"24":0},"f":{"0":0,"1":0,"2":0,"3":0,"4":0,"5":0},"b":{"0":[0,0],"1":[0,0],"2":[0,0],"3":[0,0],"4":[0,0],"5":[0,0],"6":[0,0],"7":[0,0]}}
,"/Users/wikiwoo/Desktop/AZSA-MFB/Internet-Banking-Platform/account-service/src/modules/auth/password.service.js": {"path":"/Users/wikiwoo/Desktop/AZSA-MFB/Internet-Banking-Platform/account-service/src/modules/auth/password.service.js","statementMap":{"0":{"start":{"line":1,"column":15},"end":{"line":1,"column":34}},"1":{"start":{"line":9,"column":8},"end":{"line":9,"column":29}},"2":{"start":{"line":17,"column":8},"end":{"line":20,"column":10}},"3":{"start":{"line":32,"column":8},"end":{"line":35,"column":10}},"4":{"start":{"line":44,"column":23},"end":{"line":44,"column":25}},"5":{"start":{"line":46,"column":8},"end":{"line":50,"column":9}},"6":{"start":{"line":47,"column":12},"end":{"line":49,"column":14}},"7":{"start":{"line":52,"column":8},"end":{"line":56,"column":9}},"8":{"start":{"line":53,"column":12},"end":{"line":55,"column":14}},"9":{"start":{"line":58,"column":8},"end":{"line":62,"column":9}},"10":{"start":{"line":59,"column":12},"end":{"line":61,"column":14}},"11":{"start":{"line":64,"column":8},"end":{"line":68,"column":9}},"12":{"start":{"line":65,"column":12},"end":{"line":67,"column":14}},"13":{"start":{"line":70,"column":8},"end":{"line":74,"column":9}},"14":{"start":{"line":71,"column":12},"end":{"line":73,"column":14}},"15":{"start":{"line":76,"column":8},"end":{"line":84,"column":9}},"16":{"start":{"line":81,"column":12},"end":{"line":83,"column":14}},"17":{"start":{"line":86,"column":8},"end":{"line":90,"column":10}},"18":{"start":{"line":96,"column":0},"end":{"line":97,"column":26}}},"fnMap":{"0":{"name":"(anonymous_0)","decl":{"start":{"line":8,"column":4},"end":{"line":8,"column":5}},"loc":{"start":{"line":8,"column":18},"end":{"line":10,"column":5}},"line":8},"1":{"name":"(anonymous_1)","decl":{"start":{"line":15,"column":4},"end":{"line":15,"column":5}},"loc":{"start":{"line":15,"column":25},"end":{"line":22,"column":5}},"line":15},"2":{"name":"(anonymous_2)","decl":{"start":{"line":27,"column":4},"end":{"line":27,"column":5}},"loc":{"start":{"line":30,"column":6},"end":{"line":37,"column":5}},"line":30},"3":{"name":"(anonymous_3)","decl":{"start":{"line":42,"column":4},"end":{"line":42,"column":5}},"loc":{"start":{"line":42,"column":31},"end":{"line":92,"column":5}},"line":42}},"branchMap":{"0":{"loc":{"start":{"line":46,"column":8},"end":{"line":50,"column":9}},"type":"if","locations":[{"start":{"line":46,"column":8},"end":{"line":50,"column":9}},{"start":{},"end":{}}],"line":46},"1":{"loc":{"start":{"line":52,"column":8},"end":{"line":56,"column":9}},"type":"if","locations":[{"start":{"line":52,"column":8},"end":{"line":56,"column":9}},{"start":{},"end":{}}],"line":52},"2":{"loc":{"start":{"line":58,"column":8},"end":{"line":62,"column":9}},"type":"if","locations":[{"start":{"line":58,"column":8},"end":{"line":62,"column":9}},{"start":{},"end":{}}],"line":58},"3":{"loc":{"start":{"line":64,"column":8},"end":{"line":68,"column":9}},"type":"if","locations":[{"start":{"line":64,"column":8},"end":{"line":68,"column":9}},{"start":{},"end":{}}],"line":64},"4":{"loc":{"start":{"line":70,"column":8},"end":{"line":74,"column":9}},"type":"if","locations":[{"start":{"line":70,"column":8},"end":{"line":74,"column":9}},{"start":{},"end":{}}],"line":70},"5":{"loc":{"start":{"line":76,"column":8},"end":{"line":84,"column":9}},"type":"if","locations":[{"start":{"line":76,"column":8},"end":{"line":84,"column":9}},{"start":{},"end":{}}],"line":76}},"s":{"0":0,"1":0,"2":0,"3":0,"4":0,"5":0,"6":0,"7":0,"8":0,"9":0,"10":0,"11":0,"12":0,"13":0,"14":0,"15":0,"16":0,"17":0,"18":0},"f":{"0":0,"1":0,"2":0,"3":0},"b":{"0":[0,0],"1":[0,0],"2":[0,0],"3":[0,0],"4":[0,0],"5":[0,0]}}
,"/Users/wikiwoo/Desktop/AZSA-MFB/Internet-Banking-Platform/account-service/src/modules/auth/pending-registration.model.js": {"path":"/Users/wikiwoo/Desktop/AZSA-MFB/Internet-Banking-Platform/account-service/src/modules/auth/pending-registration.model.js","statementMap":{"0":{"start":{"line":1,"column":17},"end":{"line":1,"column":36}},"1":{"start":{"line":15,"column":4},"end":{"line":83,"column":5}},"2":{"start":{"line":88,"column":0},"end":{"line":95,"column":2}},"3":{"start":{"line":97,"column":0},"end":{"line":100,"column":2}}},"fnMap":{},"branchMap":{},"s":{"0":0,"1":0,"2":0,"3":0},"f":{},"b":{}}
,"/Users/wikiwoo/Desktop/AZSA-MFB/Internet-Banking-Platform/account-service/src/modules/auth/refresh-token.model.js": {"path":"/Users/wikiwoo/Desktop/AZSA-MFB/Internet-Banking-Platform/account-service/src/modules/auth/refresh-token.model.js","statementMap":{"0":{"start":{"line":1,"column":17},"end":{"line":1,"column":36}},"1":{"start":{"line":10,"column":4},"end":{"line":39,"column":5}},"2":{"start":{"line":41,"column":0},"end":{"line":48,"column":2}},"3":{"start":{"line":50,"column":0},"end":{"line":54,"column":6}}},"fnMap":{},"branchMap":{},"s":{"0":0,"1":0,"2":0,"3":0},"f":{},"b":{}}
,"/Users/wikiwoo/Desktop/AZSA-MFB/Internet-Banking-Platform/account-service/src/modules/auth/validators/change-password.validator.js": {"path":"/Users/wikiwoo/Desktop/AZSA-MFB/Internet-Banking-Platform/account-service/src/modules/auth/validators/change-password.validator.js","statementMap":{"0":{"start":{"line":1,"column":17},"end":{"line":1,"column":45}},"1":{"start":{"line":3,"column":0},"end":{"line":38,"column":2}},"2":{"start":{"line":26,"column":12},"end":{"line":32,"column":13}},"3":{"start":{"line":28,"column":16},"end":{"line":30,"column":18}},"4":{"start":{"line":34,"column":12},"end":{"line":34,"column":24}}},"fnMap":{"0":{"name":"(anonymous_0)","decl":{"start":{"line":24,"column":16},"end":{"line":24,"column":17}},"loc":{"start":{"line":24,"column":36},"end":{"line":36,"column":9}},"line":24}},"branchMap":{"0":{"loc":{"start":{"line":26,"column":12},"end":{"line":32,"column":13}},"type":"if","locations":[{"start":{"line":26,"column":12},"end":{"line":32,"column":13}},{"start":{},"end":{}}],"line":26}},"s":{"0":0,"1":0,"2":0,"3":0,"4":0},"f":{"0":0},"b":{"0":[0,0]}}
,"/Users/wikiwoo/Desktop/AZSA-MFB/Internet-Banking-Platform/account-service/src/modules/auth/validators/forgot-password.validator.js": {"path":"/Users/wikiwoo/Desktop/AZSA-MFB/Internet-Banking-Platform/account-service/src/modules/auth/validators/forgot-password.validator.js","statementMap":{"0":{"start":{"line":1,"column":17},"end":{"line":1,"column":45}},"1":{"start":{"line":3,"column":0},"end":{"line":12,"column":2}}},"fnMap":{},"branchMap":{},"s":{"0":0,"1":0},"f":{},"b":{}}
,"/Users/wikiwoo/Desktop/AZSA-MFB/Internet-Banking-Platform/account-service/src/modules/auth/validators/index.js": {"path":"/Users/wikiwoo/Desktop/AZSA-MFB/Internet-Banking-Platform/account-service/src/modules/auth/validators/index.js","statementMap":{"0":{"start":{"line":1,"column":0},"end":{"line":21,"column":2}}},"fnMap":{},"branchMap":{},"s":{"0":0},"f":{},"b":{}}
[...]
,"/Users/wikiwoo/Desktop/AZSA-MFB/Internet-Banking-Platform/account-service/src/modules/auth/validators/reset-password.validator.js": {"path":"/Users/wikiwoo/Desktop/AZSA-MFB/Internet-Banking-Platform/account-service/src/modules/auth/validators/reset-password.validator.js","statementMap":{"0":{"start":{"line":1,"column":17},"end":{"line":1,"column":45}},"1":{"start":{"line":3,"column":0},"end":{"line":39,"column":2}},"2":{"start":{"line":27,"column":12},"end":{"line":33,"column":13}},"3":{"start":{"line":29,"column":16},"end":{"line":31,"column":18}},"4":{"start":{"line":35,"column":12},"end":{"line":35,"column":24}}},"fnMap":{"0":{"name":"(anonymous_0)","decl":{"start":{"line":25,"column":16},"end":{"line":25,"column":17}},"loc":{"start":{"line":25,"column":36},"end":{"line":37,"column":9}},"line":25}},"branchMap":{"0":{"loc":{"start":{"line":27,"column":12},"end":{"line":33,"column":13}},"type":"if","locations":[{"start":{"line":27,"column":12},"end":{"line":33,"column":13}},{"start":{},"end":{}}],"line":27}},"s":{"0":0,"1":0,"2":0,"3":0,"4":0},"f":{"0":0},"b":{"0":[0,0]}}
,"/Users/wikiwoo/Desktop/AZSA-MFB/Internet-Banking-Platform/account-service/src/modules/auth/validators/verify-otp.validator.js": {"path":"/Users/wikiwoo/Desktop/AZSA-MFB/Internet-Banking-Platform/account-service/src/modules/auth/validators/verify-otp.validator.js","statementMap":{"0":{"start":{"line":1,"column":17},"end":{"line":1,"column":45}},"1":{"start":{"line":3,"column":0},"end":{"line":36,"column":2}}},"fnMap":{},"branchMap":{},"s":{"0":0,"1":0},"f":{},"b":{}}
,"/Users/wikiwoo/Desktop/AZSA-MFB/Internet-Banking-Platform/account-service/src/modules/customer/customer.controller.js": {"path":"/Users/wikiwoo/Desktop/AZSA-MFB/Internet-Banking-Platform/account-service/src/modules/customer/customer.controller.js","statementMap":{"0":{"start":{"line":1,"column":16},"end":{"line":1,"column":45}},"1":{"start":{"line":3,"column":20},"end":{"line":3,"column":59}},"2":{"start":{"line":8,"column":18},"end":{"line":18,"column":1}},"3":{"start":{"line":11,"column":8},"end":{"line":11,"column":52}},"4":{"start":{"line":13,"column":4},"end":{"line":16,"column":7}},"5":{"start":{"line":23,"column":17},"end":{"line":33,"column":1}},"6":{"start":{"line":26,"column":8},"end":{"line":26,"column":51}},"7":{"start":{"line":28,"column":4},"end":{"line":31,"column":7}},"8":{"start":{"line":38,"column":24},"end":{"line":63,"column":1}},"9":{"start":{"line":45,"column":8},"end":{"line":45,"column":17}},"10":{"start":{"line":48,"column":8},"end":{"line":56,"column":9}},"11":{"start":{"line":58,"column":4},"end":{"line":61,"column":7}},"12":{"start":{"line":65,"column":0},"end":{"line":73,"column":2}}},"fnMap":{"0":{"name":"(anonymous_0)","decl":{"start":{"line":8,"column":18},"end":{"line":8,"column":19}},"loc":{"start":{"line":8,"column":38},"end":{"line":18,"column":1}},"line":8},"1":{"name":"(anonymous_1)","decl":{"start":{"line":23,"column":17},"end":{"line":23,"column":18}},"loc":{"start":{"line":23,"column":37},"end":{"line":33,"column":1}},"line":23},"2":{"name":"(anonymous_2)","decl":{"start":{"line":38,"column":24},"end":{"line":38,"column":25}},"loc":{"start":{"line":38,"column":44},"end":{"line":63,"column":1}},"line":38}},"branchMap":{"0":{"loc":{"start":{"line":51,"column":22},"end":{"line":51,"column":53}},"type":"cond-expr","locations":[{"start":{"line":51,"column":29},"end":{"line":51,"column":41}},{"start":{"line":51,"column":44},"end":{"line":51,"column":53}}],"line":51},"1":{"loc":{"start":{"line":52,"column":23},"end":{"line":52,"column":56}},"type":"cond-expr","locations":[{"start":{"line":52,"column":31},"end":{"line":52,"column":44}},{"start":{"line":52,"column":47},"end":{"line":52,"column":56}}],"line":52}},"s":{"0":0,"1":0,"2":0,"3":0,"4":0,"5":0,"6":0,"7":0,"8":0,"9":0,"10":0,"11":0,"12":0},"f":{"0":0,"1":0,"2":0},"b":{"0":[0,0],"1":[0,0]}}
,"/Users/wikiwoo/Desktop/AZSA-MFB/Internet-Banking-Platform/account-service/src/modules/customer/customer.routes.js": {"path":"/Users/wikiwoo/Desktop/AZSA-MFB/Internet-Banking-Platform/account-service/src/modules/customer/customer.routes.js","statementMap":{"0":{"start":{"line":1,"column":16},"end":{"line":1,"column":34}},"1":{"start":{"line":3,"column":15},"end":{"line":3,"column":31}},"2":{"start":{"line":5,"column":19},"end":{"line":5,"column":51}},"3":{"start":{"line":7,"column":18},"end":{"line":7,"column":49}},"4":{"start":{"line":9,"column":17},"end":{"line":9,"column":66}},"5":{"start":{"line":14,"column":0},"end":{"line":19,"column":2}},"6":{"start":{"line":24,"column":0},"end":{"line":29,"column":2}},"7":{"start":{"line":34,"column":0},"end":{"line":39,"column":2}},"8":{"start":{"line":41,"column":0},"end":{"line":41,"column":24}}},"fnMap":{},"branchMap":{},"s":{"0":0,"1":0,"2":0,"3":0,"4":0,"5":0,"6":0,"7":0,"8":0},"f":{},"b":{}}
,"/Users/wikiwoo/Desktop/AZSA-MFB/Internet-Banking-Platform/account-service/src/modules/customer/customer.service.js": {"path":"/Users/wikiwoo/Desktop/AZSA-MFB/Internet-Banking-Platform/account-service/src/modules/customer/customer.service.js","statementMap":{"0":{"start":{"line":1,"column":35},"end":{"line":1,"column":73}},"1":{"start":{"line":11,"column":12},"end":{"line":11,"column":52}},"2":{"start":{"line":13,"column":8},"end":{"line":38,"column":10}},"3":{"start":{"line":48,"column":12},"end":{"line":48,"column":60}},"4":{"start":{"line":50,"column":8},"end":{"line":50,"column":43}},"5":{"start":{"line":74,"column":12},"end":{"line":76,"column":13}},"6":{"start":{"line":78,"column":8},"end":{"line":116,"column":9}},"7":{"start":{"line":81,"column":16},"end":{"line":81,"column":54}},"8":{"start":{"line":84,"column":16},"end":{"line":84,"column":50}},"9":{"start":{"line":86,"column":12},"end":{"line":114,"column":19}},"10":{"start":{"line":93,"column":24},"end":{"line":93,"column":40}},"11":{"start":{"line":96,"column":24},"end":{"line":98,"column":25}},"12":{"start":{"line":100,"column":20},"end":{"line":104,"column":21}},"13":{"start":{"line":102,"column":24},"end":{"line":102,"column":37}},"14":{"start":{"line":106,"column":20},"end":{"line":110,"column":21}},"15":{"start":{"line":108,"column":24},"end":{"line":108,"column":37}},"16":{"start":{"line":112,"column":20},"end":{"line":112,"column":32}},"17":{"start":{"line":118,"column":22},"end":{"line":118,"column":41}},"18":{"start":{"line":120,"column":27},"end":{"line":120,"column":45}},"19":{"start":{"line":123,"column":12},"end":{"line":126,"column":13}},"20":{"start":{"line":128,"column":8},"end":{"line":142,"column":10}},"21":{"start":{"line":148,"column":0},"end":{"line":148,"column":39}}},"fnMap":{"0":{"name":"(anonymous_0)","decl":{"start":{"line":8,"column":4},"end":{"line":8,"column":5}},"loc":{"start":{"line":8,"column":30},"end":{"line":40,"column":5}},"line":8},"1":{"name":"(anonymous_1)","decl":{"start":{"line":45,"column":4},"end":{"line":45,"column":5}},"loc":{"start":{"line":45,"column":29},"end":{"line":52,"column":5}},"line":45},"2":{"name":"(anonymous_2)","decl":{"start":{"line":63,"column":4},"end":{"line":63,"column":5}},"loc":{"start":{"line":71,"column":6},"end":{"line":144,"column":5}},"line":71},"3":{"name":"(anonymous_3)","decl":{"start":{"line":87,"column":36},"end":{"line":87,"column":37}},"loc":{"start":{"line":87,"column":53},"end":{"line":114,"column":17}},"line":87}},"branchMap":{"0":{"loc":{"start":{"line":24,"column":16},"end":{"line":24,"column":43}},"type":"binary-expr","locations":[{"start":{"line":24,"column":16},"end":{"line":24,"column":35}},{"start":{"line":24,"column":39},"end":{"line":24,"column":43}}],"line":24},"1":{"loc":{"start":{"line":30,"column":16},"end":{"line":30,"column":41}},"type":"binary-expr","locations":[{"start":{"line":30,"column":16},"end":{"line":30,"column":33}},{"start":{"line":30,"column":37},"end":{"line":30,"column":41}}],"line":30},"2":{"loc":{"start":{"line":33,"column":16},"end":{"line":33,"column":45}},"type":"binary-expr","locations":[{"start":{"line":33,"column":16},"end":{"line":33,"column":37}},{"start":{"line":33,"column":41},"end":{"line":33,"column":45}}],"line":33},"3":{"loc":{"start":{"line":50,"column":15},"end":{"line":50,"column":42}},"type":"binary-expr","locations":[{"start":{"line":50,"column":15},"end":{"line":50,"column":36}},{"start":{"line":50,"column":40},"end":{"line":50,"column":42}}],"line":50},"4":{"loc":{"start":{"line":65,"column":8},"end":{"line":70,"column":14}},"type":"default-arg","locations":[{"start":{"line":70,"column":12},"end":{"line":70,"column":14}}],"line":65},"5":{"loc":{"start":{"line":66,"column":12},"end":{"line":66,"column":20}},"type":"default-arg","locations":[{"start":{"line":66,"column":19},"end":{"line":66,"column":20}}],"line":66},"6":{"loc":{"start":{"line":67,"column":12},"end":{"line":67,"column":22}},"type":"default-arg","locations":[{"start":{"line":67,"column":20},"end":{"line":67,"column":22}}],"line":67},"7":{"loc":{"start":{"line":78,"column":8},"end":{"line":116,"column":9}},"type":"if","locations":[{"start":{"line":78,"column":8},"end":{"line":116,"column":9}},{"start":{},"end":{}}],"line":78},"8":{"loc":{"start":{"line":78,"column":12},"end":{"line":78,"column":32}},"type":"binary-expr","locations":[{"start":{"line":78,"column":12},"end":{"line":78,"column":21}},{"start":{"line":78,"column":25},"end":{"line":78,"column":32}}],"line":78},"9":{"loc":{"start":{"line":81,"column":16},"end":{"line":81,"column":54}},"type":"cond-expr","locations":[{"start":{"line":81,"column":28},"end":{"line":81,"column":47}},{"start":{"line":81,"column":50},"end":{"line":81,"column":54}}],"line":81},"10":{"loc":{"start":{"line":84,"column":16},"end":{"line":84,"column":50}},"type":"cond-expr","locations":[{"start":{"line":84,"column":26},"end":{"line":84,"column":43}},{"start":{"line":84,"column":46},"end":{"line":84,"column":50}}],"line":84},"11":{"loc":{"start":{"line":100,"column":20},"end":{"line":104,"column":21}},"type":"if","locations":[{"start":{"line":100,"column":20},"end":{"line":104,"column":21}},{"start":{},"end":{}}],"line":100},"12":{"loc":{"start":{"line":100,"column":24},"end":{"line":100,"column":56}},"type":"binary-expr","locations":[{"start":{"line":100,"column":24},"end":{"line":100,"column":29}},{"start":{"line":100,"column":33},"end":{"line":100,"column":56}}],"line":100},"13":{"loc":{"start":{"line":106,"column":20},"end":{"line":110,"column":21}},"type":"if","locations":[{"start":{"line":106,"column":20},"end":{"line":110,"column":21}},{"start":{},"end":{}}],"line":106},"14":{"loc":{"start":{"line":106,"column":24},"end":{"line":106,"column":52}},"type":"binary-expr","locations":[{"start":{"line":106,"column":24},"end":{"line":106,"column":27}},{"start":{"line":106,"column":31},"end":{"line":106,"column":52}}],"line":106}},"s":{"0":0,"1":0,"2":0,"3":0,"4":0,"5":0,"6":0,"7":0,"8":0,"9":0,"10":0,"11":0,"12":0,"13":0,"14":0,"15":0,"16":0,"17":0,"18":0,"19":0,"20":0,"21":0},"f":{"0":0,"1":0,"2":0,"3":0},"b":{"0":[0,0],"1":[0,0],"2":[0,0],"3":[0,0],"4":[0],"5":[0],"6":[0],"7":[0,0],"8":[0,0],"9":[0,0],"10":[0,0],"11":[0,0],"12":[0,0],"13":[0,0],"14":[0,0]}}
,"/Users/wikiwoo/Desktop/AZSA-MFB/Internet-Banking-Platform/account-service/src/modules/customer/customer.validator.js": {"path":"/Users/wikiwoo/Desktop/AZSA-MFB/Internet-Banking-Platform/account-service/src/modules/customer/customer.validator.js","statementMap":{"0":{"start":{"line":4,"column":4},"end":{"line":4,"column":31}},"1":{"start":{"line":6,"column":0},"end":{"line":69,"column":2}}},"fnMap":{},"branchMap":{},"s":{"0":0,"1":0},"f":{},"b":{}}
,"/Users/wikiwoo/Desktop/AZSA-MFB/Internet-Banking-Platform/account-service/src/modules/customer/index.js": {"path":"/Users/wikiwoo/Desktop/AZSA-MFB/Internet-Banking-Platform/account-service/src/modules/customer/index.js","statementMap":{"0":{"start":{"line":1,"column":0},"end":{"line":1,"column":46}}},"fnMap":{},"branchMap":{},"s":{"0":0},"f":{},"b":{}}
,"/Users/wikiwoo/Desktop/AZSA-MFB/Internet-Banking-Platform/account-service/src/modules/health/health.controller.js": {"path":"/Users/wikiwoo/Desktop/AZSA-MFB/Internet-Banking-Platform/account-service/src/modules/health/health.controller.js","statementMap":{"0":{"start":{"line":1,"column":16},"end":{"line":1,"column":39}},"1":{"start":{"line":2,"column":20},"end":{"line":2,"column":59}},"2":{"start":{"line":4,"column":15},"end":{"line":13,"column":1}},"3":{"start":{"line":5,"column":4},"end":{"line":12,"column":7}},"4":{"start":{"line":15,"column":0},"end":{"line":17,"column":2}}},"fnMap":{"0":{"name":"(anonymous_0)","decl":{"start":{"line":4,"column":15},"end":{"line":4,"column":16}},"loc":{"start":{"line":4,"column":35},"end":{"line":13,"column":1}},"line":4}},"branchMap":{},"s":{"0":0,"1":0,"2":0,"3":0,"4":0},"f":{"0":0},"b":{}}
,"/Users/wikiwoo/Desktop/AZSA-MFB/Internet-Banking-Platform/account-service/src/modules/health/health.routes.js": {"path":"/Users/wikiwoo/Desktop/AZSA-MFB/Internet-Banking-Platform/account-service/src/modules/health/health.routes.js","statementMap":{"0":{"start":{"line":1,"column":16},"end":{"line":1,"column":34}},"1":{"start":{"line":3,"column":19},"end":{"line":3,"column":49}},"2":{"start":{"line":5,"column":15},"end":{"line":5,"column":31}},"3":{"start":{"line":7,"column":0},"end":{"line":7,"column":41}},"4":{"start":{"line":9,"column":0},"end":{"line":9,"column":24}}},"fnMap":{},"branchMap":{},"s":{"0":0,"1":0,"2":0,"3":0,"4":0},"f":{},"b":{}}
,"/Users/wikiwoo/Desktop/AZSA-MFB/Internet-Banking-Platform/account-service/src/modules/health/index.js": {"path":"/Users/wikiwoo/Desktop/AZSA-MFB/Internet-Banking-Platform/account-service/src/modules/health/index.js","statementMap":{"0":{"start":{"line":1,"column":15},"end":{"line":1,"column":41}},"1":{"start":{"line":3,"column":0},"end":{"line":3,"column":24}}},"fnMap":{},"branchMap":{},"s":{"0":0,"1":0},"f":{},"b":{}}
,"/Users/wikiwoo/Desktop/AZSA-MFB/Internet-Banking-Platform/account-service/src/responses/api.response.js": {"path":"/Users/wikiwoo/Desktop/AZSA-MFB/Internet-Banking-Platform/account-service/src/responses/api.response.js","statementMap":{"0":{"start":{"line":7,"column":16},"end":{"line":25,"column":1}},"1":{"start":{"line":16,"column":4},"end":{"line":24,"column":7}},"2":{"start":{"line":27,"column":16},"end":{"line":41,"column":1}},"3":{"start":{"line":35,"column":4},"end":{"line":40,"column":7}},"4":{"start":{"line":43,"column":18},"end":{"line":45,"column":1}},"5":{"start":{"line":44,"column":4},"end":{"line":44,"column":34}},"6":{"start":{"line":47,"column":0},"end":{"line":51,"column":2}}},"fnMap":{"0":{"name":"(anonymous_0)","decl":{"start":{"line":7,"column":16},"end":{"line":7,"column":17}},"loc":{"start":{"line":15,"column":5},"end":{"line":25,"column":1}},"line":15},"1":{"name":"(anonymous_1)","decl":{"start":{"line":27,"column":16},"end":{"line":27,"column":17}},"loc":{"start":{"line":34,"column":5},"end":{"line":41,"column":1}},"line":34},"2":{"name":"(anonymous_2)","decl":{"start":{"line":43,"column":18},"end":{"line":43,"column":19}},"loc":{"start":{"line":43,"column":27},"end":{"line":45,"column":1}},"line":43}},"branchMap":{"0":{"loc":{"start":{"line":9,"column":4},"end":{"line":14,"column":10}},"type":"default-arg","locations":[{"start":{"line":14,"column":8},"end":{"line":14,"column":10}}],"line":9},"1":{"loc":{"start":{"line":10,"column":8},"end":{"line":10,"column":24}},"type":"default-arg","locations":[{"start":{"line":10,"column":21},"end":{"line":10,"column":24}}],"line":10},"2":{"loc":{"start":{"line":11,"column":8},"end":{"line":11,"column":53}},"type":"default-arg","locations":[{"start":{"line":11,"column":18},"end":{"line":11,"column":53}}],"line":11},"3":{"loc":{"start":{"line":12,"column":8},"end":{"line":12,"column":19}},"type":"default-arg","locations":[{"start":{"line":12,"column":15},"end":{"line":12,"column":19}}],"line":12},"4":{"loc":{"start":{"line":13,"column":8},"end":{"line":13,"column":17}},"type":"default-arg","locations":[{"start":{"line":13,"column":15},"end":{"line":13,"column":17}}],"line":13},"5":{"loc":{"start":{"line":29,"column":4},"end":{"line":33,"column":10}},"type":"default-arg","locations":[{"start":{"line":33,"column":8},"end":{"line":33,"column":10}}],"line":29},"6":{"loc":{"start":{"line":30,"column":8},"end":{"line":30,"column":50}},"type":"default-arg","locations":[{"start":{"line":30,"column":18},"end":{"line":30,"column":50}}],"line":30},"7":{"loc":{"start":{"line":31,"column":8},"end":{"line":31,"column":19}},"type":"default-arg","locations":[{"start":{"line":31,"column":15},"end":{"line":31,"column":19}}],"line":31},"8":{"loc":{"start":{"line":32,"column":8},"end":{"line":32,"column":17}},"type":"default-arg","locations":[{"start":{"line":32,"column":15},"end":{"line":32,"column":17}}],"line":32}},"s":{"0":0,"1":0,"2":0,"3":0,"4":0,"5":0,"6":0},"f":{"0":0,"1":0,"2":0},"b":{"0":[0],"1":[0],"2":[0],"3":[0],"4":[0],"5":[0],"6":[0],"7":[0],"8":[0]}}
,"/Users/wikiwoo/Desktop/AZSA-MFB/Internet-Banking-Platform/account-service/src/validators/common.validators.js": {"path":"/Users/wikiwoo/Desktop/AZSA-MFB/Internet-Banking-Platform/account-service/src/validators/common.validators.js","statementMap":{"0":{"start":{"line":1,"column":31},"end":{"line":1,"column":59}},"1":{"start":{"line":7,"column":22},"end":{"line":15,"column":64}},"2":{"start":{"line":8,"column":4},"end":{"line":15,"column":64}},"3":{"start":{"line":17,"column":14},"end":{"line":24,"column":25}},"4":{"start":{"line":18,"column":4},"end":{"line":24,"column":25}},"5":{"start":{"line":26,"column":20},"end":{"line":32,"column":45}},"6":{"start":{"line":27,"column":4},"end":{"line":32,"column":45}},"7":{"start":{"line":34,"column":23},"end":{"line":38,"column":45}},"8":{"start":{"line":35,"column":4},"end":{"line":38,"column":45}},"9":{"start":{"line":40,"column":0},"end":{"line":48,"column":2}}},"fnMap":{"0":{"name":"(anonymous_0)","decl":{"start":{"line":7,"column":22},"end":{"line":7,"column":23}},"loc":{"start":{"line":8,"column":4},"end":{"line":15,"column":64}},"line":8},"1":{"name":"(anonymous_1)","decl":{"start":{"line":17,"column":14},"end":{"line":17,"column":15}},"loc":{"start":{"line":18,"column":4},"end":{"line":24,"column":25}},"line":18},"2":{"name":"(anonymous_2)","decl":{"start":{"line":26,"column":20},"end":{"line":26,"column":21}},"loc":{"start":{"line":27,"column":4},"end":{"line":32,"column":45}},"line":27},"3":{"name":"(anonymous_3)","decl":{"start":{"line":34,"column":23},"end":{"line":34,"column":24}},"loc":{"start":{"line":35,"column":4},"end":{"line":38,"column":45}},"line":35}},"branchMap":{"0":{"loc":{"start":{"line":7,"column":23},"end":{"line":7,"column":46}},"type":"default-arg","locations":[{"start":{"line":7,"column":31},"end":{"line":7,"column":46}}],"line":7},"1":{"loc":{"start":{"line":17,"column":15},"end":{"line":17,"column":30}},"type":"default-arg","locations":[{"start":{"line":17,"column":23},"end":{"line":17,"column":30}}],"line":17},"2":{"loc":{"start":{"line":26,"column":21},"end":{"line":26,"column":42}},"type":"default-arg","locations":[{"start":{"line":26,"column":29},"end":{"line":26,"column":42}}],"line":26}},"s":{"0":0,"1":0,"2":0,"3":0,"4":0,"5":0,"6":0,"7":0,"8":0,"9":0},"f":{"0":0,"1":0,"2":0,"3":0},"b":{"0":[0],"1":[0],"2":[0]}}
,"/Users/wikiwoo/Desktop/AZSA-MFB/Internet-Banking-Platform/account-service/src/validators/index.js": {"path":"/Users/wikiwoo/Desktop/AZSA-MFB/Internet-Banking-Platform/account-service/src/validators/index.js","statementMap":{"0":{"start":{"line":1,"column":0},"end":{"line":1,"column":48}}},"fnMap":{},"branchMap":{},"s":{"0":0},"f":{},"b":{}}
}
