TN:
SF:src/app.js
FNF:0
FNH:0
DA:1,0
DA:3,0
DA:5,0
DA:7,0
DA:8,0
DA:9,0
DA:11,0
DA:13,0
DA:15,0
DA:17,0
DA:22,0
DA:27,0
DA:32,0
DA:37,0
DA:39,0
LF:15
LH:0
BRF:0
BRH:0
end_of_record
TN:
SF:src/config/app.config.js
FN:15,(anonymous_0)
FN:28,(anonymous_1)
FNF:2
FNH:1
FNDA:8,(anonymous_0)
FNDA:0,(anonymous_1)
DA:1,1
DA:3,1
DA:14,1
DA:15,8
DA:18,1
DA:20,0
DA:22,0
DA:23,0
DA:24,0
DA:26,0
DA:28,0
DA:30,0
DA:34,0
DA:36,0
DA:40,1
DA:81,1
LF:16
LH:7
BRDA:18,0,0,0
BRDA:18,0,1,1
BRDA:44,1,0,1
BRDA:44,1,1,0
BRDA:50,2,0,1
BRDA:50,2,1,0
BRF:6
BRH:3
end_of_record
TN:
SF:src/config/database.config.js
FN:6,(anonymous_0)
FN:19,(anonymous_1)
FN:23,(anonymous_2)
FN:27,(anonymous_3)
FNF:4
FNH:0
FNDA:0,(anonymous_0)
FNDA:0,(anonymous_1)
FNDA:0,(anonymous_2)
FNDA:0,(anonymous_3)
DA:1,0
DA:3,0
DA:4,0
DA:6,0
DA:7,0
DA:8,0
DA:12,0
DA:14,0
DA:15,0
DA:19,0
DA:20,0
DA:23,0
DA:24,0
DA:27,0
DA:28,0
DA:31,0
LF:16
LH:0
BRF:0
BRH:0
end_of_record
TN:
SF:src/config/index.js
FNF:0
FNH:0
DA:1,0
DA:2,0
DA:3,0
DA:5,0
LF:4
LH:0
BRF:0
BRH:0
end_of_record
TN:
SF:src/config/logger.config.js
FNF:0
FNH:0
DA:1,0
DA:3,0
DA:18,0
LF:3
LH:0
BRDA:4,0,0,0
BRDA:4,0,1,0
BRDA:6,1,0,0
BRDA:6,1,1,0
BRF:4
BRH:0
end_of_record
TN:
SF:src/errors/api.error.js
FN:8,(anonymous_0)
FNF:1
FNH:0
FNDA:0,(anonymous_0)
DA:15,0
DA:17,0
DA:19,0
DA:21,0
DA:23,0
DA:25,0
DA:27,0
DA:31,0
LF:8
LH:0
BRDA:9,0,0,0
BRDA:10,1,0,0
BRDA:11,2,0,0
BRDA:12,3,0,0
BRDA:13,4,0,0
BRF:5
BRH:0
end_of_record
TN:
SF:src/errors/index.js
FNF:0
FNH:0
DA:1,0
LF:1
LH:0
BRF:0
BRH:0
end_of_record
TN:
SF:src/errors/classes/authentication.error.js
FN:4,(anonymous_0)
FNF:1
FNH:0
FNDA:0,(anonymous_0)
DA:1,0
DA:7,0
DA:15,0
LF:3
LH:0
BRDA:5,0,0,0
BRF:1
BRH:0
end_of_record
TN:
SF:src/errors/classes/authorization.error.js
FN:4,(anonymous_0)
FNF:1
FNH:0
FNDA:0,(anonymous_0)
DA:1,0
DA:7,0
DA:15,0
LF:3
LH:0
BRDA:5,0,0,0
BRF:1
BRH:0
end_of_record
TN:
SF:src/errors/classes/business-rule.error.js
FN:4,(anonymous_0)
FNF:1
FNH:0
FNDA:0,(anonymous_0)
DA:1,0
DA:7,0
DA:15,0
LF:3
LH:0
BRDA:5,0,0,0
BRF:1
BRH:0
end_of_record
TN:
SF:src/errors/classes/conflict.error.js
FN:4,(anonymous_0)
FNF:1
FNH:0
FNDA:0,(anonymous_0)
DA:1,0
DA:7,0
DA:15,0
LF:3
LH:0
BRDA:5,0,0,0
BRF:1
BRH:0
end_of_record
TN:
SF:src/errors/classes/not-found.error.js
FN:4,(anonymous_0)
FNF:1
FNH:0
FNDA:0,(anonymous_0)
DA:1,0
DA:7,0
DA:15,0
LF:3
LH:0
BRDA:5,0,0,0
BRF:1
BRH:0
end_of_record
TN:
SF:src/errors/classes/validation.error.js
FN:4,(anonymous_0)
FNF:1
FNH:0
FNDA:0,(anonymous_0)
DA:1,0
DA:8,0
DA:17,0
LF:3
LH:0
BRDA:5,0,0,0
BRDA:6,1,0,0
BRF:2
BRH:0
end_of_record
TN:
SF:src/integrations/account/index.js
FNF:0
FNH:0
DA:1,0
LF:1
LH:0
BRF:0
BRH:0
end_of_record
TN:
SF:src/integrations/fineract/accounts.api.js
FN:8,(anonymous_0)
FN:19,(anonymous_1)
FNF:2
FNH:0
FNDA:0,(anonymous_0)
FNDA:0,(anonymous_1)
DA:1,0
DA:11,0
DA:13,0
DA:22,0
DA:24,0
DA:29,0
LF:6
LH:0
BRF:0
BRH:0
end_of_record
TN:
SF:src/integrations/fineract/fineract.adapter.js
FN:13,(anonymous_0)
FNF:1
FNH:0
FNDA:0,(anonymous_0)
DA:1,0
DA:16,0
DA:21,0
DA:25,0
DA:66,0
LF:5
LH:0
BRDA:46,0,0,0
BRDA:46,0,1,0
BRDA:52,1,0,0
BRDA:52,1,1,0
BRDA:55,2,0,0
BRDA:55,2,1,0
BRF:6
BRH:0
end_of_record
TN:
SF:src/integrations/fineract/fineract.client.js
FN:41,(anonymous_0)
FN:59,(anonymous_1)
FN:72,(anonymous_2)
FN:111,(anonymous_3)
FN:121,(anonymous_4)
FN:137,(anonymous_5)
FN:155,(anonymous_6)
FNF:7
FNH:0
FNDA:0,(anonymous_0)
FNDA:0,(anonymous_1)
FNDA:0,(anonymous_2)
FNDA:0,(anonymous_3)
FNDA:0,(anonymous_4)
FNDA:0,(anonymous_5)
FNDA:0,(anonymous_6)
DA:1,0
DA:2,0
DA:4,0
DA:9,0
DA:41,0
DA:43,0
DA:44,0
DA:45,0
DA:46,0
DA:47,0
DA:48,0
DA:50,0
DA:57,0
DA:61,0
DA:62,0
DA:63,0
DA:64,0
DA:65,0
DA:66,0
DA:68,0
DA:74,0
DA:75,0
DA:76,0
DA:77,0
DA:79,0
DA:81,0
DA:82,0
DA:83,0
DA:87,0
DA:88,0
DA:90,0
DA:92,0
DA:98,0
DA:100,0
DA:113,0
DA:117,0
DA:123,0
DA:127,0
DA:139,0
DA:143,0
DA:157,0
DA:161,0
DA:167,0
LF:43
LH:0
BRDA:79,0,0,0
BRDA:79,0,1,0
BRDA:90,1,0,0
BRDA:90,1,1,0
BRDA:161,2,0,0
BRDA:161,2,1,0
BRF:6
BRH:0
end_of_record
TN:
SF:src/integrations/fineract/index.js
FNF:0
FNH:0
DA:1,0
LF:1
LH:0
BRF:0
BRH:0
end_of_record
TN:
SF:src/middleware/error-handler.middleware.js
FN:4,(anonymous_0)
FNF:1
FNH:0
FNDA:0,(anonymous_0)
DA:1,0
DA:2,0
DA:4,0
DA:5,0
DA:7,0
DA:8,0
DA:18,0
DA:26,0
DA:38,0
DA:39,0
DA:42,0
DA:45,0
LF:12
LH:0
BRDA:7,0,0,0
BRDA:7,0,1,0
BRDA:38,1,0,0
BRDA:38,1,1,0
BRF:4
BRH:0
end_of_record
TN:
SF:src/middleware/not-found.middleware.js
FN:3,(anonymous_0)
FNF:1
FNH:0
FNDA:0,(anonymous_0)
DA:1,0
DA:3,0
DA:4,0
DA:11,0
LF:4
LH:0
BRF:0
BRH:0
end_of_record
TN:
SF:src/middleware/request-logger.middleware.js
FN:3,(anonymous_0)
FN:6,(anonymous_1)
FNF:2
FNH:0
FNDA:0,(anonymous_0)
FNDA:0,(anonymous_1)
DA:1,0
DA:3,0
DA:4,0
DA:6,0
DA:7,0
DA:9,0
DA:22,0
DA:25,0
LF:8
LH:0
BRF:0
BRH:0
end_of_record
TN:
SF:src/middleware/validation.middleware.js
FN:5,(anonymous_0)
FN:12,(anonymous_1)
FNF:2
FNH:0
FNDA:0,(anonymous_0)
FNDA:0,(anonymous_1)
DA:1,0
DA:3,0
DA:5,0
DA:6,0
DA:8,0
DA:9,0
DA:12,0
DA:18,0
DA:26,0
LF:9
LH:0
BRDA:8,0,0,0
BRDA:8,0,1,0
BRDA:13,1,0,0
BRDA:13,1,1,0
BRF:4
BRH:0
end_of_record
TN:
SF:src/modules/accounts/account-number.generator.js
FN:15,(anonymous_0)
FNF:1
FNH:0
FNDA:0,(anonymous_0)
DA:1,0
DA:17,0
DA:20,0
DA:26,0
DA:30,0
DA:31,0
DA:40,0
LF:7
LH:0
BRDA:30,0,0,0
BRDA:30,0,1,0
BRF:2
BRH:0
end_of_record
TN:
SF:src/modules/accounts/account.controller.js
FN:8,(anonymous_0)
FN:23,(anonymous_1)
FN:38,(anonymous_2)
FN:55,(anonymous_3)
FN:72,(anonymous_4)
FN:89,(anonymous_5)
FN:105,(anonymous_6)
FNF:7
FNH:0
FNDA:0,(anonymous_0)
FNDA:0,(anonymous_1)
FNDA:0,(anonymous_2)
FNDA:0,(anonymous_3)
FNDA:0,(anonymous_4)
FNDA:0,(anonymous_5)
FNDA:0,(anonymous_6)
DA:1,0
DA:3,0
DA:8,0
DA:11,0
DA:13,0
DA:23,0
DA:26,0
DA:28,0
DA:38,0
DA:41,0
DA:45,0
DA:55,0
DA:58,0
DA:62,0
DA:72,0
DA:75,0
DA:79,0
DA:89,0
DA:92,0
DA:96,0
DA:105,0
DA:108,0
DA:112,0
DA:119,0
LF:24
LH:0
BRF:0
BRH:0
end_of_record
TN:
SF:src/modules/accounts/account.model.js
FNF:0
FNH:0
DA:1,1
DA:3,1
DA:102,1
LF:3
LH:3
BRF:0
BRH:0
end_of_record
TN:
SF:src/modules/accounts/account.repository.js
FN:8,(anonymous_0)
FN:17,(anonymous_1)
FN:28,(anonymous_2)
FN:39,(anonymous_3)
FN:50,(anonymous_4)
FN:61,(anonymous_5)
FN:72,(anonymous_6)
FN:83,(anonymous_7)
FN:95,(anonymous_8)
FN:115,(anonymous_9)
FN:140,(anonymous_10)
FN:149,(anonymous_11)
FN:164,(anonymous_12)
FN:177,(anonymous_13)
FN:192,(anonymous_14)
FN:207,(anonymous_15)
FN:220,(anonymous_16)
FN:233,(anonymous_17)
FNF:18
FNH:0
FNDA:0,(anonymous_0)
FNDA:0,(anonymous_1)
FNDA:0,(anonymous_2)
FNDA:0,(anonymous_3)
FNDA:0,(anonymous_4)
FNDA:0,(anonymous_5)
FNDA:0,(anonymous_6)
FNDA:0,(anonymous_7)
FNDA:0,(anonymous_8)
FNDA:0,(anonymous_9)
FNDA:0,(anonymous_10)
FNDA:0,(anonymous_11)
FNDA:0,(anonymous_12)
FNDA:0,(anonymous_13)
FNDA:0,(anonymous_14)
FNDA:0,(anonymous_15)
FNDA:0,(anonymous_16)
FNDA:0,(anonymous_17)
DA:1,1
DA:10,0
DA:19,0
DA:30,0
DA:41,0
DA:52,0
DA:63,0
DA:74,0
DA:85,0
DA:97,0
DA:120,0
DA:142,0
DA:153,0
DA:166,0
DA:181,0
DA:196,0
DA:209,0
DA:222,0
DA:235,0
DA:241,1
LF:20
LH:2
BRF:0
BRH:0
end_of_record
TN:
SF:src/modules/accounts/account.routes.js
FNF:0
FNH:0
DA:1,0
DA:3,0
DA:5,0
DA:12,0
DA:14,0
DA:25,0
DA:35,0
DA:51,0
DA:61,0
DA:69,0
DA:77,0
DA:85,0
DA:92,0
LF:13
LH:0
BRF:0
BRH:0
end_of_record
TN:
SF:src/modules/accounts/account.service.js
FN:18,(anonymous_0)
FN:49,(anonymous_1)
FN:69,(anonymous_2)
FN:80,(anonymous_3)
FN:104,(anonymous_4)
FN:137,(anonymous_5)
FN:238,(anonymous_6)
FNF:7
FNH:0
FNDA:0,(anonymous_0)
FNDA:0,(anonymous_1)
FNDA:0,(anonymous_2)
FNDA:0,(anonymous_3)
FNDA:0,(anonymous_4)
FNDA:0,(anonymous_5)
FNDA:0,(anonymous_6)
DA:1,0
DA:2,0
DA:7,0
DA:11,0
DA:21,0
DA:25,0
DA:26,0
DA:32,0
DA:36,0
DA:37,0
DA:42,0
DA:52,0
DA:56,0
DA:57,0
DA:62,0
DA:71,0
DA:85,0
DA:89,0
DA:91,0
DA:97,0
DA:107,0
DA:111,0
DA:113,0
DA:119,0
DA:143,0
DA:151,0
DA:161,0
DA:163,0
DA:165,0
DA:169,0
DA:172,0
DA:177,0
DA:217,0
DA:219,0
DA:229,0
DA:249,0
DA:253,0
DA:255,0
DA:261,0
DA:284,0
LF:40
LH:0
BRDA:25,0,0,0
BRDA:25,0,1,0
BRDA:36,1,0,0
BRDA:36,1,1,0
BRDA:56,2,0,0
BRDA:56,2,1,0
BRDA:89,3,0,0
BRDA:89,3,1,0
BRDA:111,4,0,0
BRDA:111,4,1,0
BRDA:161,5,0,0
BRDA:161,5,1,0
BRDA:211,6,0,0
BRDA:211,6,1,0
BRDA:217,7,0,0
BRDA:217,7,1,0
BRDA:253,8,0,0
BRDA:253,8,1,0
BRDA:265,9,0,0
BRDA:265,9,1,0
BRDA:265,9,2,0
BRF:21
BRH:0
end_of_record
TN:
SF:src/modules/accounts/account.service1.js
FN:18,(anonymous_0)
FN:49,(anonymous_1)
FN:69,(anonymous_2)
FN:80,(anonymous_3)
FN:104,(anonymous_4)
FN:137,(anonymous_5)
FN:231,(anonymous_6)
FNF:7
FNH:0
FNDA:0,(anonymous_0)
FNDA:0,(anonymous_1)
FNDA:0,(anonymous_2)
FNDA:0,(anonymous_3)
FNDA:0,(anonymous_4)
FNDA:0,(anonymous_5)
FNDA:0,(anonymous_6)
DA:1,0
DA:2,0
DA:7,0
DA:11,0
DA:21,0
DA:25,0
DA:26,0
DA:32,0
DA:36,0
DA:37,0
DA:42,0
DA:52,0
DA:56,0
DA:57,0
DA:62,0
DA:71,0
DA:85,0
DA:89,0
DA:91,0
DA:97,0
DA:107,0
DA:111,0
DA:113,0
DA:119,0
DA:143,0
DA:151,0
DA:160,0
DA:162,0
DA:167,0
DA:172,0
DA:210,0
DA:212,0
DA:222,0
DA:242,0
DA:246,0
DA:248,0
DA:254,0
DA:272,0
LF:38
LH:0
BRDA:25,0,0,0
BRDA:25,0,1,0
BRDA:36,1,0,0
BRDA:36,1,1,0
BRDA:56,2,0,0
BRDA:56,2,1,0
BRDA:89,3,0,0
BRDA:89,3,1,0
BRDA:111,4,0,0
BRDA:111,4,1,0
BRDA:160,5,0,0
BRDA:160,5,1,0
BRDA:204,6,0,0
BRDA:204,6,1,0
BRDA:210,7,0,0
BRDA:210,7,1,0
BRDA:246,8,0,0
BRDA:246,8,1,0
BRDA:258,9,0,0
BRDA:258,9,1,0
BRF:20
BRH:0
end_of_record
TN:
SF:src/modules/accounts/index.js
FNF:0
FNH:0
DA:1,0
LF:1
LH:0
BRF:0
BRH:0
end_of_record
TN:
SF:src/modules/accounts/validators/create-mapping.validator.js
FNF:0
FNH:0
DA:5,0
DA:7,0
LF:2
LH:0
BRF:0
BRH:0
end_of_record
TN:
SF:src/modules/accounts/validators/index.js
FNF:0
FNH:0
DA:1,0
LF:1
LH:0
BRF:0
BRH:0
end_of_record
TN:
SF:src/modules/accounts/validators/name-enquiry.validator.js
FNF:0
FNH:0
DA:1,0
DA:3,0
LF:2
LH:0
BRF:0
BRH:0
end_of_record
TN:
SF:src/modules/accounts/validators/sync-account.validator.js
FNF:0
FNH:0
DA:3,0
DA:5,0
LF:2
LH:0
BRF:0
BRH:0
end_of_record
TN:
SF:src/modules/accounts/validators/validate-account.validator.js
FNF:0
FNH:0
DA:5,0
DA:7,0
LF:2
LH:0
BRF:0
BRH:0
end_of_record
TN:
SF:src/modules/auth/auth.model.js
FNF:0
FNH:0
DA:1,0
DA:15,0
DA:156,0
DA:160,0
DA:164,0
DA:168,0
DA:172,0
DA:176,0
LF:8
LH:0
BRF:0
BRH:0
end_of_record
TN:
SF:src/modules/auth/auth.repository.js
FN:8,(anonymous_0)
FN:15,(anonymous_1)
FN:22,(anonymous_2)
FN:31,(anonymous_3)
FN:40,(anonymous_4)
FN:49,(anonymous_5)
FN:58,(anonymous_6)
FN:71,(anonymous_7)
FN:95,(anonymous_8)
FN:111,(anonymous_9)
FN:132,(anonymous_10)
FN:139,(anonymous_11)
FN:151,(anonymous_12)
FN:162,(anonymous_13)
FN:174,(anonymous_14)
FN:185,(anonymous_15)
FN:204,(anonymous_16)
FN:223,(anonymous_17)
FN:244,(anonymous_18)
FNF:19
FNH:0
FNDA:0,(anonymous_0)
FNDA:0,(anonymous_1)
FNDA:0,(anonymous_2)
FNDA:0,(anonymous_3)
FNDA:0,(anonymous_4)
FNDA:0,(anonymous_5)
FNDA:0,(anonymous_6)
FNDA:0,(anonymous_7)
FNDA:0,(anonymous_8)
FNDA:0,(anonymous_9)
FNDA:0,(anonymous_10)
FNDA:0,(anonymous_11)
FNDA:0,(anonymous_12)
FNDA:0,(anonymous_13)
FNDA:0,(anonymous_14)
FNDA:0,(anonymous_15)
FNDA:0,(anonymous_16)
FNDA:0,(anonymous_17)
FNDA:0,(anonymous_18)
DA:1,0
DA:9,0
DA:16,0
DA:23,0
DA:32,0
DA:41,0
DA:50,0
DA:59,0
DA:73,0
DA:97,0
DA:116,0
DA:133,0
DA:141,0
DA:153,0
DA:164,0
DA:176,0
DA:187,0
DA:206,0
DA:228,0
DA:246,0
DA:262,0
LF:21
LH:0
BRF:0
BRH:0
end_of_record
TN:
SF:src/modules/auth/jwt.service.js
FN:10,(anonymous_0)
FN:30,(anonymous_1)
FN:48,(anonymous_2)
FN:65,(anonymous_3)
FN:77,(anonymous_4)
FN:86,(anonymous_5)
FNF:6
FNH:0
FNDA:0,(anonymous_0)
FNDA:0,(anonymous_1)
FNDA:0,(anonymous_2)
FNDA:0,(anonymous_3)
FNDA:0,(anonymous_4)
FNDA:0,(anonymous_5)
DA:1,0
DA:3,0
DA:12,0
DA:32,0
DA:50,0
DA:67,0
DA:79,0
DA:88,0
DA:89,0
DA:92,0
DA:93,0
DA:96,0
DA:105,0
LF:13
LH:0
BRDA:88,0,0,0
BRDA:88,0,1,0
BRDA:92,1,0,0
BRDA:92,1,1,0
BRF:4
BRH:0
end_of_record
TN:
SF:src/modules/auth/otp.model.js
FNF:0
FNH:0
DA:1,0
DA:10,0
DA:44,0
DA:53,0
LF:4
LH:0
BRF:0
BRH:0
end_of_record
TN:
SF:src/modules/auth/otp.service.js
FN:10,(anonymous_0)
FN:34,(anonymous_1)
FN:51,(anonymous_2)
FN:71,(anonymous_3)
FN:80,(anonymous_4)
FN:89,(anonymous_5)
FNF:6
FNH:0
FNDA:0,(anonymous_0)
FNDA:0,(anonymous_1)
FNDA:0,(anonymous_2)
FNDA:0,(anonymous_3)
FNDA:0,(anonymous_4)
FNDA:0,(anonymous_5)
DA:1,0
DA:3,0
DA:13,0
DA:16,0
DA:19,0
DA:22,0
DA:27,0
DA:37,0
DA:41,0
DA:53,0
DA:73,0
DA:82,0
DA:94,0
DA:96,0
DA:103,0
DA:105,0
DA:113,0
DA:119,0
DA:128,0
DA:132,0
DA:137,0
DA:145,0
DA:149,0
DA:157,0
DA:170,0
LF:25
LH:0
BRDA:13,0,0,0
BRDA:13,0,1,0
BRDA:38,1,0,0
BRDA:38,1,1,0
BRDA:94,2,0,0
BRDA:94,2,1,0
BRDA:103,3,0,0
BRDA:103,3,1,0
BRDA:113,4,0,0
BRDA:113,4,1,0
BRDA:129,5,0,0
BRDA:129,5,1,0
BRDA:132,6,0,0
BRDA:132,6,1,0
BRDA:145,7,0,0
BRDA:145,7,1,0
BRF:16
BRH:0
end_of_record
TN:
SF:src/modules/auth/password.service.js
FN:8,(anonymous_0)
FN:15,(anonymous_1)
FN:27,(anonymous_2)
FN:42,(anonymous_3)
FNF:4
FNH:0
FNDA:0,(anonymous_0)
FNDA:0,(anonymous_1)
FNDA:0,(anonymous_2)
FNDA:0,(anonymous_3)
DA:1,0
DA:9,0
DA:17,0
DA:32,0
DA:44,0
DA:46,0
DA:47,0
DA:52,0
DA:53,0
DA:58,0
DA:59,0
DA:64,0
DA:65,0
DA:70,0
DA:71,0
DA:76,0
DA:81,0
DA:86,0
DA:96,0
LF:19
LH:0
BRDA:46,0,0,0
BRDA:46,0,1,0
BRDA:52,1,0,0
BRDA:52,1,1,0
BRDA:58,2,0,0
BRDA:58,2,1,0
BRDA:64,3,0,0
BRDA:64,3,1,0
BRDA:70,4,0,0
BRDA:70,4,1,0
BRDA:76,5,0,0
BRDA:76,5,1,0
BRF:12
BRH:0
end_of_record
TN:
SF:src/modules/auth/pending-registration.model.js
FNF:0
FNH:0
DA:1,0
DA:15,0
DA:88,0
DA:97,0
LF:4
LH:0
BRF:0
BRH:0
end_of_record
TN:
SF:src/modules/auth/refresh-token.model.js
FNF:0
FNH:0
DA:1,0
DA:10,0
DA:41,0
DA:50,0
LF:4
LH:0
BRF:0
BRH:0
end_of_record
TN:
SF:src/modules/auth/validators/change-password.validator.js
FN:24,(anonymous_0)
FNF:1
FNH:0
FNDA:0,(anonymous_0)
DA:1,0
DA:3,0
DA:26,0
DA:28,0
DA:34,0
LF:5
LH:0
BRDA:26,0,0,0
BRDA:26,0,1,0
BRF:2
BRH:0
end_of_record
TN:
SF:src/modules/auth/validators/forgot-password.validator.js
FNF:0
FNH:0
DA:1,0
DA:3,0
LF:2
LH:0
BRF:0
BRH:0
end_of_record
TN:
SF:src/modules/auth/validators/index.js
FNF:0
FNH:0
DA:1,0
LF:1
LH:0
BRF:0
BRH:0
end_of_record
TN:
SF:src/modules/auth/validators/login.validator.js
FNF:0
FNH:0
DA:1,0
DA:3,0
LF:2
LH:0
BRF:0
BRH:0
end_of_record
TN:
SF:src/modules/auth/validators/register.validator.js
FN:114,(anonymous_0)
FNF:1
FNH:0
FNDA:0,(anonymous_0)
DA:1,0
DA:3,0
DA:116,0
DA:118,0
DA:124,0
LF:5
LH:0
BRDA:116,0,0,0
BRDA:116,0,1,0
BRF:2
BRH:0
end_of_record
TN:
SF:src/modules/auth/validators/reset-password.validator.js
FN:25,(anonymous_0)
FNF:1
FNH:0
FNDA:0,(anonymous_0)
DA:1,0
DA:3,0
DA:27,0
DA:29,0
DA:35,0
LF:5
LH:0
BRDA:27,0,0,0
BRDA:27,0,1,0
BRF:2
BRH:0
end_of_record
TN:
SF:src/modules/auth/validators/verify-otp.validator.js
FNF:0
FNH:0
DA:1,0
DA:3,0
LF:2
LH:0
BRF:0
BRH:0
end_of_record
TN:
SF:src/modules/customer/customer.controller.js
FN:8,(anonymous_0)
FN:23,(anonymous_1)
FN:38,(anonymous_2)
FNF:3
FNH:0
FNDA:0,(anonymous_0)
FNDA:0,(anonymous_1)
FNDA:0,(anonymous_2)
DA:1,0
DA:3,0
DA:8,0
DA:11,0
DA:13,0
DA:23,0
DA:26,0
DA:28,0
DA:38,0
DA:45,0
DA:48,0
DA:58,0
DA:65,0
LF:13
LH:0
BRDA:51,0,0,0
BRDA:51,0,1,0
BRDA:52,1,0,0
BRDA:52,1,1,0
BRF:4
BRH:0
end_of_record
TN:
SF:src/modules/customer/customer.routes.js
FNF:0
FNH:0
DA:1,0
DA:3,0
DA:5,0
DA:7,0
DA:9,0
DA:14,0
DA:24,0
DA:34,0
DA:41,0
LF:9
LH:0
BRF:0
BRH:0
end_of_record
TN:
SF:src/modules/customer/customer.service.js
FN:8,(anonymous_0)
FN:45,(anonymous_1)
FN:63,(anonymous_2)
FN:87,(anonymous_3)
FNF:4
FNH:0
FNDA:0,(anonymous_0)
FNDA:0,(anonymous_1)
FNDA:0,(anonymous_2)
FNDA:0,(anonymous_3)
DA:1,0
DA:11,0
DA:13,0
DA:48,0
DA:50,0
DA:74,0
DA:78,0
DA:81,0
DA:84,0
DA:86,0
DA:93,0
DA:96,0
DA:100,0
DA:102,0
DA:106,0
DA:108,0
DA:112,0
DA:118,0
DA:120,0
DA:123,0
DA:128,0
DA:148,0
LF:22
LH:0
BRDA:24,0,0,0
BRDA:24,0,1,0
BRDA:30,1,0,0
BRDA:30,1,1,0
BRDA:33,2,0,0
BRDA:33,2,1,0
BRDA:50,3,0,0
BRDA:50,3,1,0
BRDA:65,4,0,0
BRDA:66,5,0,0
BRDA:67,6,0,0
BRDA:78,7,0,0
BRDA:78,7,1,0
BRDA:78,8,0,0
BRDA:78,8,1,0
BRDA:81,9,0,0
BRDA:81,9,1,0
BRDA:84,10,0,0
BRDA:84,10,1,0
BRDA:100,11,0,0
BRDA:100,11,1,0
BRDA:100,12,0,0
BRDA:100,12,1,0
BRDA:106,13,0,0
BRDA:106,13,1,0
BRDA:106,14,0,0
BRDA:106,14,1,0
BRF:27
BRH:0
end_of_record
TN:
SF:src/modules/customer/customer.validator.js
FNF:0
FNH:0
DA:4,0
DA:6,0
LF:2
LH:0
BRF:0
BRH:0
end_of_record
TN:
SF:src/modules/customer/index.js
FNF:0
FNH:0
DA:1,0
LF:1
LH:0
BRF:0
BRH:0
end_of_record
TN:
SF:src/modules/health/health.controller.js
FN:4,(anonymous_0)
FNF:1
FNH:0
FNDA:0,(anonymous_0)
DA:1,0
DA:2,0
DA:4,0
DA:5,0
DA:15,0
LF:5
LH:0
BRF:0
BRH:0
end_of_record
TN:
SF:src/modules/health/health.routes.js
FNF:0
FNH:0
DA:1,0
DA:3,0
DA:5,0
DA:7,0
DA:9,0
LF:5
LH:0
BRF:0
BRH:0
end_of_record
TN:
SF:src/modules/health/index.js
FNF:0
FNH:0
DA:1,0
DA:3,0
LF:2
LH:0
BRF:0
BRH:0
end_of_record
TN:
SF:src/responses/api.response.js
FN:7,(anonymous_0)
FN:27,(anonymous_1)
FN:43,(anonymous_2)
FNF:3
FNH:0
FNDA:0,(anonymous_0)
FNDA:0,(anonymous_1)
FNDA:0,(anonymous_2)
DA:7,0
DA:16,0
DA:27,0
DA:35,0
DA:43,0
DA:44,0
DA:47,0
LF:7
LH:0
BRDA:9,0,0,0
BRDA:10,1,0,0
BRDA:11,2,0,0
BRDA:12,3,0,0
BRDA:13,4,0,0
BRDA:29,5,0,0
BRDA:30,6,0,0
BRDA:31,7,0,0
BRDA:32,8,0,0
BRF:9
BRH:0
end_of_record
TN:
SF:src/validators/common.validators.js
FN:7,(anonymous_0)
FN:17,(anonymous_1)
FN:26,(anonymous_2)
FN:34,(anonymous_3)
FNF:4
FNH:0
FNDA:0,(anonymous_0)
FNDA:0,(anonymous_1)
FNDA:0,(anonymous_2)
FNDA:0,(anonymous_3)
DA:1,0
DA:7,0
DA:8,0
DA:17,0
DA:18,0
DA:26,0
DA:27,0
DA:34,0
DA:35,0
DA:40,0
LF:10
LH:0
BRDA:7,0,0,0
BRDA:17,1,0,0
BRDA:26,2,0,0
BRF:3
BRH:0
end_of_record
TN:
SF:src/validators/index.js
FNF:0
FNH:0
DA:1,0
LF:1
LH:0
BRF:0
BRH:0
end_of_record
